[ TASK NAME ] [ TIME ] [ READ/WRITE ] [ DATA LENGTH ] [ RAW DATA ]
LK            50      WRITE          5               0x32 0x0 0x0 0x0 0x0
LK            0      READ           7               0x0 0x0 0x0 0x0 0x0 0x0 0x0
LK            550      WRITE          5               0x226 0x0 0x0 0x0 0x0
LK            500      READ           7               0x1f4 0x0 0x0 0x0 0x0 0x0 0x0
LK            1050      WRITE          5               0x41a 0x0 0x0 0x0 0x0
LK            1000      READ           7               0x3e8 0x0 0x0 0x0 0x0 0x0 0x0
LK            1550      WRITE          5               0x60e 0x0 0x0 0x0 0x0
LK            1500      READ           7               0x5dc 0x0 0x0 0x0 0x0 0x0 0x0
LK            2050      WRITE          5               0x802 0x0 0x0 0x0 0x0
LK            2000      READ           7               0x7d0 0x0 0x0 0x0 0x0 0x0 0x0
LK            2550      WRITE          5               0x9f6 0x0 0x0 0x0 0x0
LK            2500      READ           7               0x9c4 0x0 0x0 0x0 0x0 0x0 0x0
LK            3050      WRITE          5               0xbea 0x0 0x0 0x0 0x0
LK            3000      READ           7               0xbb8 0x0 0x0 0x0 0x0 0x0 0x0
LK            3550      WRITE          5               0xdde 0x0 0x0 0x0 0x0
LK            3500      READ           7               0xdac 0x0 0x0 0x0 0x0 0x0 0x0
LK            4050      WRITE          5               0xfd2 0x0 0x0 0x0 0x0
LK            4000      READ           7               0xfa0 0x0 0x0 0x0 0x0 0x0 0x0
LK            4550      WRITE          5               0x11c6 0x0 0x0 0x0 0x0
LK            4500      READ           7               0x1194 0x0 0x0 0x0 0x0 0x0 0x0
LK            5050      WRITE          5               0x13ba 0x0 0x0 0x0 0x0
LK            5000      READ           7               0x1388 0x0 0x0 0x0 0x0 0x0 0x0
LK            5550      WRITE          5               0x15ae 0x0 0x0 0x0 0x0
LK            5500      READ           7               0x157c 0x0 0x0 0x0 0x0 0x0 0x0
LK            6050      WRITE          5               0x17a2 0x0 0x0 0x0 0x0
LK            6000      READ           7               0x1770 0x0 0x0 0x0 0x0 0x0 0x0
LK            6550      WRITE          5               0x1996 0x0 0x0 0x0 0x0
LK            6500      READ           7               0x1964 0x0 0x0 0x0 0x0 0x0 0x0
LK            7050      WRITE          5               0x1b8a 0x0 0x0 0x0 0x0
LK            7000      READ           7               0x1b58 0x0 0x0 0x0 0x0 0x0 0x0
LK            7550      WRITE          5               0x1d7e 0x0 0x0 0x0 0x0
LK            7500      READ           7               0x1d4c 0x0 0x0 0x0 0x0 0x0 0x0
LK            8050      WRITE          5               0x1f72 0x0 0x0 0x0 0x0
LK            8000      READ           7               0x1f40 0x0 0x0 0x0 0x0 0x0 0x0
LK            8550      WRITE          5               0x2166 0x0 0x0 0x0 0x0
LK            8500      READ           7               0x2134 0x0 0x0 0x0 0x0 0x0 0x0
LK            9050      WRITE          5               0x235a 0x0 0x0 0x0 0x0
LK            9000      READ           7               0x2328 0x0 0x0 0x0 0x0 0x0 0x0
LK            9550      WRITE          5               0x254e 0x0 0x0 0x0 0x0
LK            9500      READ           7               0x251c 0x0 0x0 0x0 0x0 0x0 0x0
LK            10050      WRITE          5               0x2742 0x0 0x0 0x0 0x0
LK            10000      READ           7               0x2710 0x0 0x0 0x0 0x0 0x0 0x0
LK            10550      WRITE          5               0x2936 0x0 0x0 0x0 0x0
