[TIME] [JOB ID] [EVENT TYPE]
0        0        RELEASED
0        2        RELEASED
0        3        RELEASED
0        4        RELEASED
0        5        RELEASED
0        0        STARTED
0        1        RELEASED
100        0        FINISHED
100        1        STARTED
150        2        STARTED
150        1        FINISHED
250        2        FINISHED
250        3        STARTED
350        3        FINISHED
350        4        STARTED
450        4        FINISHED
450        5        STARTED
500        5        FINISHED (DEADLINE MISSED)
500        0        RELEASED
500        2        RELEASED
500        3        RELEASED
500        4        RELEASED
500        5        RELEASED
500        0        STARTED
500        1        RELEASED
550        5        FINISHED
600        0        FINISHED
600        1        STARTED
650        2        STARTED
650        1        FINISHED
750        2        FINISHED
750        3        STARTED
850        3        FINISHED
850        4        STARTED
950        4        FINISHED
950        5        STARTED
1000        5        FINISHED (DEADLINE MISSED)
1000        0        RELEASED
1000        2        RELEASED
1000        3        RELEASED
1000        4        RELEASED
1000        5        RELEASED
1000        0        STARTED
1000        1        RELEASED
1050        5        FINISHED
1100        0        FINISHED
1100        1        STARTED
1150        2        STARTED
1150        1        FINISHED
1250        2        FINISHED
1250        3        STARTED
1350        3        FINISHED
1350        4        STARTED
1450        4        FINISHED
1450        5        STARTED
1500        5        FINISHED (DEADLINE MISSED)
1500        0        RELEASED
1500        2        RELEASED
1500        3        RELEASED
1500        4        RELEASED
1500        5        RELEASED
1500        0        STARTED
1500        1        RELEASED
1550        5        FINISHED
1600        0        FINISHED
1600        1        STARTED
1650        2        STARTED
1650        1        FINISHED
1750        2        FINISHED
1750        3        STARTED
1850        3        FINISHED
1850        4        STARTED
1950        4        FINISHED
1950        5        STARTED
2000        5        FINISHED (DEADLINE MISSED)
2000        0        RELEASED
2000        2        RELEASED
2000        3        RELEASED
2000        4        RELEASED
2000        5        RELEASED
2000        0        STARTED
2000        1        RELEASED
2050        5        FINISHED
2100        0        FINISHED
2100        1        STARTED
2150        2        STARTED
2150        1        FINISHED
2250        2        FINISHED
2250        3        STARTED
2350        3        FINISHED
2350        4        STARTED
2450        4        FINISHED
2450        5        STARTED
2500        5        FINISHED (DEADLINE MISSED)
2500        0        RELEASED
2500        2        RELEASED
2500        3        RELEASED
2500        4        RELEASED
2500        5        RELEASED
2500        0        STARTED
2500        1        RELEASED
2550        5        FINISHED
2600        0        FINISHED
2600        1        STARTED
2650        2        STARTED
2650        1        FINISHED
2750        2        FINISHED
2750        3        STARTED
2850        3        FINISHED
2850        4        STARTED
2950        4        FINISHED
2950        5        STARTED
3000        5        FINISHED (DEADLINE MISSED)
3000        0        RELEASED
3000        2        RELEASED
3000        3        RELEASED
3000        4        RELEASED
3000        5        RELEASED
3000        0        STARTED
3000        1        RELEASED
3050        5        FINISHED
3100        0        FINISHED
3100        1        STARTED
3150        2        STARTED
3150        1        FINISHED
3250        2        FINISHED
3250        3        STARTED
3350        3        FINISHED
3350        4        STARTED
3450        4        FINISHED
3450        5        STARTED
3500        5        FINISHED (DEADLINE MISSED)
3500        0        RELEASED
3500        2        RELEASED
3500        3        RELEASED
3500        4        RELEASED
3500        5        RELEASED
3500        0        STARTED
3500        1        RELEASED
3550        5        FINISHED
3600        0        FINISHED
3600        1        STARTED
3650        2        STARTED
3650        1        FINISHED
3750        2        FINISHED
3750        3        STARTED
3850        3        FINISHED
3850        4        STARTED
3950        4        FINISHED
3950        5        STARTED
4000        5        FINISHED (DEADLINE MISSED)
4000        0        RELEASED
4000        2        RELEASED
4000        3        RELEASED
4000        4        RELEASED
4000        5        RELEASED
4000        0        STARTED
4000        1        RELEASED
4050        5        FINISHED
4100        0        FINISHED
4100        1        STARTED
4150        2        STARTED
4150        1        FINISHED
4250        2        FINISHED
4250        3        STARTED
4350        3        FINISHED
4350        4        STARTED
4450        4        FINISHED
4450        5        STARTED
4500        5        FINISHED (DEADLINE MISSED)
4500        0        RELEASED
4500        2        RELEASED
4500        3        RELEASED
4500        4        RELEASED
4500        5        RELEASED
4500        0        STARTED
4500        1        RELEASED
4550        5        FINISHED
4600        0        FINISHED
4600        1        STARTED
4650        2        STARTED
4650        1        FINISHED
4750        2        FINISHED
4750        3        STARTED
4850        3        FINISHED
4850        4        STARTED
4950        4        FINISHED
4950        5        STARTED
5000        5        FINISHED (DEADLINE MISSED)
5000        0        RELEASED
5000        2        RELEASED
5000        3        RELEASED
5000        4        RELEASED
5000        5        RELEASED
5000        0        STARTED
5000        1        RELEASED
5050        5        FINISHED
5100        0        FINISHED
5100        1        STARTED
5150        2        STARTED
5150        1        FINISHED
5250        2        FINISHED
5250        3        STARTED
5350        3        FINISHED
5350        4        STARTED
5450        4        FINISHED
5450        5        STARTED
5500        5        FINISHED (DEADLINE MISSED)
5500        0        RELEASED
5500        2        RELEASED
5500        3        RELEASED
5500        4        RELEASED
5500        5        RELEASED
5500        0        STARTED
5500        1        RELEASED
5550        5        FINISHED
5600        0        FINISHED
5600        1        STARTED
5650        2        STARTED
5650        1        FINISHED
5750        2        FINISHED
5750        3        STARTED
5850        3        FINISHED
5850        4        STARTED
5950        4        FINISHED
5950        5        STARTED
6000        5        FINISHED (DEADLINE MISSED)
6000        0        RELEASED
6000        2        RELEASED
6000        3        RELEASED
6000        4        RELEASED
6000        5        RELEASED
6000        0        STARTED
6000        1        RELEASED
6050        5        FINISHED
6100        0        FINISHED
6100        1        STARTED
6150        2        STARTED
6150        1        FINISHED
6250        2        FINISHED
6250        3        STARTED
6350        3        FINISHED
6350        4        STARTED
6450        4        FINISHED
6450        5        STARTED
6500        5        FINISHED (DEADLINE MISSED)
6500        0        RELEASED
6500        2        RELEASED
6500        3        RELEASED
6500        4        RELEASED
6500        5        RELEASED
6500        0        STARTED
6500        1        RELEASED
6550        5        FINISHED
6600        0        FINISHED
6600        1        STARTED
6650        2        STARTED
6650        1        FINISHED
6750        2        FINISHED
6750        3        STARTED
6850        3        FINISHED
6850        4        STARTED
6950        4        FINISHED
6950        5        STARTED
7000        5        FINISHED (DEADLINE MISSED)
7000        0        RELEASED
7000        2        RELEASED
7000        3        RELEASED
7000        4        RELEASED
7000        5        RELEASED
7000        0        STARTED
7000        1        RELEASED
7050        5        FINISHED
7100        0        FINISHED
7100        1        STARTED
7150        2        STARTED
7150        1        FINISHED
7250        2        FINISHED
7250        3        STARTED
7350        3        FINISHED
7350        4        STARTED
7450        4        FINISHED
7450        5        STARTED
7500        5        FINISHED (DEADLINE MISSED)
7500        0        RELEASED
7500        2        RELEASED
7500        3        RELEASED
7500        4        RELEASED
7500        5        RELEASED
7500        0        STARTED
7500        1        RELEASED
7550        5        FINISHED
7600        0        FINISHED
7600        1        STARTED
7650        2        STARTED
7650        1        FINISHED
7750        2        FINISHED
7750        3        STARTED
7850        3        FINISHED
7850        4        STARTED
7950        4        FINISHED
7950        5        STARTED
8000        5        FINISHED (DEADLINE MISSED)
8000        0        RELEASED
8000        2        RELEASED
8000        3        RELEASED
8000        4        RELEASED
8000        5        RELEASED
8000        0        STARTED
8000        1        RELEASED
8050        5        FINISHED
8100        0        FINISHED
8100        1        STARTED
8150        2        STARTED
8150        1        FINISHED
8250        2        FINISHED
8250        3        STARTED
8350        3        FINISHED
8350        4        STARTED
8450        4        FINISHED
8450        5        STARTED
8500        5        FINISHED (DEADLINE MISSED)
8500        0        RELEASED
8500        2        RELEASED
8500        3        RELEASED
8500        4        RELEASED
8500        5        RELEASED
8500        0        STARTED
8500        1        RELEASED
8550        5        FINISHED
8600        0        FINISHED
8600        1        STARTED
8650        2        STARTED
8650        1        FINISHED
8750        2        FINISHED
8750        3        STARTED
8850        3        FINISHED
8850        4        STARTED
8950        4        FINISHED
8950        5        STARTED
9000        5        FINISHED (DEADLINE MISSED)
9000        0        RELEASED
9000        2        RELEASED
9000        3        RELEASED
9000        4        RELEASED
9000        5        RELEASED
9000        0        STARTED
9000        1        RELEASED
9050        5        FINISHED
9100        0        FINISHED
9100        1        STARTED
9150        2        STARTED
9150        1        FINISHED
9250        2        FINISHED
9250        3        STARTED
9350        3        FINISHED
9350        4        STARTED
9450        4        FINISHED
9450        5        STARTED
9500        5        FINISHED (DEADLINE MISSED)
9500        0        RELEASED
9500        2        RELEASED
9500        3        RELEASED
9500        4        RELEASED
9500        5        RELEASED
9500        0        STARTED
9500        1        RELEASED
9550        5        FINISHED
9600        0        FINISHED
9600        1        STARTED
9650        2        STARTED
9650        1        FINISHED
9750        2        FINISHED
9750        3        STARTED
9850        3        FINISHED
9850        4        STARTED
9950        4        FINISHED
9950        5        STARTED
10000        5        FINISHED (DEADLINE MISSED)
10000        0        RELEASED
10000        2        RELEASED
10000        3        RELEASED
10000        4        RELEASED
10000        5        RELEASED
10000        0        STARTED
10000        1        RELEASED
10050        5        FINISHED
10100        0        FINISHED
10100        1        STARTED
10150        2        STARTED
10150        1        FINISHED
10250        2        FINISHED
10250        3        STARTED
10350        3        FINISHED
10350        4        STARTED
10450        4        FINISHED
10450        5        STARTED
10500        5        FINISHED (DEADLINE MISSED)
10500        0        RELEASED
10500        2        RELEASED
10500        3        RELEASED
10500        4        RELEASED
10500        5        RELEASED
10500        0        STARTED
10500        1        RELEASED
10550        5        FINISHED
10600        0        FINISHED
10600        1        STARTED
10650        2        STARTED
10650        1        FINISHED
10750        2        FINISHED
10750        3        STARTED
10850        3        FINISHED
10850        4        STARTED
10950        4        FINISHED
10950        5        STARTED
11000        5        FINISHED (DEADLINE MISSED)
11000        0        RELEASED
11000        2        RELEASED
11000        3        RELEASED
11000        4        RELEASED
11000        5        RELEASED
11000        0        STARTED
11000        1        RELEASED
11050        5        FINISHED
11100        0        FINISHED
11100        1        STARTED
11150        2        STARTED
11150        1        FINISHED
11250        2        FINISHED
11250        3        STARTED
11350        3        FINISHED
11350        4        STARTED
11450        4        FINISHED
11450        5        STARTED
11500        5        FINISHED (DEADLINE MISSED)
11500        0        RELEASED
11500        2        RELEASED
11500        3        RELEASED
11500        4        RELEASED
11500        5        RELEASED
11500        0        STARTED
11500        1        RELEASED
11550        5        FINISHED
11600        0        FINISHED
11600        1        STARTED
11650        2        STARTED
11650        1        FINISHED
11750        2        FINISHED
11750        3        STARTED
11850        3        FINISHED
11850        4        STARTED
11950        4        FINISHED
11950        5        STARTED
12000        5        FINISHED (DEADLINE MISSED)
12000        0        RELEASED
12000        2        RELEASED
12000        3        RELEASED
12000        4        RELEASED
12000        5        RELEASED
12000        0        STARTED
12000        1        RELEASED
12050        5        FINISHED
12100        0        FINISHED
12100        1        STARTED
12150        2        STARTED
12150        1        FINISHED
12250        2        FINISHED
12250        3        STARTED
12350        3        FINISHED
12350        4        STARTED
12450        4        FINISHED
12450        5        STARTED
12500        5        FINISHED (DEADLINE MISSED)
12500        0        RELEASED
12500        2        RELEASED
12500        3        RELEASED
12500        4        RELEASED
12500        5        RELEASED
12500        0        STARTED
12500        1        RELEASED
12550        5        FINISHED
12600        0        FINISHED
12600        1        STARTED
12650        2        STARTED
12650        1        FINISHED
12750        2        FINISHED
12750        3        STARTED
12850        3        FINISHED
12850        4        STARTED
12950        4        FINISHED
12950        5        STARTED
13000        5        FINISHED (DEADLINE MISSED)
13000        0        RELEASED
13000        2        RELEASED
13000        3        RELEASED
13000        4        RELEASED
13000        5        RELEASED
13000        0        STARTED
13000        1        RELEASED
13050        5        FINISHED
13100        0        FINISHED
13100        1        STARTED
13150        2        STARTED
13150        1        FINISHED
13250        2        FINISHED
13250        3        STARTED
13350        3        FINISHED
13350        4        STARTED
13450        4        FINISHED
13450        5        STARTED
13500        5        FINISHED (DEADLINE MISSED)
13500        0        RELEASED
13500        2        RELEASED
13500        3        RELEASED
13500        4        RELEASED
13500        5        RELEASED
13500        0        STARTED
13500        1        RELEASED
13550        5        FINISHED
13600        0        FINISHED
13600        1        STARTED
13650        2        STARTED
13650        1        FINISHED
13750        2        FINISHED
13750        3        STARTED
13850        3        FINISHED
13850        4        STARTED
13950        4        FINISHED
13950        5        STARTED
14000        5        FINISHED (DEADLINE MISSED)
14000        0        RELEASED
14000        2        RELEASED
14000        3        RELEASED
14000        4        RELEASED
14000        5        RELEASED
14000        0        STARTED
14000        1        RELEASED
14050        5        FINISHED
14100        0        FINISHED
14100        1        STARTED
14150        2        STARTED
14150        1        FINISHED
14250        2        FINISHED
14250        3        STARTED
14350        3        FINISHED
