[TASK NAME][TIME][READ/WRITE][DATA LENGTH][RAW DATA]
LK         0     WRITE       0            0x00 0x00 0x00 0x00 0x1e0eb990 0x1e0ec580
LK         0     READ        0            0x00 0x00 0x00 0x00 0x00 0x00
LK         0     WRITE       0            0x00 0x00 0x00 0x00 0x00 0x1e0ee160
LK         0     READ        0            0x00 0x00 0x00 0x00 0x00 0x00
LK         0     WRITE       0            0x00 0x00 0x00 0x00 0x00 0x1e0ec030
LK         0     READ        0            0x00 0x00 0x00 0x00 0x00 0x00
LK         0     WRITE       0            0x00 0x00 0x00 0x00 0x00 0x1e0ee710
LK         0     READ        0            0x00 0x00 0x00 0x00 0x00 0x00
LK         0     WRITE       0            0x00 0x00 0x00 0x00 0x00 0x1e0ee9b0
LK         1     READ        0            0x00 0x00 0x00 0x00 0x00 0x00
LK         1     WRITE       0            0x00 0x00 0x00 0x00 0x00 0x1e0f8ef0
LK         1     READ        0            0x00 0x00 0x00 0x00 0x00 0x00
LK         1     WRITE       0            0x00 0x00 0x00 0x00 0x00 0x1e0f9190
LK         1     READ        0            0x00 0x00 0x00 0x00 0x00 0x00
LK         1     WRITE       0            0x00 0x00 0x00 0x00 0x00 0x1e0f9460
LK         1     READ        0            0x00 0x00 0x00 0x00 0x00 0x00
LK         1     WRITE       0            0x00 0x00 0x00 0x00 0x00 0x1e0f9700
LK         1     READ        0            0x00 0x00 0x00 0x00 0x00 0x00
LK         1     WRITE       0            0x00 0x00 0x00 0x00 0x00 0x1e0f99a0
LK         3     READ        0            0x00 0x00 0x00 0x00 0x00 0x00
LK         3     WRITE       0            0x00 0x00 0x00 0x00 0x00 0x1e0fee60
LK         3     READ        0            0x00 0x00 0x00 0x00 0x00 0x00
LK         3     WRITE       0            0x00 0x00 0x00 0x00 0x00 0x1e0ff100
LK         3     READ        0            0x00 0x00 0x00 0x00 0x00 0x00
LK         3     WRITE       0            0x00 0x00 0x00 0x00 0x00 0x1e0ff3d0
LK         3     READ        0            0x00 0x00 0x00 0x00 0x00 0x00
LK         3     WRITE       0            0x00 0x00 0x00 0x00 0x00 0x1e0ff670
LK         3     READ        0            0x00 0x00 0x00 0x00 0x00 0x00
LK         3     WRITE       0            0x00 0x00 0x00 0x00 0x00 0x1e0ff910
LK         4     READ        0            0x00 0x00 0x00 0x00 0x00 0x00
LK         4     WRITE       0            0x00 0x00 0x00 0x00 0x00 0x1e107350
LK         4     READ        0            0x00 0x00 0x00 0x00 0x00 0x00
LK         4     WRITE       0            0x00 0x00 0x00 0x00 0x00 0x1e1075f0
LK         4     READ        0            0x00 0x00 0x00 0x00 0x00 0x00
LK         4     WRITE       0            0x00 0x00 0x00 0x00 0x00 0x1e1078c0
LK         4     READ        0            0x00 0x00 0x00 0x00 0x00 0x00
LK         4     WRITE       0            0x00 0x00 0x00 0x00 0x00 0x1e107b60
LK         4     READ        0            0x00 0x00 0x00 0x00 0x00 0x00
LK         4     WRITE       0            0x00 0x00 0x00 0x00 0x00 0x1e107e00
LK         6     READ        0            0x00 0x00 0x00 0x00 0x00 0x00
LK         6     WRITE       0            0x00 0x00 0x00 0x00 0x00 0x1e10cf30
LK         6     READ        0            0x00 0x00 0x00 0x00 0x00 0x00
LK         6     WRITE       0            0x00 0x00 0x00 0x00 0x00 0x1e10d1d0
LK         6     READ        0            0x00 0x00 0x00 0x00 0x00 0x00
LK         6     WRITE       0            0x00 0x00 0x00 0x00 0x00 0x1e10d4a0
LK         6     READ        0            0x00 0x00 0x00 0x00 0x00 0x00
LK         6     WRITE       0            0x00 0x00 0x00 0x00 0x00 0x1e10d740
LK         6     READ        0            0x00 0x00 0x00 0x00 0x00 0x00
LK         6     WRITE       0            0x00 0x00 0x00 0x00 0x00 0x1e10d9e0
LK         7     READ        0            0x00 0x00 0x00 0x00 0x00 0x00
LK         7     WRITE       0            0x00 0x00 0x00 0x00 0x00 0x1e104df0
LK         7     READ        0            0x00 0x00 0x00 0x00 0x00 0x00
LK         7     WRITE       0            0x00 0x00 0x00 0x00 0x00 0x1e105090
LK         7     READ        0            0x00 0x00 0x00 0x00 0x00 0x00
LK         7     WRITE       0            0x00 0x00 0x00 0x00 0x00 0x1e105360
LK         7     READ        0            0x00 0x00 0x00 0x00 0x00 0x00
LK         7     WRITE       0            0x00 0x00 0x00 0x00 0x00 0x1e105600
LK         7     READ        0            0x00 0x00 0x00 0x00 0x00 0x00
LK         7     WRITE       0            0x00 0x00 0x00 0x00 0x00 0x1e1058a0
LK         9     READ        0            0x00 0x00 0x00 0x00 0x00 0x00
LK         9     WRITE       0            0x00 0x00 0x00 0x00 0x00 0x1e11f590
LK         9     READ        0            0x00 0x00 0x00 0x00 0x00 0x00
LK         9     WRITE       0            0x00 0x00 0x00 0x00 0x00 0x1e11f830
LK         9     READ        0            0x00 0x00 0x00 0x00 0x00 0x00
LK         9     WRITE       0            0x00 0x00 0x00 0x00 0x00 0x1e11fb00
LK         9     READ        0            0x00 0x00 0x00 0x00 0x00 0x00
LK         9     WRITE       0            0x00 0x00 0x00 0x00 0x00 0x1e11fda0
LK         9     READ        0            0x00 0x00 0x00 0x00 0x00 0x00
LK         9     WRITE       0            0x00 0x00 0x00 0x00 0x00 0x1e120040
LK         10    READ        0            0x00 0x00 0x00 0x00 0x00 0x00
LK         10    WRITE       0            0x00 0x00 0x00 0x00 0x00 0x1e128350
LK         10    READ        0            0x00 0x00 0x00 0x00 0x00 0x00
LK         10    WRITE       0            0x00 0x00 0x00 0x00 0x00 0x1e1285f0
LK         10    READ        0            0x00 0x00 0x00 0x00 0x00 0x00
LK         10    WRITE       0            0x00 0x00 0x00 0x00 0x00 0x1e1288c0
LK         10    READ        0            0x00 0x00 0x00 0x00 0x00 0x00
LK         10    WRITE       0            0x00 0x00 0x00 0x00 0x00 0x1e128b60
LK         10    READ        0            0x00 0x00 0x00 0x00 0x00 0x00
LK         10    WRITE       0            0x00 0x00 0x00 0x00 0x00 0x1e128e00
LK         12    READ        0            0x00 0x00 0x00 0x00 0x00 0x00
LK         12    WRITE       0            0x00 0x00 0x00 0x00 0x00 0x1e1319c0
LK         12    READ        0            0x00 0x00 0x00 0x00 0x00 0x00
LK         12    WRITE       0            0x00 0x00 0x00 0x00 0x00 0x1e131c60
LK         12    READ        0            0x00 0x00 0x00 0x00 0x00 0x00
LK         12    WRITE       0            0x00 0x00 0x00 0x00 0x00 0x1e131f30
LK         12    READ        0            0x00 0x00 0x00 0x00 0x00 0x00
LK         12    WRITE       0            0x00 0x00 0x00 0x00 0x00 0x1e1321d0
LK         12    READ        0            0x00 0x00 0x00 0x00 0x00 0x00
LK         12    WRITE       0            0x00 0x00 0x00 0x00 0x00 0x1e132470
LK         13    READ        0            0x00 0x00 0x00 0x00 0x00 0x00
LK         13    WRITE       0            0x00 0x00 0x00 0x00 0x00 0x1e114200
LK         13    READ        0            0x00 0x00 0x00 0x00 0x00 0x00
LK         13    WRITE       0            0x00 0x00 0x00 0x00 0x00 0x1e1144a0
LK         13    READ        0            0x00 0x00 0x00 0x00 0x00 0x00
LK         13    WRITE       0            0x00 0x00 0x00 0x00 0x00 0x1e114770
LK         13    READ        24           0xfffe5cec 0x4c4b400 0x2710 0xfffffffd 0x2710 0x33da
LK         13    WRITE       4            0x00 0x00 0x00 0x7d0 0x2710 0x1e114a10
LK         13    READ        24           0xfffe5cec 0x4c4b400 0x2710 0xfffffffd 0x2710 0x33da
LK         13    WRITE       8            0xb71b0 0x00 0x00 0x7d0 0x2710 0x1e114cb0
LK         15    READ        24           0xfffe5cec 0x4c4b400 0x2710 0xfffffffd 0x2710 0x33da
LK         15    WRITE       8            0xb71b0 0x00 0x00 0x7d0 0x2710 0x1e14cc00
LK         15    READ        24           0xfffe5cec 0x4c4b400 0x2710 0xfffffffd 0x2710 0x33da
LK         15    WRITE       8            0xb71b0 0x00 0x00 0x7d0 0x2710 0x1e14cea0
LK         15    READ        24           0x33134 0x4c4b400 0x2710 0xe60f 0x2710 0x335c
LK         15    WRITE       8            0xb71b0 0x00 0x00 0x7d0 0x2710 0x1e14d170
LK         15    READ        24           0x33134 0x4c4b400 0x2710 0x24de6 0x2710 0x3006
LK         15    WRITE       8            0xb71b0 0x00 0x00 0x7d0 0x2710 0x1e14d410
LK         15    READ        24           0x33134 0x4c4b400 0x2710 0x382f2 0x2710 0x2a5b
LK         15    WRITE       8            0xb71b0 0x00 0x00 0x7d0 0x2710 0x1e14d6b0
LK         16    READ        24           0x33134 0x4c4b400 0x2710 0x4ef42 0x2710 0x1f7a
LK         16    WRITE       8            0xb71b0 0x00 0x00 0x7d0 0x2710 0x1e158620
LK         16    READ        24           0x33134 0x4c4b400 0x2710 0x6a05b 0x2710 0xdf6
LK         16    WRITE       8            0xb71b0 0x00 0x00 0x595 0x2710 0x1e1588c0
LK         16    READ        24           0x33134 0x4c4b400 0x2710 0x84919 0x2710 0xfffff862
LK         16    WRITE       8            0xb71b0 0x00 0x00 0x00 0x2710 0x1e158b90
LK         16    READ        24           0x33134 0x4c4b400 0x2710 0x9f30b 0x2710 0xffffe5de
LK         16    WRITE       8            0xb71b0 0x00 0x00 0x00 0x2710 0x1e158e30
LK         16    READ        24           0x33134 0x4c4b400 0x2710 0xb7d9c 0x2710 0xffffe47d
LK         16    WRITE       8            0xb71b0 0x00 0x00 0x00 0x2710 0x1e1590d0
LK         18    READ        24           0x33134 0x4c4b400 0x2710 0xccbe5 0x2710 0xffffef9b
LK         18    WRITE       8            0xb71b0 0x00 0x00 0x00 0x2710 0x1e164ad0
LK         18    READ        24           0x33134 0x4c4b400 0x2710 0xca84c 0x2710 0xfffff9dd
LK         18    WRITE       4            0x00 0x00 0x00 0x00 0x2710 0x1e164d70
LK         18    READ        24           0x33134 0x4c4b400 0x2710 0xc1ddf 0x2710 0x133
LK         18    WRITE       4            0x00 0x00 0x00 0x7a 0x2710 0x1e165040
LK         18    READ        24           0x33134 0x4c4b400 0x2710 0xb98cf 0x2710 0x5c9
LK         18    WRITE       4            0x00 0x00 0x00 0x250 0x2710 0x1e1652e0
LK         18    READ        24           0x33134 0x4c4b400 0x2710 0xb199a 0x2710 0x40c
LK         18    WRITE       4            0x00 0x00 0x00 0x19e 0x2710 0x1e165580
LK         19    READ        24           0x33134 0x4c4b400 0x2710 0xaaa6f 0x2710 0x5f
LK         19    WRITE       4            0x00 0x00 0x00 0x26 0x2710 0x1e171bf0
LK         19    READ        24           0x33134 0x4c4b400 0x2710 0xb9728 0x2710 0xfffffe80
LK         19    WRITE       8            0xb71b0 0x00 0x00 0x00 0x2710 0x1e171e90
LK         19    READ        24           0x33134 0x4c4b400 0x2710 0xca7fa 0x2710 0xfffffd2b
LK         19    WRITE       4            0x00 0x00 0x00 0x00 0x2710 0x1e172160
LK         19    READ        24           0x33134 0x4c4b400 0x2710 0xc276f 0x2710 0xfffffbed
LK         19    WRITE       4            0x00 0x00 0x00 0x00 0x2710 0x1e172400
LK         19    READ        24           0x33134 0x4c4b400 0x2710 0xba202 0x2710 0xfffffbc6
LK         19    WRITE       4            0x00 0x00 0x00 0x00 0x2710 0x1e1726a0
LK         21    READ        24           0x33134 0x4c4b400 0x2710 0xb2335 0x2710 0xfffffc88
LK         21    WRITE       4            0x00 0x00 0x00 0x00 0x2710 0x1e17f660
LK         21    READ        24           0x33134 0x4c4b400 0x2710 0xbffc7 0x2710 0xfffffcd6
LK         21    WRITE       8            0xb71b0 0x00 0x00 0x00 0x2710 0x1e17f900
LK         21    READ        24           0x33134 0x4c4b400 0x2710 0xcee7a 0x2710 0xfffffcf3
LK         21    WRITE       4            0x00 0x00 0x00 0x00 0x2710 0x1e17fbd0
LK         21    READ        24           0x33134 0x4c4b400 0x2710 0xc61b7 0x2710 0xfffffd13
LK         21    WRITE       4            0x00 0x00 0x00 0x00 0x2710 0x1e17fe70
LK         21    READ        24           0x33134 0x4c4b400 0x2710 0xbe396 0x2710 0xfffffd2f
LK         21    WRITE       4            0x00 0x00 0x00 0x00 0x2710 0x1e180110
LK         22    READ        24           0x33134 0x4c4b400 0x2710 0xb6149 0x2710 0xfffffd4c
LK         22    WRITE       4            0x00 0x00 0x00 0x00 0x2710 0x1e18de00
LK         22    READ        24           0x33134 0x4c4b400 0x2710 0xc4151 0x2710 0xfffffd68
LK         22    WRITE       8            0xb71b0 0x00 0x00 0x00 0x2710 0x1e18e0a0
LK         22    READ        24           0x33134 0x4c4b400 0x2710 0xd4128 0x2710 0xfffffd88
LK         22    WRITE       4            0x00 0x00 0x00 0x00 0x2710 0x1e18e370
LK         22    READ        24           0x33134 0x4c4b400 0x2710 0xcb7f7 0x2710 0xfffffda7
LK         22    WRITE       4            0x00 0x00 0x00 0x00 0x2710 0x1e18e610
LK         22    READ        24           0x33134 0x4c4b400 0x2710 0xc30b0 0x2710 0xfffffdc5
LK         22    WRITE       4            0x00 0x00 0x00 0x00 0x2710 0x1e18e8b0
LK         24    READ        24           0x33134 0x4c4b400 0x2710 0xba5d1 0x2710 0xfffffde4
LK         24    WRITE       4            0x00 0x00 0x00 0x00 0x2710 0x1e19d000
LK         24    READ        24           0x33134 0x4c4b400 0x2710 0xb3213 0x2710 0xfffffdfe
LK         24    WRITE       4            0x00 0x00 0x00 0x00 0x2710 0x1e19d2a0
LK         24    READ        24           0x33134 0x4c4b400 0x2710 0xae812 0x2710 0xfffffe1a
LK         24    WRITE       8            0xb71b0 0x00 0x00 0x00 0x2710 0x1e19d570
LK         24    READ        24           0x33134 0x4c4b400 0x2710 0xc7d68 0x2710 0xfffffe38
LK         24    WRITE       8            0xb71b0 0x00 0x00 0x00 0x2710 0x1e19d810
LK          0      WRITE      0           0x00 0x00 0x00 0x00 0x3b0b2990 0x3b0b3580
LK          0      READ       0           0x00 0x00 0x00 0x00 0x00 0x00
LK          0      WRITE      0           0x00 0x00 0x00 0x00 0x00 0x3b0b5160
LK          0      READ       0           0x00 0x00 0x00 0x00 0x00 0x00
LK          0      WRITE      0           0x00 0x00 0x00 0x00 0x00 0x3b0b3030
LK          0      READ       0           0x00 0x00 0x00 0x00 0x00 0x00
LK          0      WRITE      0           0x00 0x00 0x00 0x00 0x00 0x3b0b5710
LK          0      READ       0           0x00 0x00 0x00 0x00 0x00 0x00
LK          0      WRITE      0           0x00 0x00 0x00 0x00 0x00 0x3b0b59b0
LK          1      READ       0           0x00 0x00 0x00 0x00 0x00 0x00
LK          1      WRITE      0           0x00 0x00 0x00 0x00 0x00 0x3b0bfeb0
LK          1      READ       0           0x00 0x00 0x00 0x00 0x00 0x00
LK          1      WRITE      0           0x00 0x00 0x00 0x00 0x00 0x3b0c0150
LK          1      READ       0           0x00 0x00 0x00 0x00 0x00 0x00
LK          1      WRITE      0           0x00 0x00 0x00 0x00 0x00 0x3b0c0420
LK          1      READ       0           0x00 0x00 0x00 0x00 0x00 0x00
LK          1      WRITE      0           0x00 0x00 0x00 0x00 0x00 0x3b0c06c0
LK          1      READ       0           0x00 0x00 0x00 0x00 0x00 0x00
LK          1      WRITE      0           0x00 0x00 0x00 0x00 0x00 0x3b0c0960
LK          3      READ       0           0x00 0x00 0x00 0x00 0x00 0x00
LK          3      WRITE      0           0x00 0x00 0x00 0x00 0x00 0x3b0c5e20
LK          3      READ       0           0x00 0x00 0x00 0x00 0x00 0x00
LK          3      WRITE      0           0x00 0x00 0x00 0x00 0x00 0x3b0c60c0
LK          3      READ       0           0x00 0x00 0x00 0x00 0x00 0x00
LK          3      WRITE      0           0x00 0x00 0x00 0x00 0x00 0x3b0c6390
LK          3      READ       0           0x00 0x00 0x00 0x00 0x00 0x00
LK          3      WRITE      0           0x00 0x00 0x00 0x00 0x00 0x3b0c6630
LK          3      READ       0           0x00 0x00 0x00 0x00 0x00 0x00
LK          3      WRITE      0           0x00 0x00 0x00 0x00 0x00 0x3b0c68d0
LK          4      READ       0           0x00 0x00 0x00 0x00 0x00 0x00
LK          4      WRITE      0           0x00 0x00 0x00 0x00 0x00 0x3b0ce290
LK          4      READ       0           0x00 0x00 0x00 0x00 0x00 0x00
LK          4      WRITE      0           0x00 0x00 0x00 0x00 0x00 0x3b0ce530
LK          4      READ       0           0x00 0x00 0x00 0x00 0x00 0x00
LK          4      WRITE      0           0x00 0x00 0x00 0x00 0x00 0x3b0ce800
LK          4      READ       0           0x00 0x00 0x00 0x00 0x00 0x00
LK          4      WRITE      0           0x00 0x00 0x00 0x00 0x00 0x3b0ceaa0
LK          4      READ       0           0x00 0x00 0x00 0x00 0x00 0x00
LK          4      WRITE      0           0x00 0x00 0x00 0x00 0x00 0x3b0ced40
LK          6      READ       0           0x00 0x00 0x00 0x00 0x00 0x00
LK          6      WRITE      0           0x00 0x00 0x00 0x00 0x00 0x3b0d3ec0
LK          6      READ       0           0x00 0x00 0x00 0x00 0x00 0x00
LK          6      WRITE      0           0x00 0x00 0x00 0x00 0x00 0x3b0d4160
LK          6      READ       0           0x00 0x00 0x00 0x00 0x00 0x00
LK          6      WRITE      0           0x00 0x00 0x00 0x00 0x00 0x3b0d4430
LK          6      READ       0           0x00 0x00 0x00 0x00 0x00 0x00
LK          6      WRITE      0           0x00 0x00 0x00 0x00 0x00 0x3b0d46d0
LK          6      READ       0           0x00 0x00 0x00 0x00 0x00 0x00
LK          6      WRITE      0           0x00 0x00 0x00 0x00 0x00 0x3b0d4970
LK          7      READ       0           0x00 0x00 0x00 0x00 0x00 0x00
LK          7      WRITE      0           0x00 0x00 0x00 0x00 0x00 0x3b0cbca0
LK          7      READ       0           0x00 0x00 0x00 0x00 0x00 0x00
LK          7      WRITE      0           0x00 0x00 0x00 0x00 0x00 0x3b0cbf40
LK          7      READ       0           0x00 0x00 0x00 0x00 0x00 0x00
LK          7      WRITE      0           0x00 0x00 0x00 0x00 0x00 0x3b0cc210
LK          7      READ       0           0x00 0x00 0x00 0x00 0x00 0x00
LK          7      WRITE      0           0x00 0x00 0x00 0x00 0x00 0x3b0cc4b0
LK          7      READ       0           0x00 0x00 0x00 0x00 0x00 0x00
LK          7      WRITE      0           0x00 0x00 0x00 0x00 0x00 0x3b0cc750
LK          9      READ       0           0x00 0x00 0x00 0x00 0x00 0x00
LK          9      WRITE      0           0x00 0x00 0x00 0x00 0x00 0x3b0e65f0
LK          9      READ       0           0x00 0x00 0x00 0x00 0x00 0x00
LK          9      WRITE      0           0x00 0x00 0x00 0x00 0x00 0x3b0e6890
LK          9      READ       0           0x00 0x00 0x00 0x00 0x00 0x00
LK          9      WRITE      0           0x00 0x00 0x00 0x00 0x00 0x3b0e6b60
LK          9      READ       0           0x00 0x00 0x00 0x00 0x00 0x00
LK          9      WRITE      0           0x00 0x00 0x00 0x00 0x00 0x3b0e6e00
LK          9      READ       0           0x00 0x00 0x00 0x00 0x00 0x00
LK          9      WRITE      0           0x00 0x00 0x00 0x00 0x00 0x3b0e70a0
LK          10     READ       0           0x00 0x00 0x00 0x00 0x00 0x00
LK          10     WRITE      0           0x00 0x00 0x00 0x00 0x00 0x3b0ef1d0
LK          10     READ       0           0x00 0x00 0x00 0x00 0x00 0x00
LK          10     WRITE      0           0x00 0x00 0x00 0x00 0x00 0x3b0ef470
LK          10     READ       0           0x00 0x00 0x00 0x00 0x00 0x00
LK          10     WRITE      0           0x00 0x00 0x00 0x00 0x00 0x3b0ef740
LK          10     READ       0           0x00 0x00 0x00 0x00 0x00 0x00
LK          10     WRITE      0           0x00 0x00 0x00 0x00 0x00 0x3b0ef9e0
LK          10     READ       0           0x00 0x00 0x00 0x00 0x00 0x00
LK          10     WRITE      0           0x00 0x00 0x00 0x00 0x00 0x3b0efc80
LK          12     READ       0           0x00 0x00 0x00 0x00 0x00 0x00
LK          12     WRITE      0           0x00 0x00 0x00 0x00 0x00 0x3b0f8b20
LK          12     READ       0           0x00 0x00 0x00 0x00 0x00 0x00
LK          12     WRITE      0           0x00 0x00 0x00 0x00 0x00 0x3b0f8dc0
LK          12     READ       24          0xfffe5cec 0x4c4b400 0x2710 0xfffffffd 0x2710 0x33da
LK          12     WRITE      8           0xb71b0 0x00 0x00 0x7d0 0x2710 0x3b0f9090
LK          12     READ       24          0xfffe5cec 0x4c4b400 0x2710 0xfffffffd 0x2710 0x33da
LK          12     WRITE      8           0xb71b0 0x00 0x00 0x7d0 0x2710 0x3b0f9330
LK          12     READ       24          0xfffe5cec 0x4c4b400 0x2710 0xfffffffd 0x2710 0x33da
LK          12     WRITE      8           0xb71b0 0x00 0x00 0x7d0 0x2710 0x3b0f95d0
LK          13     READ       24          0x33134 0x4c4b400 0x2710 0x31cb 0x2710 0x33e6
LK          13     WRITE      8           0xb71b0 0x00 0x00 0x7d0 0x2710 0x3b0db210
LK          13     READ       24          0x33134 0x4c4b400 0x2710 0x16f91 0x2710 0x327b
LK          13     WRITE      8           0xb71b0 0x00 0x00 0x7d0 0x2710 0x3b0db4b0
LK          13     READ       24          0x33134 0x4c4b400 0x2710 0x2bc04 0x2710 0x2e57
LK          13     WRITE      8           0xb71b0 0x00 0x00 0x7d0 0x2710 0x3b0db780
LK          13     READ       24          0x33134 0x4c4b400 0x2710 0x42b8a 0x2710 0x2646
LK          13     WRITE      8           0xb71b0 0x00 0x00 0x7d0 0x2710 0x3b0dba20
LK          13     READ       24          0x33134 0x4c4b400 0x2710 0x57452 0x2710 0x1add
LK          13     WRITE      8           0xb71b0 0x00 0x00 0x7d0 0x2710 0x3b0dbcc0
LK          15     READ       24          0x33134 0x4c4b400 0x2710 0x71061 0x2710 0x823
LK          15     WRITE      8           0xb71b0 0x00 0x00 0x341 0x2710 0x3b113bb0
LK          15     READ       24          0x33134 0x4c4b400 0x2710 0x8f228 0x2710 0xffffefc2
LK          15     WRITE      8           0xb71b0 0x00 0x00 0x00 0x2710 0x3b113e50
LK          15     READ       24          0x33134 0x4c4b400 0x2710 0xa697b 0x2710 0xffffe0b1
LK          15     WRITE      8           0xb71b0 0x00 0x00 0x00 0x2710 0x3b114120
LK          15     READ       24          0x33134 0x4c4b400 0x2710 0xbed58 0x2710 0xffffdd19
LK          15     WRITE      8           0xb71b0 0x00 0x00 0x00 0x2710 0x3b1143c0
LK          15     READ       24          0x33134 0x4c4b400 0x2710 0xc3e3a 0x2710 0xffffe844
LK          15     WRITE      4           0x00 0x00 0x00 0x00 0x2710 0x3b114660
LK          16     READ       24          0x33134 0x4c4b400 0x2710 0xba75b 0x2710 0x1d7
LK          16     WRITE      4           0x00 0x00 0x00 0xbc 0x2710 0x3b11f610
LK          16     READ       24          0x33134 0x4c4b400 0x2710 0xb2f0d 0x2710 0x10c7
LK          16     WRITE      4           0x00 0x00 0x00 0x6b6 0x2710 0x3b11f8b0
LK          16     READ       24          0x33134 0x4c4b400 0x2710 0xadf14 0x2710 0xd8a
LK          16     WRITE      8           0xb71b0 0x00 0x00 0x56a 0x2710 0x3b11fb80
LK          16     READ       24          0x33134 0x4c4b400 0x2710 0xc4521 0x2710 0x146
LK          16     WRITE      8           0xb71b0 0x00 0x00 0x82 0x2710 0x3b11fe20
LK          16     READ       24          0x33134 0x4c4b400 0x2710 0xcb9bf 0x2710 0xfffff78f
LK          16     WRITE      4           0x00 0x00 0x00 0x00 0x2710 0x3b1200c0
LK          18     READ       24          0x33134 0x4c4b400 0x2710 0xc2ea2 0x2710 0xfffff360
LK          18     WRITE      4           0x00 0x00 0x00 0x00 0x2710 0x3b12ba40
LK          18     READ       24          0x33134 0x4c4b400 0x2710 0xba89c 0x2710 0xfffff2bf
LK          18     WRITE      4           0x00 0x00 0x00 0x00 0x2710 0x3b12bce0
LK          18     READ       24          0x33134 0x4c4b400 0x2710 0xb6a97 0x2710 0xfffff46a
LK          18     WRITE      8           0xb71b0 0x00 0x00 0x00 0x2710 0x3b12bfb0
LK          18     READ       24          0x33134 0x4c4b400 0x2710 0xce564 0x2710 0xfffff7db
LK          18     WRITE      8           0xb71b0 0x00 0x00 0x00 0x2710 0x3b12c250
LK          18     READ       24          0x25faa 0x4c4b400 0x2710 0xd5e55 0x2710 0xfffffcd0
LK          18     WRITE      4           0x00 0x00 0x00 0x00 0x2710 0x3b12c4f0
LK          19     READ       24          0x25faa 0x4c4b400 0x2710 0xd0a35 0x2710 0x91
LK          19     WRITE      4           0x00 0x00 0x00 0x3a 0x2710 0x3b138c00
LK          19     READ       24          0x25faa 0x4c4b400 0x2710 0xcbeb0 0x2710 0x3b9
LK          19     WRITE      4           0x00 0x00 0x00 0x17d 0x2710 0x3b138ea0
LK          19     READ       24          0x25faa 0x4c4b400 0x2710 0xc7516 0x2710 0x2eb
LK          19     WRITE      4           0x00 0x00 0x00 0x12a 0x2710 0x3b139170
LK          19     READ       24          0x25faa 0x4c4b400 0x2710 0xc28ae 0x2710 0xffffff6d
LK          19     WRITE      4           0x00 0x00 0x00 0x00 0x2710 0x3b139410
LK          19     READ       24          0x25faa 0x4c4b400 0x2710 0xbe465 0x2710 0xfffffd7d
LK          19     WRITE      4           0x00 0x00 0x00 0x00 0x2710 0x3b1396b0
LK          21     READ       24          0x25faa 0x4c4b400 0x2710 0xb9867 0x2710 0xfffffbf1
LK          21     WRITE      4           0x00 0x00 0x00 0x00 0x2710 0x3b1466d0
LK          21     READ       24          0x25faa 0x4c4b400 0x2710 0xb58e3 0x2710 0xfffffb96
LK          21     WRITE      4           0x00 0x00 0x00 0x00 0x2710 0x3b146970
LK          21     READ       24          0x33134 0x4c4b400 0x2710 0xb22fe 0x2710 0xfffffc1d
LK          21     WRITE      8           0xb71b0 0x00 0x00 0x00 0x2710 0x3b146c40
LK          21     READ       24          0x33134 0x4c4b400 0x2710 0xcc291 0x2710 0xfffffc47
LK          21     WRITE      8           0xb71b0 0x00 0x00 0x00 0x2710 0x3b146ee0
LK          21     READ       24          0x33134 0x4c4b400 0x2710 0xd0e57 0x2710 0xfffffc33
LK          21     WRITE      4           0x00 0x00 0x00 0x00 0x2710 0x3b147180
LK          22     READ       24          0x33134 0x4c4b400 0x2710 0xc7aff 0x2710 0xfffffc1b
LK          22     WRITE      4           0x00 0x00 0x00 0x00 0x2710 0x3b154d40
LK          22     READ       24          0x33134 0x4c4b400 0x2710 0xbfe9c 0x2710 0xfffffc06
LK          22     WRITE      4           0x00 0x00 0x00 0x00 0x2710 0x3b154fe0
LK          22     READ       24          0x33134 0x4c4b400 0x2710 0xb75fa 0x2710 0xfffffd03
LK          22     WRITE      4           0x00 0x00 0x00 0x00 0x2710 0x3b1552b0
LK          22     READ       24          0x33134 0x4c4b400 0x2710 0xafccd 0x2710 0xfffffdb6
LK          22     WRITE      4           0x00 0x00 0x00 0x00 0x2710 0x3b155550
LK          22     READ       24          0x33134 0x4c4b400 0x2710 0xb654a 0x2710 0xfffffe3b
LK          22     WRITE      8           0xb71b0 0x00 0x00 0x00 0x2710 0x3b1557f0
LK          24     READ       24          0x33134 0x4c4b400 0x2710 0xcd847 0x2710 0x2ca
LK          24     WRITE      8           0xb71b0 0x00 0x00 0x11d 0x2710 0x3b163ef0
LK          24     READ       24          0x33134 0x4c4b400 0x2710 0xcb402 0x2710 0xd3d
LK          24     WRITE      4           0x00 0x00 0x00 0x54b 0x2710 0x3b164190
LK          24     READ       24          0x33134 0x4c4b400 0x2710 0xc203c 0x2710 0xe8e
LK          24     WRITE      4           0x00 0x00 0x00 0x5d2 0x2710 0x3b164460
LK          24     READ       24          0x33134 0x4c4b400 0x2710 0xba3d2 0x2710 0x8f4
LK          24     WRITE      4           0x00 0x00 0x00 0x394 0x2710 0x3b164700
LK          24     READ       24          0x33134 0x4c4b400 0x2710 0xb2af7 0x2710 0x41b
LK          24     WRITE      4           0x00 0x00 0x00 0x1a4 0x2710 0x3b1649a0
LK          25     READ       24          0x33134 0x4c4b400 0x2710 0xab462 0x2710 0x419
LK          25     WRITE      4           0x00 0x00 0x00 0x1a3 0x2710 0x3b173be0
LK          25     READ       24          0x33134 0x4c4b400 0x2710 0xbaace 0x2710 0x6cd
LK          25     WRITE      8           0xb71b0 0x00 0x00 0x2b8 0x2710 0x3b173e80
LK          25     READ       24          0x33134 0x4c4b400 0x2710 0xc9eab 0x2710 0x8e6
LK          25     WRITE      4           0x00 0x00 0x00 0x38f 0x2710 0x3b174150
LK          25     READ       24          0x33134 0x4c4b400 0x2710 0xc24e1 0x2710 0x835
LK          25     WRITE      4           0x00 0x00 0x00 0x348 0x2710 0x3b1743f0
LK          25     READ       24          0x33134 0x4c4b400 0x2710 0xba821 0x2710 0x6dd
LK          25     WRITE      4           0x00 0x00 0x00 0x2be 0x2710 0x3b174690
LK          27     READ       24          0x33134 0x4c4b400 0x2710 0xb2a9b 0x2710 0x658
LK          27     WRITE      4           0x00 0x00 0x00 0x289 0x2710 0x3b103bd0
LK          27     READ       24          0x33134 0x4c4b400 0x2710 0xc1889 0x2710 0x71a
LK          27     WRITE      8           0xb71b0 0x00 0x00 0x2d7 0x2710 0x3b103e70
LK          27     READ       24          0x33134 0x4c4b400 0x2710 0xd219d 0x2710 0x828
LK          27     WRITE      4           0x00 0x00 0x00 0x343 0x2710 0x3b104140
LK          27     READ       24          0x33134 0x4c4b400 0x2710 0xca248 0x2710 0x7b4
LK          27     WRITE      4           0x00 0x00 0x00 0x314 0x2710 0x3b1043e0
LK          27     READ       24          0x33134 0x4c4b400 0x2710 0xc156f 0x2710 0x6ca
LK          27     WRITE      4           0x00 0x00 0x00 0x2b7 0x2710 0x3b104680
LK          28     READ       24          0x33134 0x4c4b400 0x2710 0xb8dcc 0x2710 0x694
LK          28     WRITE      4           0x00 0x00 0x00 0x2a1 0x2710 0x3b1a1780
LK          28     READ       24          0x33134 0x4c4b400 0x2710 0xb1bca 0x2710 0x6f7
LK          28     WRITE      4           0x00 0x00 0x00 0x2c9 0x2710 0x3b1a1a20
LK          28     READ       24          0x33134 0x4c4b400 0x2710 0xad22d 0x2710 0x770
LK          28     WRITE      8           0xb71b0 0x00 0x00 0x2f9 0x2710 0x3b1a1cf0
LK          28     READ       24          0x33134 0x4c4b400 0x2710 0xc5544 0x2710 0x7c6
LK          28     WRITE      8           0xb71b0 0x00 0x00 0x31c 0x2710 0x3b1a1f90
LK          28     READ       24          0x33134 0x4c4b400 0x2710 0xc931d 0x2710 0x7c6
LK          28     WRITE      4           0x00 0x00 0x00 0x31c 0x2710 0x3b1a2230
LK          30     READ       24          0x33134 0x4c4b400 0x2710 0xbf990 0x2710 0x70f
LK          30     WRITE      4           0x00 0x00 0x00 0x2d2 0x2710 0x3b1b3710
LK          30     READ       24          0x33134 0x4c4b400 0x2710 0xb6fc2 0x2710 0x6da
LK          30     WRITE      4           0x00 0x00 0x00 0x2bd 0x2710 0x3b1b39b0
LK          30     READ       24          0x33134 0x4c4b400 0x2710 0xb0816 0x2710 0x700
LK          30     WRITE      8           0xb71b0 0x00 0x00 0x2cc 0x2710 0x3b1b3c80
LK          30     READ       24          0x33134 0x4c4b400 0x2710 0xc6b0e 0x2710 0x79c
LK          30     WRITE      8           0xb71b0 0x00 0x00 0x30b 0x2710 0x3b1b3f20
LK          30     READ       24          0x33134 0x4c4b400 0x2710 0xcb183 0x2710 0x7ec
LK          30     WRITE      4           0x00 0x00 0x00 0x32b 0x2710 0x3b1b41c0
LK          31     READ       24          0x33134 0x4c4b400 0x2710 0xc27bf 0x2710 0x759
LK          31     WRITE      4           0x00 0x00 0x00 0x2f0 0x2710 0x3b1c60a0
LK          31     READ       24          0x33134 0x4c4b400 0x2710 0xb8fa4 0x2710 0x6b8
LK          31     WRITE      4           0x00 0x00 0x00 0x2b0 0x2710 0x3b1c6340
LK          31     READ       24          0x33134 0x4c4b400 0x2710 0xb4bb7 0x2710 0x6cb
LK          31     WRITE      8           0xb71b0 0x00 0x00 0x2b7 0x2710 0x3b1c6610
LK          31     READ       24          0x33134 0x4c4b400 0x2710 0xca7fb 0x2710 0x799
LK          31     WRITE      8           0xb71b0 0x00 0x00 0x30a 0x2710 0x3b1c68b0
LK          31     READ       24          0x33134 0x4c4b400 0x2710 0xcf463 0x2710 0x80f
LK          31     WRITE      4           0x00 0x00 0x00 0x339 0x2710 0x3b1c6b50
LK          33     READ       24          0x33134 0x4c4b400 0x2710 0xc5f59 0x2710 0x757
LK          33     WRITE      4           0x00 0x00 0x00 0x2ef 0x2710 0x3b1d9520
LK          33     READ       24          0x33134 0x4c4b400 0x2710 0xbd1c2 0x2710 0x699
LK          33     WRITE      4           0x00 0x00 0x00 0x2a3 0x2710 0x3b1d97c0
LK          33     READ       24          0x33134 0x4c4b400 0x2710 0xb5582 0x2710 0x69f
LK          33     WRITE      4           0x00 0x00 0x00 0x2a6 0x2710 0x3b1d9a90
LK          33     READ       24          0x33134 0x4c4b400 0x2710 0xad89e 0x2710 0x6fb
LK          33     WRITE      4           0x00 0x00 0x00 0x2ca 0x2710 0x3b1d9d30
LK          33     READ       24          0x33134 0x4c4b400 0x2710 0xb1ac5 0x2710 0x15a
LK          33     WRITE      8           0xb71b0 0x00 0x00 0x8a 0x2710 0x3b1d9fd0
LK          34     READ       24          0x33134 0x4c4b400 0x2710 0xc9d40 0x2710 0xfffff150
LK          34     WRITE      8           0xb71b0 0x00 0x00 0x00 0x2710 0x3b1ed720
LK          34     READ       24          0x33134 0x4c4b400 0x2710 0xc9625 0x2710 0xffffdf2c
LK          34     WRITE      4           0x00 0x00 0x00 0x00 0x2710 0x3b1ed9c0
LK          34     READ       24          0x33134 0x4c4b400 0x2710 0xc03d5 0x2710 0xffffdf9b
LK          34     WRITE      4           0x00 0x00 0x00 0x00 0x2710 0x3b1edc90
LK          34     READ       24          0x33134 0x4c4b400 0x2710 0xb77ea 0x2710 0xffffe9c9
LK          34     WRITE      4           0x00 0x00 0x00 0x00 0x2710 0x3b1edf30
LK          34     READ       24          0x33134 0x4c4b400 0x2710 0xb77f3 0x2710 0xfffffa7f
LK          34     WRITE      8           0xb71b0 0x00 0x00 0x00 0x2710 0x3b1ee1d0
LK          36     READ       24          0x33134 0x4c4b400 0x2710 0xcf094 0x2710 0x3d1
LK          36     WRITE      8           0xb71b0 0x00 0x00 0x186 0x2710 0x3b202360
LK          36     READ       24          0x33134 0x4c4b400 0x2710 0xcef05 0x2710 0xffffff9c
LK          36     WRITE      4           0x00 0x00 0x00 0x00 0x2710 0x3b202600
LK          36     READ       24          0x33134 0x4c4b400 0x2710 0xc5e14 0x2710 0xfffff64f
LK          36     WRITE      4           0x00 0x00 0x00 0x00 0x2710 0x3b2028d0
LK          36     READ       24          0x33134 0x4c4b400 0x2710 0xbd97e 0x2710 0xffffecf9
LK          36     WRITE      4           0x00 0x00 0x00 0x00 0x2710 0x3b202b70
LK          36     READ       24          0x33134 0x4c4b400 0x2710 0xb4ea5 0x2710 0xffffe394
LK          36     WRITE      4           0x00 0x00 0x00 0x00 0x2710 0x3b202e10
LK          37     READ       24          0x33134 0x4c4b400 0x2710 0xac69d 0x2710 0xffffe756
LK          37     WRITE      4           0x00 0x00 0x00 0x00 0x2710 0x3b217a20
LK          37     READ       24          0x33134 0x4c4b400 0x2710 0xb846b 0x2710 0xfffff525
LK          37     WRITE      8           0xb71b0 0x00 0x00 0x00 0x2710 0x3b217cc0
LK          37     READ       24          0x33134 0x4c4b400 0x2710 0xcb02e 0x2710 0xfffff958
LK          37     WRITE      4           0x00 0x00 0x00 0x00 0x2710 0x3b217f90
LK          37     READ       24          0x33134 0x4c4b400 0x2710 0xc2adc 0x2710 0xfffff7da
LK          37     WRITE      4           0x00 0x00 0x00 0x00 0x2710 0x3b218230
LK          37     READ       24          0x33134 0x4c4b400 0x2710 0xba839 0x2710 0xfffff314
LK          37     WRITE      4           0x00 0x00 0x00 0x00 0x2710 0x3b2184d0
LK          39     READ       24          0x33134 0x4c4b400 0x2710 0xb2209 0x2710 0xffffec7f
LK          39     WRITE      4           0x00 0x00 0x00 0x00 0x2710 0x3b22dc50
LK          39     READ       24          0x33134 0x4c4b400 0x2710 0xc2ade 0x2710 0xffffe630
LK          39     WRITE      8           0xb71b0 0x00 0x00 0x00 0x2710 0x3b22def0
LK          39     READ       24          0x33134 0x4c4b400 0x2710 0xceffc 0x2710 0xffffebb1
LK          39     WRITE      4           0x00 0x00 0x00 0x00 0x2710 0x3b22e1c0
LK          39     READ       24          0x33134 0x4c4b400 0x2710 0xc5ee1 0x2710 0xfffffe17
LK          39     WRITE      4           0x00 0x00 0x00 0x00 0x2710 0x3b22e460
LK          39     READ       24          0x33134 0x4c4b400 0x2710 0xbda93 0x2710 0x55a
LK          39     WRITE      4           0x00 0x00 0x00 0x224 0x2710 0x3b22e700
LK          40     READ       24          0x33134 0x4c4b400 0x2710 0xb63f6 0x2710 0xffffffb3
LK          40     WRITE      4           0x00 0x00 0x00 0x00 0x2710 0x3b2449c0
LK          40     READ       24          0x33134 0x4c4b400 0x2710 0xc3d14 0x2710 0xfffff516
LK          40     WRITE      8           0xb71b0 0x00 0x00 0x00 0x2710 0x3b244c60
LK          40     READ       24          0x33134 0x4c4b400 0x2710 0xd266e 0x2710 0xffffeab8
LK          40     WRITE      4           0x00 0x00 0x00 0x00 0x2710 0x3b244f30
LK          40     READ       24          0x33134 0x4c4b400 0x2710 0xc9370 0x2710 0xfffff3af
LK          40     WRITE      4           0x00 0x00 0x00 0x00 0x2710 0x3b2451d0
LK          40     READ       24          0x33134 0x4c4b400 0x2710 0xc080b 0x2710 0xa50
LK          40     WRITE      4           0x00 0x00 0x00 0x420 0x2710 0x3b245470
LK          42     READ       24          0x33134 0x4c4b400 0x2710 0xb7a1d 0x2710 0x162a
LK          42     WRITE      4           0x00 0x00 0x00 0x7d0 0x2710 0x3b25c270
LK          42     READ       24          0x33134 0x4c4b400 0x2710 0xb0858 0x2710 0x13e1
LK          42     WRITE      4           0x00 0x00 0x00 0x7d0 0x2710 0x3b25c510
LK          42     READ       24          0x33134 0x4c4b400 0x2710 0xaa8e3 0x2710 0x98f
LK          42     WRITE      8           0xb71b0 0x00 0x00 0x3d2 0x2710 0x3b25c7e0
LK          42     READ       24          0x33134 0x4c4b400 0x2710 0xc2e6b 0x2710 0x1e4
LK          42     WRITE      8           0xb71b0 0x00 0x00 0xc1 0x2710 0x3b25ca80
LK          42     READ       24          0x33134 0x4c4b400 0x2710 0xc88e0 0x2710 0x257
LK          42     WRITE      4           0x00 0x00 0x00 0xef 0x2710 0x3b25cd20
LK          43     READ       24          0x33134 0x4c4b400 0x2710 0xc06bb 0x2710 0x790
LK          43     WRITE      4           0x00 0x00 0x00 0x306 0x2710 0x3b274660
LK          43     READ       24          0x33134 0x4c4b400 0x2710 0xb90c1 0x2710 0x97e
LK          43     WRITE      4           0x00 0x00 0x00 0x3cc 0x2710 0x3b274900
LK          43     READ       24          0x33134 0x4c4b400 0x2710 0xb503d 0x2710 0x894
LK          43     WRITE      8           0xb71b0 0x00 0x00 0x36e 0x2710 0x3b274bd0
LK          43     READ       24          0x33134 0x4c4b400 0x2710 0xcd22c 0x2710 0x777
LK          43     WRITE      8           0xb71b0 0x00 0x00 0x2fc 0x2710 0x3b274e70
LK          43     READ       24          0x25faa 0x4c4b400 0x2710 0xd3a8a 0x2710 0x6da
LK          43     WRITE      4           0x00 0x00 0x00 0x2bd 0x2710 0x3b275110
LK          45     READ       24          0x25faa 0x4c4b400 0x2710 0xcf725 0x2710 0x6c6
LK          45     WRITE      4           0x00 0x00 0x00 0x2b5 0x2710 0x3b28d5a0
LK          45     READ       24          0x25faa 0x4c4b400 0x2710 0xca4ff 0x2710 0x720
LK          45     WRITE      4           0x00 0x00 0x00 0x2d9 0x2710 0x3b28d840
LK          45     READ       24          0x25faa 0x4c4b400 0x2710 0xc59d3 0x2710 0x76d
LK          45     WRITE      4           0x00 0x00 0x00 0x2f8 0x2710 0x3b28db10
LK          45     READ       24          0x25faa 0x4c4b400 0x2710 0xc16a3 0x2710 0x755
LK          45     WRITE      4           0x00 0x00 0x00 0x2ee 0x2710 0x3b28ddb0
LK          45     READ       24          0x25faa 0x4c4b400 0x2710 0xbcb1a 0x2710 0x72b
LK          45     WRITE      4           0x00 0x00 0x00 0x2de 0x2710 0x3b28e050
LK          46     READ       24          0x25faa 0x4c4b400 0x2710 0xb8a10 0x2710 0x71c
LK          46     WRITE      4           0x00 0x00 0x00 0x2d8 0x2710 0x3b2a7010
LK          46     READ       24          0x25faa 0x4c4b400 0x2710 0xb4545 0x2710 0x72a
LK          46     WRITE      4           0x00 0x00 0x00 0x2dd 0x2710 0x3b2a72b0
LK          46     READ       24          0x33134 0x4c4b400 0x2710 0xb3282 0x2710 0x755
LK          46     WRITE      8           0xb71b0 0x00 0x00 0x2ee 0x2710 0x3b2a7580
LK          46     READ       24          0x33134 0x4c4b400 0x2710 0xca4c4 0x2710 0x7b4
LK          46     WRITE      8           0xb71b0 0x00 0x00 0x314 0x2710 0x3b2a7820
LK          46     READ       24          0x33134 0x4c4b400 0x2710 0xce323 0x2710 0x7c5
LK          46     WRITE      4           0x00 0x00 0x00 0x31b 0x2710 0x3b2a7ac0
LK          48     READ       24          0x33134 0x4c4b400 0x2710 0xc5243 0x2710 0x72b
LK          48     WRITE      4           0x00 0x00 0x00 0x2de 0x2710 0x3b2c15c0
LK          48     READ       24          0x33134 0x4c4b400 0x2710 0xbbd7a 0x2710 0x6b7
LK          48     WRITE      4           0x00 0x00 0x00 0x2af 0x2710 0x3b2c1860
LK          48     READ       24          0x33134 0x4c4b400 0x2710 0xb8353 0x2710 0x6e4
LK          48     WRITE      8           0xb71b0 0x00 0x00 0x2c1 0x2710 0x3b2c1b30
LK          48     READ       24          0x33134 0x4c4b400 0x2710 0xcbdc1 0x2710 0x7a4
LK          48     WRITE      8           0xb71b0 0x00 0x00 0x30e 0x2710 0x3b2c1dd0
LK          48     READ       24          0x25faa 0x4c4b400 0x2710 0xd4221 0x2710 0x82a
LK          48     WRITE      4           0x00 0x00 0x00 0x344 0x2710 0x3b2c2070
LK          49     READ       24          0x25faa 0x4c4b400 0x2710 0xce192 0x2710 0x73e
LK          49     WRITE      4           0x00 0x00 0x00 0x2e5 0x2710 0x3b2dc6b0
LK          49     READ       24          0x25faa 0x4c4b400 0x2710 0xc85d7 0x2710 0x689
LK          49     WRITE      4           0x00 0x00 0x00 0x29d 0x2710 0x3b2dc950
LK          49     READ       24          0x25faa 0x4c4b400 0x2710 0xc398e 0x2710 0x6d3
LK          49     WRITE      4           0x00 0x00 0x00 0x2ba 0x2710 0x3b2dcc20
LK          49     READ       24          0x25faa 0x4c4b400 0x2710 0xbe630 0x2710 0x760
LK          49     WRITE      4           0x00 0x00 0x00 0x2f3 0x2710 0x3b2dcec0
LK          49     READ       24          0x25faa 0x4c4b400 0x2710 0xba0b2 0x2710 0x775
LK          49     WRITE      4           0x00 0x00 0x00 0x2fb 0x2710 0x3b2dd160
LK          51     READ       24          0x25faa 0x4c4b400 0x2710 0xb5a0d 0x2710 0x73d
LK          51     WRITE      4           0x00 0x00 0x00 0x2e5 0x2710 0x3b2f82e0
LK          51     READ       24          0x25faa 0x4c4b400 0x2710 0xc3048 0x2710 0x6e5
LK          51     WRITE      8           0xb71b0 0x00 0x00 0x2c2 0x2710 0x3b2f8580
LK          51     READ       24          0x25faa 0x4c4b400 0x2710 0xcfee2 0x2710 0xfffffdee
LK          51     WRITE      4           0x00 0x00 0x00 0x00 0x2710 0x3b2f8850
LK          51     READ       24          0x25faa 0x4c4b400 0x2710 0xcaaaa 0x2710 0xfffff6a2
LK          51     WRITE      4           0x00 0x00 0x00 0x00 0x2710 0x3b2f8af0
LK          51     READ       24          0x25faa 0x4c4b400 0x2710 0xc687c 0x2710 0xfffff452
LK          51     WRITE      4           0x00 0x00 0x00 0x00 0x2710 0x3b2f8d90
LK          52     READ       24          0x25faa 0x4c4b400 0x2710 0xc19a2 0x2710 0xfffff439
LK          52     WRITE      4           0x00 0x00 0x00 0x00 0x2710 0x3b1845e0
LK          52     READ       24          0x25faa 0x4c4b400 0x2710 0xbcda5 0x2710 0xfffff685
LK          52     WRITE      4           0x00 0x00 0x00 0x00 0x2710 0x3b184880
LK          52     READ       24          0x25faa 0x4c4b400 0x2710 0xb8d87 0x2710 0xfffff9a0
LK          52     WRITE      4           0x00 0x00 0x00 0x00 0x2710 0x3b184b50
LK          52     READ       24          0x25faa 0x4c4b400 0x2710 0xb4b3d 0x2710 0xfffffd69
LK          52     WRITE      4           0x00 0x00 0x00 0x00 0x2710 0x3b184df0
LK          52     READ       24          0x33134 0x4c4b400 0x2710 0xbcba7 0x2710 0x57
LK          52     WRITE      8           0xb71b0 0x00 0x00 0x22 0x2710 0x3b185090
LK          54     READ       24          0x33134 0x4c4b400 0x2710 0xd3387 0x2710 0x348
LK          54     WRITE      8           0xb71b0 0x00 0x00 0x150 0x2710 0x3b319d10
LK          54     READ       24          0x25faa 0x4c4b400 0x2710 0xd48bb 0x2710 0x278
LK          54     WRITE      4           0x00 0x00 0x00 0xfc 0x2710 0x3b319fb0
LK          54     READ       24          0x25faa 0x4c4b400 0x2710 0xcf726 0x2710 0xffffff55
LK          54     WRITE      4           0x00 0x00 0x00 0x00 0x2710 0x3b31a280
LK          54     READ       24          0x25faa 0x4c4b400 0x2710 0xca36b 0x2710 0xfffffd07
LK          54     WRITE      4           0x00 0x00 0x00 0x00 0x2710 0x3b31a520
LK          54     READ       24          0x25faa 0x4c4b400 0x2710 0xc57b3 0x2710 0xfffffb7a
LK          54     WRITE      4           0x00 0x00 0x00 0x00 0x2710 0x3b31a7c0
LK          55     READ       24          0x25faa 0x4c4b400 0x2710 0xc0e81 0x2710 0xfffffb37
LK          55     WRITE      4           0x00 0x00 0x00 0x00 0x2710 0x3b337aa0
LK          55     READ       24          0x25faa 0x4c4b400 0x2710 0xbc32a 0x2710 0xfffffc0e
LK          55     WRITE      4           0x00 0x00 0x00 0x00 0x2710 0x3b337d40
LK          55     READ       24          0x25faa 0x4c4b400 0x2710 0xb8381 0x2710 0xfffffd45
LK          55     WRITE      4           0x00 0x00 0x00 0x00 0x2710 0x3b338010
LK          55     READ       24          0x25faa 0x4c4b400 0x2710 0xb45f9 0x2710 0xfffffe08
LK          55     WRITE      4           0x00 0x00 0x00 0x00 0x2710 0x3b3382b0
LK          55     READ       24          0x33134 0x4c4b400 0x2710 0xba327 0x2710 0xfffffeaa
LK          55     WRITE      8           0xb71b0 0x00 0x00 0x00 0x2710 0x3b338550
LK          57     READ       24          0x33134 0x4c4b400 0x2710 0xd267b 0x2710 0xffffff69
LK          57     WRITE      8           0xb71b0 0x00 0x00 0x00 0x2710 0x3b356500
LK          57     READ       24          0x25faa 0x4c4b400 0x2710 0xd2bb5 0x2710 0x17
LK          57     WRITE      4           0x00 0x00 0x00 0x09 0x2710 0x3b3567a0
LK          57     READ       24          0x25faa 0x4c4b400 0x2710 0xcd626 0x2710 0xdf
LK          57     WRITE      4           0x00 0x00 0x00 0x59 0x2710 0x3b356a70
LK          57     READ       24          0x25faa 0x4c4b400 0x2710 0xc83a7 0x2710 0x1a4
LK          57     WRITE      4           0x00 0x00 0x00 0xa8 0x2710 0x3b356d10
LK          57     READ       24          0x25faa 0x4c4b400 0x2710 0xc38e7 0x2710 0x4d
LK          57     WRITE      4           0x00 0x00 0x00 0x1e 0x2710 0x3b356fb0
LK          58     READ       24          0x25faa 0x4c4b400 0x2710 0xbf585 0x2710 0xffffffb5
LK          58     WRITE      4           0x00 0x00 0x00 0x00 0x2710 0x3b3759d0
LK          58     READ       24          0x25faa 0x4c4b400 0x2710 0xbafb3 0x2710 0xffffff44
LK          58     WRITE      4           0x00 0x00 0x00 0x00 0x2710 0x3b375c70
LK          58     READ       24          0x25faa 0x4c4b400 0x2710 0xb6c4f 0x2710 0xfffffed3
LK          58     WRITE      4           0x00 0x00 0x00 0x00 0x2710 0x3b375f40
LK          58     READ       24          0x33134 0x4c4b400 0x2710 0xb2b3f 0x2710 0xfffffe67
LK          58     WRITE      4           0x00 0x00 0x00 0x00 0x2710 0x3b3761e0
LK          58     READ       24          0x33134 0x4c4b400 0x2710 0xb9701 0x2710 0xfffffe00
LK          58     WRITE      8           0xb71b0 0x00 0x00 0x00 0x2710 0x3b376480
LK          60     READ       24          0x33134 0x4c4b400 0x2710 0xd1c12 0x2710 0xfffffd83
LK          60     WRITE      8           0xb71b0 0x00 0x00 0x00 0x2710 0x3b395930
LK          60     READ       24          0x33134 0x4c4b400 0x2710 0xcfb08 0x2710 0xfffffdde
LK          60     WRITE      4           0x00 0x00 0x00 0x00 0x2710 0x3b395bd0
LK          60     READ       24          0x33134 0x4c4b400 0x2710 0xc69a6 0x2710 0x94c
LK          60     WRITE      4           0x00 0x00 0x00 0x3b8 0x2710 0x3b395ea0
LK          60     READ       24          0x33134 0x4c4b400 0x2710 0xbed15 0x2710 0xd99
LK          60     WRITE      4           0x00 0x00 0x00 0x570 0x2710 0x3b396140
LK          60     READ       24          0x33134 0x4c4b400 0x2710 0xb6bd3 0x2710 0xb8d
LK          60     WRITE      4           0x00 0x00 0x00 0x49e 0x2710 0x3b3963e0
LK          61     READ       24          0x33134 0x4c4b400 0x2710 0xae4c9 0x2710 0x5ad
LK          61     WRITE      4           0x00 0x00 0x00 0x245 0x2710 0x3b3b6430
LK          61     READ       24          0x33134 0x4c4b400 0x2710 0xbf70e 0x2710 0x506
LK          61     WRITE      8           0xb71b0 0x00 0x00 0x202 0x2710 0x3b3b66d0
LK          61     READ       24          0x33134 0x4c4b400 0x2710 0xcee5b 0x2710 0x6d8
LK          61     WRITE      4           0x00 0x00 0x00 0x2bc 0x2710 0x3b3b69a0
LK          61     READ       24          0x33134 0x4c4b400 0x2710 0xc72c8 0x2710 0x7ff
LK          61     WRITE      4           0x00 0x00 0x00 0x332 0x2710 0x3b3b6c40
LK          61     READ       24          0x33134 0x4c4b400 0x2710 0xbf2e6 0x2710 0x7ec
LK          61     WRITE      4           0x00 0x00 0x00 0x32b 0x2710 0x3b3b6ee0
LK          63     READ       24          0x33134 0x4c4b400 0x2710 0xb68bc 0x2710 0x6e8
LK          63     WRITE      4           0x00 0x00 0x00 0x2c3 0x2710 0x3b3d7a70
LK          63     READ       24          0x33134 0x4c4b400 0x2710 0xc5230 0x2710 0x701
LK          63     WRITE      8           0xb71b0 0x00 0x00 0x2cd 0x2710 0x3b3d7d10
LK          63     READ       24          0x33134 0x4c4b400 0x2710 0xd3f3f 0x2710 0x7ac
LK          63     WRITE      4           0x00 0x00 0x00 0x311 0x2710 0x3b3d7fe0
LK          63     READ       24          0x33134 0x4c4b400 0x2710 0xcb703 0x2710 0x76e
LK          63     WRITE      4           0x00 0x00 0x00 0x2f8 0x2710 0x3b3d8280
LK          63     READ       24          0x33134 0x4c4b400 0x2710 0xc2ab4 0x2710 0x6f4
LK          63     WRITE      4           0x00 0x00 0x00 0x2c8 0x2710 0x3b3d8520
LK          64     READ       24          0x33134 0x4c4b400 0x2710 0xbab81 0x2710 0x6e2
LK          64     WRITE      4           0x00 0x00 0x00 0x2c0 0x2710 0x3b3f9be0
LK          64     READ       24          0x33134 0x4c4b400 0x2710 0xb318e 0x2710 0x713
LK          64     WRITE      4           0x00 0x00 0x00 0x2d4 0x2710 0x3b3f9e80
LK          64     READ       24          0x33134 0x4c4b400 0x2710 0xb08cc 0x2710 0x746
LK          64     WRITE      8           0xb71b0 0x00 0x00 0x2e8 0x2710 0x3b3fa150
LK          64     READ       24          0x33134 0x4c4b400 0x2710 0xc83fd 0x2710 0x7c3
LK          64     WRITE      8           0xb71b0 0x00 0x00 0x31a 0x2710 0x3b3fa3f0
LK          64     READ       24          0x33134 0x4c4b400 0x2710 0xcc81b 0x2710 0x7c1
LK          64     WRITE      4           0x00 0x00 0x00 0x31a 0x2710 0x3b3fa690
LK          66     READ       24          0x33134 0x4c4b400 0x2710 0xc3b4c 0x2710 0x724
LK          66     WRITE      4           0x00 0x00 0x00 0x2db 0x2710 0x3b41c890
LK          66     READ       24          0x33134 0x4c4b400 0x2710 0xbaa5f 0x2710 0x6cb
LK          66     WRITE      4           0x00 0x00 0x00 0x2b7 0x2710 0x3b41cb30
LK          66     READ       24          0x33134 0x4c4b400 0x2710 0xb5b8f 0x2710 0x6f2
LK          66     WRITE      8           0xb71b0 0x00 0x00 0x2c7 0x2710 0x3b41ce00
LK          66     READ       24          0x33134 0x4c4b400 0x2710 0xcc7ac 0x2710 0x7b6
LK          66     WRITE      8           0xb71b0 0x00 0x00 0x315 0x2710 0x3b41d0a0
LK          66     READ       24          0x25faa 0x4c4b400 0x2710 0xd372d 0x2710 0x804
LK          66     WRITE      4           0x00 0x00 0x00 0x334 0x2710 0x3b41d340
LK          67     READ       24          0x25faa 0x4c4b400 0x2710 0xcd147 0x2710 0x718
LK          67     WRITE      4           0x00 0x00 0x00 0x2d6 0x2710 0x3b440080
LK          67     READ       24          0x25faa 0x4c4b400 0x2710 0xc80d8 0x2710 0x6be
LK          67     WRITE      4           0x00 0x00 0x00 0x2b2 0x2710 0x3b440320
LK          67     READ       24          0x25faa 0x4c4b400 0x2710 0xc2dcb 0x2710 0x6f4
LK          67     WRITE      4           0x00 0x00 0x00 0x2c8 0x2710 0x3b4405f0
LK          67     READ       24          0x25faa 0x4c4b400 0x2710 0xbddd6 0x2710 0x74d
LK          67     WRITE      4           0x00 0x00 0x00 0x2eb 0x2710 0x3b440890
LK          67     READ       24          0x25faa 0x4c4b400 0x2710 0xb90fa 0x2710 0x762
LK          67     WRITE      4           0x00 0x00 0x00 0x2f4 0x2710 0x3b440b30
LK          69     READ       24          0x25faa 0x4c4b400 0x2710 0xb42b4 0x2710 0x745
LK          69     WRITE      4           0x00 0x00 0x00 0x2e8 0x2710 0x3b4643b0
LK          69     READ       24          0x25faa 0x4c4b400 0x2710 0xc017e 0x2710 0x774
LK          69     WRITE      8           0xb71b0 0x00 0x00 0x2fb 0x2710 0x3b464650
LK          69     READ       24          0x25faa 0x4c4b400 0x2710 0xcdbbe 0x2710 0x7e5
LK          69     WRITE      4           0x00 0x00 0x00 0x328 0x2710 0x3b464920
LK          69     READ       24          0x25faa 0x4c4b400 0x2710 0xc8e9b 0x2710 0x740
LK          69     WRITE      4           0x00 0x00 0x00 0x2e6 0x2710 0x3b464bc0
LK          69     READ       24          0x25faa 0x4c4b400 0x2710 0xc45a5 0x2710 0x6ca
LK          69     WRITE      4           0x00 0x00 0x00 0x2b7 0x2710 0x3b464e60
LK          70     READ       24          0x25faa 0x4c4b400 0x2710 0xbf12f 0x2710 0xfffff2ff
LK          70     WRITE      4           0x00 0x00 0x00 0x00 0x2710 0x3b489240
LK          70     READ       24          0x25faa 0x4c4b400 0x2710 0xba8f5 0x2710 0xffffe3a3
LK          70     WRITE      4           0x00 0x00 0x00 0x00 0x2710 0x3b4894e0
LK          70     READ       24          0x25faa 0x4c4b400 0x2710 0xb5645 0x2710 0xffffe4d0
LK          70     WRITE      4           0x00 0x00 0x00 0x00 0x2710 0x3b4897b0
LK          70     READ       24          0x33134 0x4c4b400 0x2710 0xaf442 0x2710 0xffffef79
LK          70     WRITE      4           0x00 0x00 0x00 0x00 0x2710 0x3b489a50
LK          70     READ       24          0x33134 0x4c4b400 0x2710 0xb6057 0x2710 0xfffff2a0
LK          70     WRITE      8           0xb71b0 0x00 0x00 0x00 0x2710 0x3b489cf0
LK          72     READ       24          0x33134 0x4c4b400 0x2710 0xce6f1 0x2710 0xfffff07c
LK          72     WRITE      8           0xb71b0 0x00 0x00 0x00 0x2710 0x3b4aec90
LK          72     READ       24          0x33134 0x4c4b400 0x2710 0xcb134 0x2710 0xffffec37
LK          72     WRITE      4           0x00 0x00 0x00 0x00 0x2710 0x3b4aef30
LK          72     READ       24          0x33134 0x4c4b400 0x2710 0xc2d80 0x2710 0xfffff501
LK          72     WRITE      4           0x00 0x00 0x00 0x00 0x2710 0x3b4af200
LK          72     READ       24          0x33134 0x4c4b400 0x2710 0xb972e 0x2710 0xfffffa96
LK          72     WRITE      4           0x00 0x00 0x00 0x00 0x2710 0x3b4af4a0
LK          72     READ       24          0x33134 0x4c4b400 0x2710 0xb2b9f 0x2710 0xfffff862
LK          72     WRITE      4           0x00 0x00 0x00 0x00 0x2710 0x3b4af740
LK          73     READ       24          0x33134 0x4c4b400 0x2710 0xaa488 0x2710 0xfffff2bf
LK          73     WRITE      4           0x00 0x00 0x00 0x00 0x2710 0x3b4d5120
LK          73     READ       24          0x33134 0x4c4b400 0x2710 0xbb2c0 0x2710 0xffffeca3
LK          73     WRITE      8           0xb71b0 0x00 0x00 0x00 0x2710 0x3b4d53c0
LK          73     READ       24          0x33134 0x4c4b400 0x2710 0xca5fe 0x2710 0xffffe60f
LK          73     WRITE      4           0x00 0x00 0x00 0x00 0x2710 0x3b4d5690
LK          73     READ       24          0x33134 0x4c4b400 0x2710 0xc096e 0x2710 0xffffed7f
LK          73     WRITE      4           0x00 0x00 0x00 0x00 0x2710 0x3b4d5930
LK          73     READ       24          0x33134 0x4c4b400 0x2710 0xb9440 0x2710 0xffffefda
LK          73     WRITE      4           0x00 0x00 0x00 0x00 0x2710 0x3b4d5bd0
LK          75     READ       24          0x33134 0x4c4b400 0x2710 0xb161c 0x2710 0xffffee73
LK          75     WRITE      4           0x00 0x00 0x00 0x00 0x2710 0x3b4fc150
LK          75     READ       24          0x33134 0x4c4b400 0x2710 0xc0384 0x2710 0xffffebc8
LK          75     WRITE      8           0xb71b0 0x00 0x00 0x00 0x2710 0x3b4fc3f0
LK          75     READ       24          0x33134 0x4c4b400 0x2710 0xcfe94 0x2710 0xfffff591
LK          75     WRITE      4           0x00 0x00 0x00 0x00 0x2710 0x3b4fc6c0
LK          75     READ       24          0x33134 0x4c4b400 0x2710 0xc809a 0x2710 0xfffffad5
LK          75     WRITE      4           0x00 0x00 0x00 0x00 0x2710 0x3b4fc960
LK          75     READ       24          0x33134 0x4c4b400 0x2710 0xbf78c 0x2710 0xfffff871
LK          75     WRITE      4           0x00 0x00 0x00 0x00 0x2710 0x3b4fcc00
LK          76     READ       24          0x33134 0x4c4b400 0x2710 0xb7a9f 0x2710 0xfffff322
LK          76     WRITE      4           0x00 0x00 0x00 0x00 0x2710 0x3b523cc0
LK          76     READ       24          0x33134 0x4c4b400 0x2710 0xafba0 0x2710 0xffffec54
LK          76     WRITE      4           0x00 0x00 0x00 0x00 0x2710 0x3b523f60
LK          76     READ       24          0x33134 0x4c4b400 0x2710 0xad3f4 0x2710 0xfffff495
LK          76     WRITE      8           0xb71b0 0x00 0x00 0x00 0x2710 0x3b524230
LK          76     READ       24          0x33134 0x4c4b400 0x2710 0xc5346 0x2710 0xfffff4ae
LK          76     WRITE      8           0xb71b0 0x00 0x00 0x00 0x2710 0x3b5244d0
LK          76     READ       24          0x33134 0x4c4b400 0x2710 0xcb8f2 0x2710 0xfffff983
LK          76     WRITE      4           0x00 0x00 0x00 0x00 0x2710 0x3b524770
LK          78     READ       24          0x33134 0x4c4b400 0x2710 0xc264c 0x2710 0xbf0
LK          78     WRITE      4           0x00 0x00 0x00 0x4c6 0x2710 0x3b54c370
LK          78     READ       24          0x33134 0x4c4b400 0x2710 0xb9f18 0x2710 0x143b
LK          78     WRITE      4           0x00 0x00 0x00 0x7d0 0x2710 0x3b54c610
LK          78     READ       24          0x33134 0x4c4b400 0x2710 0xb516e 0x2710 0xf4a
LK          78     WRITE      8           0xb71b0 0x00 0x00 0x61d 0x2710 0x3b54c8e0
LK          78     READ       24          0x33134 0x4c4b400 0x2710 0xcc936 0x2710 0x6a1
LK          78     WRITE      8           0xb71b0 0x00 0x00 0x2a6 0x2710 0x3b54cb80
LK          78     READ       24          0x33134 0x4c4b400 0x2710 0xd275f 0x2710 0x2df
LK          78     WRITE      4           0x00 0x00 0x00 0x126 0x2710 0x3b54ce20
LK          79     READ       24          0x33134 0x4c4b400 0x2710 0xc9588 0x2710 0x41e
LK          79     WRITE      4           0x00 0x00 0x00 0x1a5 0x2710 0x3b575560
LK          79     READ       24          0x33134 0x4c4b400 0x2710 0xc128d 0x2710 0x7ea
LK          79     WRITE      4           0x00 0x00 0x00 0x32a 0x2710 0x3b575800
LK          79     READ       24          0x33134 0x4c4b400 0x2710 0xb9325 0x2710 0x8f3
LK          79     WRITE      4           0x00 0x00 0x00 0x394 0x2710 0x3b575ad0
LK          79     READ       24          0x33134 0x4c4b400 0x2710 0xb22ad 0x2710 0x7f5
LK          79     WRITE      4           0x00 0x00 0x00 0x32e 0x2710 0x3b575d70
LK          79     READ       24          0x33134 0x4c4b400 0x2710 0xb7ccf 0x2710 0x6e2
LK          79     WRITE      8           0xb71b0 0x00 0x00 0x2c0 0x2710 0x3b576010
LK          81     READ       24          0x33134 0x4c4b400 0x2710 0xce1f5 0x2710 0x738
LK          81     WRITE      8           0xb71b0 0x00 0x00 0x2e3 0x2710 0x3b59f1e0
LK          81     READ       24          0x33134 0x4c4b400 0x2710 0xcc4e9 0x2710 0x781
LK          81     WRITE      4           0x00 0x00 0x00 0x300 0x2710 0x3b59f480
LK          81     READ       24          0x33134 0x4c4b400 0x2710 0xc3c8d 0x2710 0x743
LK          81     WRITE      4           0x00 0x00 0x00 0x2e7 0x2710 0x3b59f750
LK          81     READ       24          0x33134 0x4c4b400 0x2710 0xbb8a0 0x2710 0x6f1
LK          81     WRITE      4           0x00 0x00 0x00 0x2c6 0x2710 0x3b59f9f0
LK          81     READ       24          0x33134 0x4c4b400 0x2710 0xb4b90 0x2710 0x6fa
LK          81     WRITE      4           0x00 0x00 0x00 0x2ca 0x2710 0x3b59fc90
LK          82     READ       24          0x33134 0x4c4b400 0x2710 0xad1f9 0x2710 0x737
LK          82     WRITE      4           0x00 0x00 0x00 0x2e2 0x2710 0x3b5c9c20
LK          82     READ       24          0x33134 0x4c4b400 0x2710 0xbb2ca 0x2710 0x78d
LK          82     WRITE      8           0xb71b0 0x00 0x00 0x305 0x2710 0x3b5c9ec0
LK          82     READ       24          0x33134 0x4c4b400 0x2710 0xce191 0x2710 0x7de
LK          82     WRITE      4           0x00 0x00 0x00 0x325 0x2710 0x3b5ca190
LK          82     READ       24          0x33134 0x4c4b400 0x2710 0xc59d0 0x2710 0x74d
LK          82     WRITE      4           0x00 0x00 0x00 0x2eb 0x2710 0x3b5ca430
LK          82     READ       24          0x33134 0x4c4b400 0x2710 0xbd626 0x2710 0x6e3
LK          82     WRITE      4           0x00 0x00 0x00 0x2c1 0x2710 0x3b5ca6d0
LK          84     READ       24          0x33134 0x4c4b400 0x2710 0xb4e01 0x2710 0x6e9
LK          84     WRITE      4           0x00 0x00 0x00 0x2c3 0x2710 0x3b5f4f70
LK          84     READ       24          0x33134 0x4c4b400 0x2710 0xc0504 0x2710 0x758
LK          84     WRITE      8           0xb71b0 0x00 0x00 0x2f0 0x2710 0x3b5f5210
LK          84     READ       24          0x33134 0x4c4b400 0x2710 0xd0332 0x2710 0x801
LK          84     WRITE      4           0x00 0x00 0x00 0x333 0x2710 0x3b5f54e0
LK          84     READ       24          0x33134 0x4c4b400 0x2710 0xc614d 0x2710 0x77c
LK          84     WRITE      4           0x00 0x00 0x00 0x2fe 0x2710 0x3b5f5780
LK          84     READ       24          0x33134 0x4c4b400 0x2710 0xbe4e0 0x2710 0x6f8
LK          84     WRITE      4           0x00 0x00 0x00 0x2c9 0x2710 0x3b5f5a20
LK          85     READ       24          0x33134 0x4c4b400 0x2710 0xb5076 0x2710 0x6c1
LK          85     WRITE      4           0x00 0x00 0x00 0x2b3 0x2710 0x3b620e60
LK          85     READ       24          0x33134 0x4c4b400 0x2710 0xc4d03 0x2710 0x750
LK          85     WRITE      8           0xb71b0 0x00 0x00 0x2ec 0x2710 0x3b621100
LK          85     READ       24          0x33134 0x4c4b400 0x2710 0xd2bb1 0x2710 0x804
LK          85     WRITE      4           0x00 0x00 0x00 0x334 0x2710 0x3b6213d0
LK          85     READ       24          0x33134 0x4c4b400 0x2710 0xc9446 0x2710 0x76e
LK          85     WRITE      4           0x00 0x00 0x00 0x2f8 0x2710 0x3b621670
LK          85     READ       24          0x33134 0x4c4b400 0x2710 0xc1837 0x2710 0x6f2
LK          85     WRITE      4           0x00 0x00 0x00 0x2c7 0x2710 0x3b621910
LK          87     READ       24          0x33134 0x4c4b400 0x2710 0xb8e79 0x2710 0x6af
LK          87     WRITE      4           0x00 0x00 0x00 0x2ac 0x2710 0x3b64d890
LK          87     READ       24          0x33134 0x4c4b400 0x2710 0xb047d 0x2710 0x6da
LK          87     WRITE      4           0x00 0x00 0x00 0x2bd 0x2710 0x3b64db30
LK          87     READ       24          0x33134 0x4c4b400 0x2710 0xab102 0x2710 0x635
LK          87     WRITE      8           0xb71b0 0x00 0x00 0x27b 0x2710 0x3b64de00
LK          87     READ       24          0x33134 0x4c4b400 0x2710 0xc4daa 0x2710 0xfffffcf0
LK          87     WRITE      8           0xb71b0 0x00 0x00 0x00 0x2710 0x3b64e0a0
LK          87     READ       24          0x33134 0x4c4b400 0x2710 0xc902e 0x2710 0xfffff786
LK          87     WRITE      4           0x00 0x00 0x00 0x00 0x2710 0x3b64e340
LK          88     READ       24          0x33134 0x4c4b400 0x2710 0xbfce4 0x2710 0xfffff461
LK          88     WRITE      4           0x00 0x00 0x00 0x00 0x2710 0x3b67ae00
LK          88     READ       24          0x33134 0x4c4b400 0x2710 0xb7900 0x2710 0xfffff497
LK          88     WRITE      4           0x00 0x00 0x00 0x00 0x2710 0x3b67b0a0
LK          88     READ       24          0x33134 0x4c4b400 0x2710 0xb3d85 0x2710 0xfffff67c
LK          88     WRITE      8           0xb71b0 0x00 0x00 0x00 0x2710 0x3b67b370
LK          88     READ       24          0x33134 0x4c4b400 0x2710 0xcbcd0 0x2710 0xfffff9ca
LK          88     WRITE      8           0xb71b0 0x00 0x00 0x00 0x2710 0x3b67b610
LK          88     READ       24          0x33134 0x4c4b400 0x2710 0xd050a 0x2710 0xfffffe1a
LK          88     WRITE      4           0x00 0x00 0x00 0x00 0x2710 0x3b67b8b0
LK          90     READ       24          0x33134 0x4c4b400 0x2710 0xc775d 0x2710 0x170
LK          90     WRITE      4           0x00 0x00 0x00 0x93 0x2710 0x3b6a8ec0
LK          90     READ       24          0x33134 0x4c4b400 0x2710 0xbf852 0x2710 0x291
LK          90     WRITE      4           0x00 0x00 0x00 0x106 0x2710 0x3b6a9160
LK          90     READ       24          0x33134 0x4c4b400 0x2710 0xb7de3 0x2710 0x17f
LK          90     WRITE      4           0x00 0x00 0x00 0x99 0x2710 0x3b6a9430
LK          90     READ       24          0x33134 0x4c4b400 0x2710 0xaf857 0x2710 0xffffff90
LK          90     WRITE      4           0x00 0x00 0x00 0x00 0x2710 0x3b6a96d0
LK          90     READ       24          0x33134 0x4c4b400 0x2710 0xb3ac4 0x2710 0xfffffed7
LK          90     WRITE      8           0xb71b0 0x00 0x00 0x00 0x2710 0x3b6a9970
LK          91     READ       24          0x33134 0x4c4b400 0x2710 0xcbb5d 0x2710 0xfffffe20
LK          91     WRITE      8           0xb71b0 0x00 0x00 0x00 0x2710 0x3b6d7ab0
LK          91     READ       24          0x33134 0x4c4b400 0x2710 0xcb5b1 0x2710 0xfffffd4d
LK          91     WRITE      4           0x00 0x00 0x00 0x00 0x2710 0x3b6d7d50
LK          91     READ       24          0x33134 0x4c4b400 0x2710 0xc3e60 0x2710 0xfffffca9
LK          91     WRITE      4           0x00 0x00 0x00 0x00 0x2710 0x3b6d8020
LK          91     READ       24          0x33134 0x4c4b400 0x2710 0xbae94 0x2710 0xfffffbe7
LK          91     WRITE      4           0x00 0x00 0x00 0x00 0x2710 0x3b6d82c0
LK          91     READ       24          0x33134 0x4c4b400 0x2710 0xb37db 0x2710 0xfffffc3e
LK          91     WRITE      4           0x00 0x00 0x00 0x00 0x2710 0x3b6d8560
LK          93     READ       24          0x33134 0x4c4b400 0x2710 0xab694 0x2710 0xfffffc58
LK          93     WRITE      4           0x00 0x00 0x00 0x00 0x2710 0x3b707130
LK          93     READ       24          0x33134 0x4c4b400 0x2710 0xba2cd 0x2710 0xfffffc45
LK          93     WRITE      8           0xb71b0 0x00 0x00 0x00 0x2710 0x3b7073d0
LK          93     READ       24          0x33134 0x4c4b400 0x2710 0xc8ef3 0x2710 0xfffffc2f
LK          93     WRITE      4           0x00 0x00 0x00 0x00 0x2710 0x3b7076a0
LK          93     READ       24          0x33134 0x4c4b400 0x2710 0xc057c 0x2710 0xfffffc1a
LK          93     WRITE      4           0x00 0x00 0x00 0x00 0x2710 0x3b707940
LK          93     READ       24          0x33134 0x4c4b400 0x2710 0xb93ec 0x2710 0xfffffc08
LK          93     WRITE      4           0x00 0x00 0x00 0x00 0x2710 0x3b707be0
LK          94     READ       24          0x33134 0x4c4b400 0x2710 0xb0d17 0x2710 0xfffffd1a
LK          94     WRITE      4           0x00 0x00 0x00 0x00 0x2710 0x3b737420
LK          94     READ       24          0x33134 0x4c4b400 0x2710 0xbe029 0x2710 0xfffffdac
LK          94     WRITE      8           0xb71b0 0x00 0x00 0x00 0x2710 0x3b7376c0
