[TIME][JOB ID][EVENT TYPE]
0      J00     STARTED
0      J00     RELEASED
2      J00     FINISHED
25     J10     RELEASED
25     J10     STARTED
32     J10     FINISHED
50     J01     RELEASED
50     J01     STARTED
52     J01     FINISHED
100    J02     STARTED
100    J20     STARTED
100    J20     RELEASED
100    J02     RELEASED
102    J02     FINISHED
107    J20     FINISHED
150    J03     RELEASED
150    J03     STARTED
152    J03     FINISHED
200    J30     STARTED
200    J30     RELEASED
200    J04     STARTED
200    J04     RELEASED
202    J04     FINISHED
207    J30     FINISHED
250    J05     RELEASED
250    J05     STARTED
252    J05     FINISHED
300    J06     RELEASED
300    J06     STARTED
300    J40     RELEASED
300    J40     STARTED
302    J06     FINISHED
307    J40     FINISHED
350    J07     RELEASED
350    J07     STARTED
352    J07     FINISHED
400    J08     RELEASED
400    J08     STARTED
400    J50     RELEASED
400    J50     STARTED
402    J08     FINISHED
407    J50     FINISHED
450    J09     RELEASED
450    J09     STARTED
452    J09     FINISHED
500    J010    STARTED
500    J010    RELEASED
502    J010    FINISHED
525    J11     RELEASED
525    J11     STARTED
532    J11     FINISHED
550    J011    RELEASED
550    J011    STARTED
552    J011    FINISHED
600    J012    STARTED
600    J21     STARTED
600    J21     RELEASED
600    J012    RELEASED
602    J012    FINISHED
607    J21     FINISHED
650    J013    RELEASED
650    J013    STARTED
652    J013    FINISHED
700    J31     STARTED
700    J31     RELEASED
700    J014    STARTED
700    J014    RELEASED
702    J014    FINISHED
707    J31     FINISHED
750    J015    RELEASED
750    J015    STARTED
752    J015    FINISHED
800    J016    RELEASED
800    J016    STARTED
800    J41     RELEASED
800    J41     STARTED
802    J016    FINISHED
807    J41     FINISHED
850    J017    RELEASED
850    J017    STARTED
852    J017    FINISHED
900    J018    RELEASED
900    J018    STARTED
900    J51     RELEASED
900    J51     STARTED
902    J018    FINISHED
907    J51     FINISHED
950    J019    RELEASED
950    J019    STARTED
952    J019    FINISHED
1000   J020    STARTED
1000   J020    RELEASED
1002   J020    FINISHED
1025   J12     RELEASED
1025   J12     STARTED
1032   J12     FINISHED
1050   J021    RELEASED
1050   J021    STARTED
1052   J021    FINISHED
1100   J022    STARTED
1100   J22     STARTED
1100   J22     RELEASED
1100   J022    RELEASED
1102   J022    FINISHED
1107   J22     FINISHED
1150   J023    RELEASED
1150   J023    STARTED
1152   J023    FINISHED
1200   J32     STARTED
1200   J32     RELEASED
1200   J024    STARTED
1200   J024    RELEASED
1202   J024    FINISHED
1207   J32     FINISHED
1250   J025    RELEASED
1250   J025    STARTED
1252   J025    FINISHED
1300   J026    RELEASED
1300   J026    STARTED
1300   J42     RELEASED
1300   J42     STARTED
1302   J026    FINISHED
1307   J42     FINISHED
1350   J027    RELEASED
1350   J027    STARTED
1352   J027    FINISHED
1400   J028    RELEASED
1400   J028    STARTED
1400   J52     RELEASED
1400   J52     STARTED
1402   J028    FINISHED
1407   J52     FINISHED
1450   J029    RELEASED
1450   J029    STARTED
1452   J029    FINISHED
1500   J030    STARTED
1500   J030    RELEASED
1502   J030    FINISHED
1525   J13     RELEASED
1525   J13     STARTED
1532   J13     FINISHED
1550   J031    RELEASED
1550   J031    STARTED
1552   J031    FINISHED
1600   J032    STARTED
1600   J23     STARTED
1600   J23     RELEASED
1600   J032    RELEASED
1602   J032    FINISHED
1607   J23     FINISHED
1650   J033    RELEASED
1650   J033    STARTED
1652   J033    FINISHED
1700   J33     STARTED
1700   J33     RELEASED
1700   J034    STARTED
1700   J034    RELEASED
1702   J034    FINISHED
1707   J33     FINISHED
1750   J035    RELEASED
1750   J035    STARTED
1752   J035    FINISHED
1800   J036    RELEASED
1800   J036    STARTED
1800   J43     RELEASED
1800   J43     STARTED
1802   J036    FINISHED
1807   J43     FINISHED
1850   J037    RELEASED
1850   J037    STARTED
1852   J037    FINISHED
1900   J038    RELEASED
1900   J038    STARTED
1900   J53     RELEASED
1900   J53     STARTED
1902   J038    FINISHED
1907   J53     FINISHED
1950   J039    RELEASED
1950   J039    STARTED
1952   J039    FINISHED
2000   J040    STARTED
2000   J040    RELEASED
2002   J040    FINISHED
2025   J14     RELEASED
2025   J14     STARTED
2032   J14     FINISHED
2050   J041    RELEASED
2050   J041    STARTED
2052   J041    FINISHED
2100   J042    STARTED
2100   J24     STARTED
2100   J24     RELEASED
2100   J042    RELEASED
2102   J042    FINISHED
2107   J24     FINISHED
2150   J043    RELEASED
2150   J043    STARTED
2152   J043    FINISHED
2200   J34     STARTED
2200   J34     RELEASED
2200   J044    STARTED
2200   J044    RELEASED
2202   J044    FINISHED
2207   J34     FINISHED
2250   J045    RELEASED
2250   J045    STARTED
2252   J045    FINISHED
2300   J046    RELEASED
2300   J046    STARTED
2300   J44     RELEASED
2300   J44     STARTED
2302   J046    FINISHED
2307   J44     FINISHED
2350   J047    RELEASED
2350   J047    STARTED
2352   J047    FINISHED
2400   J048    RELEASED
2400   J048    STARTED
2400   J54     RELEASED
2400   J54     STARTED
2402   J048    FINISHED
2407   J54     FINISHED
2450   J049    RELEASED
2450   J049    STARTED
2452   J049    FINISHED
2500   J050    STARTED
2500   J050    RELEASED
2502   J050    FINISHED
2525   J15     RELEASED
2525   J15     STARTED
2532   J15     FINISHED
2550   J051    RELEASED
2550   J051    STARTED
2552   J051    FINISHED
2600   J052    STARTED
2600   J25     STARTED
2600   J25     RELEASED
2600   J052    RELEASED
2602   J052    FINISHED
2607   J25     FINISHED
2650   J053    RELEASED
2650   J053    STARTED
2652   J053    FINISHED
2700   J35     STARTED
2700   J35     RELEASED
2700   J054    STARTED
2700   J054    RELEASED
2702   J054    FINISHED
2707   J35     FINISHED
2750   J055    RELEASED
2750   J055    STARTED
2752   J055    FINISHED
2800   J056    RELEASED
2800   J056    STARTED
2800   J45     RELEASED
2800   J45     STARTED
2802   J056    FINISHED
2807   J45     FINISHED
2850   J057    RELEASED
2850   J057    STARTED
2852   J057    FINISHED
2900   J058    RELEASED
2900   J058    STARTED
2900   J55     RELEASED
2900   J55     STARTED
2902   J058    FINISHED
2907   J55     FINISHED
2950   J059    RELEASED
2950   J059    STARTED
2952   J059    FINISHED
3000   J060    STARTED
3000   J060    RELEASED
3002   J060    FINISHED
3025   J16     RELEASED
3025   J16     STARTED
3032   J16     FINISHED
3050   J061    RELEASED
3050   J061    STARTED
3052   J061    FINISHED
3100   J062    STARTED
3100   J26     STARTED
3100   J26     RELEASED
3100   J062    RELEASED
3102   J062    FINISHED
3107   J26     FINISHED
3150   J063    RELEASED
3150   J063    STARTED
3152   J063    FINISHED
3200   J36     STARTED
3200   J36     RELEASED
3200   J064    STARTED
3200   J064    RELEASED
3202   J064    FINISHED
3207   J36     FINISHED
3250   J065    RELEASED
3250   J065    STARTED
3252   J065    FINISHED
3300   J066    RELEASED
3300   J066    STARTED
3300   J46     RELEASED
3300   J46     STARTED
3302   J066    FINISHED
3307   J46     FINISHED
3350   J067    RELEASED
3350   J067    STARTED
3352   J067    FINISHED
3400   J068    RELEASED
3400   J068    STARTED
3400   J56     RELEASED
3400   J56     STARTED
3402   J068    FINISHED
3407   J56     FINISHED
3450   J069    RELEASED
3450   J069    STARTED
3452   J069    FINISHED
3500   J070    STARTED
3500   J070    RELEASED
3502   J070    FINISHED
3525   J17     RELEASED
3525   J17     STARTED
3532   J17     FINISHED
3550   J071    RELEASED
3550   J071    STARTED
3552   J071    FINISHED
3600   J072    STARTED
3600   J27     STARTED
3600   J27     RELEASED
3600   J072    RELEASED
3602   J072    FINISHED
3607   J27     FINISHED
3650   J073    RELEASED
3650   J073    STARTED
3652   J073    FINISHED
3700   J37     STARTED
3700   J37     RELEASED
3700   J074    STARTED
3700   J074    RELEASED
3702   J074    FINISHED
3707   J37     FINISHED
3750   J075    RELEASED
3750   J075    STARTED
3752   J075    FINISHED
3800   J076    RELEASED
3800   J076    STARTED
3800   J47     RELEASED
3800   J47     STARTED
3802   J076    FINISHED
3807   J47     FINISHED
3850   J077    RELEASED
3850   J077    STARTED
3852   J077    FINISHED
3900   J078    RELEASED
3900   J078    STARTED
3900   J57     RELEASED
3900   J57     STARTED
3902   J078    FINISHED
3907   J57     FINISHED
3950   J079    RELEASED
3950   J079    STARTED
3952   J079    FINISHED
4000   J080    STARTED
4000   J080    RELEASED
4002   J080    FINISHED
4025   J18     RELEASED
4025   J18     STARTED
4032   J18     FINISHED
4050   J081    RELEASED
4050   J081    STARTED
4052   J081    FINISHED
4100   J082    STARTED
4100   J28     STARTED
4100   J28     RELEASED
4100   J082    RELEASED
4102   J082    FINISHED
4107   J28     FINISHED
4150   J083    RELEASED
4150   J083    STARTED
4152   J083    FINISHED
4200   J38     STARTED
4200   J38     RELEASED
4200   J084    STARTED
4200   J084    RELEASED
4202   J084    FINISHED
4207   J38     FINISHED
4250   J085    RELEASED
4250   J085    STARTED
4252   J085    FINISHED
4300   J086    RELEASED
4300   J086    STARTED
4300   J48     RELEASED
4300   J48     STARTED
4302   J086    FINISHED
4307   J48     FINISHED
4350   J087    RELEASED
4350   J087    STARTED
4352   J087    FINISHED
4400   J088    RELEASED
4400   J088    STARTED
4400   J58     RELEASED
4400   J58     STARTED
4402   J088    FINISHED
4407   J58     FINISHED
4450   J089    RELEASED
4450   J089    STARTED
4452   J089    FINISHED
4500   J090    STARTED
4500   J090    RELEASED
4502   J090    FINISHED
4525   J19     RELEASED
4525   J19     STARTED
4532   J19     FINISHED
4550   J091    RELEASED
4550   J091    STARTED
4552   J091    FINISHED
4600   J092    STARTED
4600   J29     STARTED
4600   J29     RELEASED
4600   J092    RELEASED
4602   J092    FINISHED
4607   J29     FINISHED
4650   J093    RELEASED
4650   J093    STARTED
4652   J093    FINISHED
4700   J39     STARTED
4700   J39     RELEASED
4700   J094    STARTED
4700   J094    RELEASED
4702   J094    FINISHED
4707   J39     FINISHED
4750   J095    RELEASED
4750   J095    STARTED
4752   J095    FINISHED
4800   J096    RELEASED
4800   J096    STARTED
4800   J49     RELEASED
4800   J49     STARTED
4802   J096    FINISHED
4807   J49     FINISHED
4850   J097    RELEASED
4850   J097    STARTED
4852   J097    FINISHED
4900   J098    RELEASED
4900   J098    STARTED
4900   J59     RELEASED
4900   J59     STARTED
4902   J098    FINISHED
4907   J59     FINISHED
4950   J099    RELEASED
4950   J099    STARTED
4952   J099    FINISHED
5000   J0100   STARTED
5000   J0100   RELEASED
5002   J0100   FINISHED
5025   J110    RELEASED
5025   J110    STARTED
5032   J110    FINISHED
5050   J0101   RELEASED
5050   J0101   STARTED
5052   J0101   FINISHED
5100   J0102   STARTED
5100   J210    STARTED
5100   J210    RELEASED
5100   J0102   RELEASED
5102   J0102   FINISHED
5107   J210    FINISHED
5150   J0103   RELEASED
5150   J0103   STARTED
5152   J0103   FINISHED
5200   J310    STARTED
5200   J310    RELEASED
5200   J0104   STARTED
5200   J0104   RELEASED
5202   J0104   FINISHED
5207   J310    FINISHED
5250   J0105   RELEASED
5250   J0105   STARTED
5252   J0105   FINISHED
5300   J0106   RELEASED
5300   J0106   STARTED
5300   J410    RELEASED
5300   J410    STARTED
5302   J0106   FINISHED
5307   J410    FINISHED
5350   J0107   RELEASED
5350   J0107   STARTED
5352   J0107   FINISHED
5400   J0108   RELEASED
5400   J0108   STARTED
5400   J510    RELEASED
5400   J510    STARTED
5402   J0108   FINISHED
5407   J510    FINISHED
5450   J0109   RELEASED
5450   J0109   STARTED
5452   J0109   FINISHED
5500   J0110   STARTED
5500   J0110   RELEASED
5502   J0110   FINISHED
5525   J111    RELEASED
5525   J111    STARTED
5532   J111    FINISHED
5550   J0111   RELEASED
5550   J0111   STARTED
5552   J0111   FINISHED
5600   J0112   STARTED
5600   J211    STARTED
5600   J211    RELEASED
5600   J0112   RELEASED
5602   J0112   FINISHED
5607   J211    FINISHED
5650   J0113   RELEASED
5650   J0113   STARTED
5652   J0113   FINISHED
5700   J311    STARTED
5700   J311    RELEASED
5700   J0114   STARTED
5700   J0114   RELEASED
5702   J0114   FINISHED
5707   J311    FINISHED
5750   J0115   RELEASED
5750   J0115   STARTED
5752   J0115   FINISHED
5800   J0116   RELEASED
5800   J0116   STARTED
5800   J411    RELEASED
5800   J411    STARTED
5802   J0116   FINISHED
5807   J411    FINISHED
5850   J0117   RELEASED
5850   J0117   STARTED
5852   J0117   FINISHED
5900   J0118   RELEASED
5900   J0118   STARTED
5900   J511    RELEASED
5900   J511    STARTED
5902   J0118   FINISHED
5907   J511    FINISHED
5950   J0119   RELEASED
5950   J0119   STARTED
5952   J0119   FINISHED
6000   J0120   STARTED
6000   J0120   RELEASED
6002   J0120   FINISHED
6025   J112    RELEASED
6025   J112    STARTED
6032   J112    FINISHED
6050   J0121   RELEASED
6050   J0121   STARTED
6052   J0121   FINISHED
6100   J0122   STARTED
6100   J212    STARTED
6100   J212    RELEASED
6100   J0122   RELEASED
6102   J0122   FINISHED
6107   J212    FINISHED
6150   J0123   RELEASED
6150   J0123   STARTED
6152   J0123   FINISHED
6200   J312    STARTED
6200   J312    RELEASED
6200   J0124   STARTED
6200   J0124   RELEASED
6202   J0124   FINISHED
6207   J312    FINISHED
6250   J0125   RELEASED
6250   J0125   STARTED
6252   J0125   FINISHED
6300   J0126   RELEASED
6300   J0126   STARTED
6300   J412    RELEASED
6300   J412    STARTED
6302   J0126   FINISHED
6307   J412    FINISHED
6350   J0127   RELEASED
6350   J0127   STARTED
6352   J0127   FINISHED
6400   J0128   RELEASED
6400   J0128   STARTED
6400   J512    RELEASED
6400   J512    STARTED
6402   J0128   FINISHED
6407   J512    FINISHED
6450   J0129   RELEASED
6450   J0129   STARTED
6452   J0129   FINISHED
6500   J0130   STARTED
6500   J0130   RELEASED
6502   J0130   FINISHED
6525   J113    RELEASED
6525   J113    STARTED
6532   J113    FINISHED
6550   J0131   RELEASED
6550   J0131   STARTED
6552   J0131   FINISHED
6600   J0132   STARTED
6600   J213    STARTED
6600   J213    RELEASED
6600   J0132   RELEASED
6602   J0132   FINISHED
6607   J213    FINISHED
6650   J0133   RELEASED
6650   J0133   STARTED
6652   J0133   FINISHED
6700   J313    STARTED
6700   J313    RELEASED
6700   J0134   STARTED
6700   J0134   RELEASED
6702   J0134   FINISHED
6707   J313    FINISHED
6750   J0135   RELEASED
6750   J0135   STARTED
6752   J0135   FINISHED
6800   J0136   RELEASED
6800   J0136   STARTED
6800   J413    RELEASED
6800   J413    STARTED
6802   J0136   FINISHED
6807   J413    FINISHED
6850   J0137   RELEASED
6850   J0137   STARTED
6852   J0137   FINISHED
6900   J0138   RELEASED
6900   J0138   STARTED
6900   J513    RELEASED
6900   J513    STARTED
6902   J0138   FINISHED
6907   J513    FINISHED
6950   J0139   RELEASED
6950   J0139   STARTED
6952   J0139   FINISHED
7000   J0140   STARTED
7000   J0140   RELEASED
7002   J0140   FINISHED
7025   J114    RELEASED
7025   J114    STARTED
7032   J114    FINISHED
7050   J0141   RELEASED
7050   J0141   STARTED
7052   J0141   FINISHED
7100   J0142   STARTED
7100   J214    STARTED
7100   J214    RELEASED
7100   J0142   RELEASED
7102   J0142   FINISHED
7107   J214    FINISHED
7150   J0143   RELEASED
7150   J0143   STARTED
7152   J0143   FINISHED
7200   J314    STARTED
7200   J314    RELEASED
7200   J0144   STARTED
7200   J0144   RELEASED
7202   J0144   FINISHED
7207   J314    FINISHED
7250   J0145   RELEASED
7250   J0145   STARTED
7252   J0145   FINISHED
7300   J0146   RELEASED
7300   J0146   STARTED
7300   J414    RELEASED
7300   J414    STARTED
7302   J0146   FINISHED
7307   J414    FINISHED
7350   J0147   RELEASED
7350   J0147   STARTED
7352   J0147   FINISHED
7400   J0148   RELEASED
7400   J0148   STARTED
7400   J514    RELEASED
7400   J514    STARTED
7402   J0148   FINISHED
7407   J514    FINISHED
7450   J0149   RELEASED
7450   J0149   STARTED
7452   J0149   FINISHED
7500   J0150   STARTED
7500   J0150   RELEASED
7502   J0150   FINISHED
7525   J115    RELEASED
7525   J115    STARTED
7532   J115    FINISHED
7550   J0151   RELEASED
7550   J0151   STARTED
7552   J0151   FINISHED
7600   J0152   STARTED
7600   J215    STARTED
7600   J215    RELEASED
7600   J0152   RELEASED
7602   J0152   FINISHED
7607   J215    FINISHED
7650   J0153   RELEASED
7650   J0153   STARTED
7652   J0153   FINISHED
7700   J315    STARTED
7700   J315    RELEASED
7700   J0154   STARTED
7700   J0154   RELEASED
7702   J0154   FINISHED
7707   J315    FINISHED
7750   J0155   RELEASED
7750   J0155   STARTED
7752   J0155   FINISHED
7800   J0156   RELEASED
7800   J0156   STARTED
7800   J415    RELEASED
7800   J415    STARTED
7802   J0156   FINISHED
7807   J415    FINISHED
7850   J0157   RELEASED
7850   J0157   STARTED
7852   J0157   FINISHED
7900   J0158   RELEASED
7900   J0158   STARTED
7900   J515    RELEASED
7900   J515    STARTED
7902   J0158   FINISHED
7907   J515    FINISHED
7950   J0159   RELEASED
7950   J0159   STARTED
7952   J0159   FINISHED
8000   J0160   STARTED
8000   J0160   RELEASED
8002   J0160   FINISHED
8025   J116    RELEASED
8025   J116    STARTED
8032   J116    FINISHED
8050   J0161   RELEASED
8050   J0161   STARTED
8052   J0161   FINISHED
8100   J0162   STARTED
8100   J216    STARTED
8100   J216    RELEASED
8100   J0162   RELEASED
8102   J0162   FINISHED
8107   J216    FINISHED
8150   J0163   RELEASED
8150   J0163   STARTED
8152   J0163   FINISHED
8200   J316    STARTED
8200   J316    RELEASED
8200   J0164   STARTED
8200   J0164   RELEASED
8202   J0164   FINISHED
8207   J316    FINISHED
8250   J0165   RELEASED
8250   J0165   STARTED
8252   J0165   FINISHED
8300   J0166   RELEASED
8300   J0166   STARTED
8300   J416    RELEASED
8300   J416    STARTED
8302   J0166   FINISHED
8307   J416    FINISHED
8350   J0167   RELEASED
8350   J0167   STARTED
8352   J0167   FINISHED
8400   J0168   RELEASED
8400   J0168   STARTED
8400   J516    RELEASED
8400   J516    STARTED
8402   J0168   FINISHED
8407   J516    FINISHED
8450   J0169   RELEASED
8450   J0169   STARTED
8452   J0169   FINISHED
8500   J0170   STARTED
8500   J0170   RELEASED
8502   J0170   FINISHED
8525   J117    RELEASED
8525   J117    STARTED
8532   J117    FINISHED
8550   J0171   RELEASED
8550   J0171   STARTED
8552   J0171   FINISHED
8600   J0172   STARTED
8600   J217    STARTED
8600   J217    RELEASED
8600   J0172   RELEASED
8602   J0172   FINISHED
8607   J217    FINISHED
8650   J0173   RELEASED
8650   J0173   STARTED
8652   J0173   FINISHED
8700   J317    STARTED
8700   J317    RELEASED
8700   J0174   STARTED
8700   J0174   RELEASED
8702   J0174   FINISHED
8707   J317    FINISHED
8750   J0175   RELEASED
8750   J0175   STARTED
8752   J0175   FINISHED
8800   J0176   RELEASED
8800   J0176   STARTED
8800   J417    RELEASED
8800   J417    STARTED
8802   J0176   FINISHED
8807   J417    FINISHED
8850   J0177   RELEASED
8850   J0177   STARTED
8852   J0177   FINISHED
8900   J0178   RELEASED
8900   J0178   STARTED
8900   J517    RELEASED
8900   J517    STARTED
8902   J0178   FINISHED
8907   J517    FINISHED
8950   J0179   RELEASED
8950   J0179   STARTED
8952   J0179   FINISHED
9000   J0180   STARTED
9000   J0180   RELEASED
9002   J0180   FINISHED
9025   J118    RELEASED
9025   J118    STARTED
9032   J118    FINISHED
9050   J0181   RELEASED
9050   J0181   STARTED
9052   J0181   FINISHED
9100   J0182   STARTED
9100   J218    STARTED
9100   J218    RELEASED
9100   J0182   RELEASED
9102   J0182   FINISHED
9107   J218    FINISHED
9150   J0183   RELEASED
9150   J0183   STARTED
9152   J0183   FINISHED
9200   J318    STARTED
9200   J318    RELEASED
9200   J0184   STARTED
9200   J0184   RELEASED
9202   J0184   FINISHED
9207   J318    FINISHED
9250   J0185   RELEASED
9250   J0185   STARTED
9252   J0185   FINISHED
9300   J0186   RELEASED
9300   J0186   STARTED
9300   J418    RELEASED
9300   J418    STARTED
9302   J0186   FINISHED
9307   J418    FINISHED
9350   J0187   RELEASED
9350   J0187   STARTED
9352   J0187   FINISHED
9400   J0188   RELEASED
9400   J0188   STARTED
9400   J518    RELEASED
9400   J518    STARTED
9402   J0188   FINISHED
9407   J518    FINISHED
9450   J0189   RELEASED
9450   J0189   STARTED
9452   J0189   FINISHED
9500   J0190   STARTED
9500   J0190   RELEASED
9502   J0190   FINISHED
9525   J119    RELEASED
9525   J119    STARTED
9532   J119    FINISHED
9550   J0191   RELEASED
9550   J0191   STARTED
9552   J0191   FINISHED
9600   J0192   STARTED
9600   J219    STARTED
9600   J219    RELEASED
9600   J0192   RELEASED
9602   J0192   FINISHED
9607   J219    FINISHED
9650   J0193   RELEASED
9650   J0193   STARTED
9652   J0193   FINISHED
9700   J319    STARTED
9700   J319    RELEASED
9700   J0194   STARTED
9700   J0194   RELEASED
9702   J0194   FINISHED
9707   J319    FINISHED
9750   J0195   RELEASED
9750   J0195   STARTED
9752   J0195   FINISHED
9800   J0196   RELEASED
9800   J0196   STARTED
9800   J419    RELEASED
9800   J419    STARTED
9802   J0196   FINISHED
9807   J419    FINISHED
9850   J0197   RELEASED
9850   J0197   STARTED
9852   J0197   FINISHED
9900   J0198   RELEASED
9900   J0198   STARTED
9900   J519    RELEASED
9900   J519    STARTED
9902   J0198   FINISHED
9907   J519    FINISHED
9950   J0199   RELEASED
9950   J0199   STARTED
9952   J0199   FINISHED
10000  J0200   STARTED
10000  J0200   RELEASED
10002  J0200   FINISHED
10025  J120    RELEASED
10025  J120    STARTED
10032  J120    FINISHED
10050  J0201   RELEASED
10050  J0201   STARTED
10052  J0201   FINISHED
10100  J0202   STARTED
10100  J220    STARTED
10100  J220    RELEASED
10100  J0202   RELEASED
10102  J0202   FINISHED
10107  J220    FINISHED
10150  J0203   RELEASED
10150  J0203   STARTED
10152  J0203   FINISHED
10200  J320    STARTED
10200  J320    RELEASED
10200  J0204   STARTED
10200  J0204   RELEASED
10202  J0204   FINISHED
10207  J320    FINISHED
10250  J0205   RELEASED
10250  J0205   STARTED
10252  J0205   FINISHED
10300  J0206   RELEASED
10300  J0206   STARTED
10300  J420    RELEASED
10300  J420    STARTED
10302  J0206   FINISHED
10307  J420    FINISHED
10350  J0207   RELEASED
10350  J0207   STARTED
10352  J0207   FINISHED
10400  J0208   RELEASED
10400  J0208   STARTED
10400  J520    RELEASED
10400  J520    STARTED
10402  J0208   FINISHED
10407  J520    FINISHED
10450  J0209   RELEASED
10450  J0209   STARTED
10452  J0209   FINISHED
10500  J0210   STARTED
10500  J0210   RELEASED
10502  J0210   FINISHED
10525  J121    RELEASED
10525  J121    STARTED
10532  J121    FINISHED
10550  J0211   RELEASED
10550  J0211   STARTED
10552  J0211   FINISHED
10600  J0212   STARTED
10600  J221    STARTED
10600  J221    RELEASED
10600  J0212   RELEASED
10602  J0212   FINISHED
10607  J221    FINISHED
10650  J0213   RELEASED
10650  J0213   STARTED
10652  J0213   FINISHED
10700  J321    STARTED
10700  J321    RELEASED
10700  J0214   STARTED
10700  J0214   RELEASED
10702  J0214   FINISHED
10707  J321    FINISHED
10750  J0215   RELEASED
10750  J0215   STARTED
10752  J0215   FINISHED
10800  J0216   RELEASED
10800  J0216   STARTED
10800  J421    RELEASED
10800  J421    STARTED
10802  J0216   FINISHED
10807  J421    FINISHED
10850  J0217   RELEASED
10850  J0217   STARTED
10852  J0217   FINISHED
10900  J0218   RELEASED
10900  J0218   STARTED
10900  J521    RELEASED
10900  J521    STARTED
10902  J0218   FINISHED
10907  J521    FINISHED
10950  J0219   RELEASED
10950  J0219   STARTED
10952  J0219   FINISHED
11000  J0220   STARTED
11000  J0220   RELEASED
11002  J0220   FINISHED
11025  J122    RELEASED
11025  J122    STARTED
11032  J122    FINISHED
11050  J0221   RELEASED
11050  J0221   STARTED
11052  J0221   FINISHED
11100  J0222   STARTED
11100  J222    STARTED
11100  J222    RELEASED
11100  J0222   RELEASED
11102  J0222   FINISHED
11107  J222    FINISHED
11150  J0223   RELEASED
11150  J0223   STARTED
11152  J0223   FINISHED
11200  J322    STARTED
11200  J322    RELEASED
11200  J0224   STARTED
11200  J0224   RELEASED
11202  J0224   FINISHED
11207  J322    FINISHED
11250  J0225   RELEASED
11250  J0225   STARTED
11252  J0225   FINISHED
11300  J0226   RELEASED
11300  J0226   STARTED
11300  J422    RELEASED
11300  J422    STARTED
11302  J0226   FINISHED
11307  J422    FINISHED
11350  J0227   RELEASED
11350  J0227   STARTED
11352  J0227   FINISHED
11400  J0228   RELEASED
11400  J0228   STARTED
11400  J522    RELEASED
11400  J522    STARTED
11402  J0228   FINISHED
11407  J522    FINISHED
11450  J0229   RELEASED
11450  J0229   STARTED
11452  J0229   FINISHED
11500  J0230   STARTED
11500  J0230   RELEASED
11502  J0230   FINISHED
11525  J123    RELEASED
11525  J123    STARTED
11532  J123    FINISHED
11550  J0231   RELEASED
11550  J0231   STARTED
11552  J0231   FINISHED
11600  J0232   STARTED
11600  J223    STARTED
11600  J223    RELEASED
11600  J0232   RELEASED
11602  J0232   FINISHED
11607  J223    FINISHED
11650  J0233   RELEASED
11650  J0233   STARTED
11652  J0233   FINISHED
11700  J323    STARTED
11700  J323    RELEASED
11700  J0234   STARTED
11700  J0234   RELEASED
11702  J0234   FINISHED
11707  J323    FINISHED
11750  J0235   RELEASED
11750  J0235   STARTED
11752  J0235   FINISHED
11800  J0236   RELEASED
11800  J0236   STARTED
11800  J423    RELEASED
11800  J423    STARTED
11802  J0236   FINISHED
11807  J423    FINISHED
11850  J0237   RELEASED
11850  J0237   STARTED
11852  J0237   FINISHED
11900  J0238   RELEASED
11900  J0238   STARTED
11900  J523    RELEASED
11900  J523    STARTED
11902  J0238   FINISHED
11907  J523    FINISHED
11950  J0239   RELEASED
11950  J0239   STARTED
11952  J0239   FINISHED
12000  J0240   STARTED
12000  J0240   RELEASED
12002  J0240   FINISHED
12025  J124    RELEASED
12025  J124    STARTED
12032  J124    FINISHED
12050  J0241   RELEASED
12050  J0241   STARTED
12052  J0241   FINISHED
12100  J0242   STARTED
12100  J224    STARTED
12100  J224    RELEASED
12100  J0242   RELEASED
12102  J0242   FINISHED
12107  J224    FINISHED
12150  J0243   RELEASED
12150  J0243   STARTED
12152  J0243   FINISHED
12200  J324    STARTED
12200  J324    RELEASED
12200  J0244   STARTED
12200  J0244   RELEASED
12202  J0244   FINISHED
12207  J324    FINISHED
12250  J0245   RELEASED
12250  J0245   STARTED
12252  J0245   FINISHED
12300  J0246   RELEASED
12300  J0246   STARTED
12300  J424    RELEASED
12300  J424    STARTED
12302  J0246   FINISHED
12307  J424    FINISHED
12350  J0247   RELEASED
12350  J0247   STARTED
12352  J0247   FINISHED
12400  J0248   RELEASED
12400  J0248   STARTED
12400  J524    RELEASED
12400  J524    STARTED
12402  J0248   FINISHED
12407  J524    FINISHED
12450  J0249   RELEASED
12450  J0249   STARTED
12452  J0249   FINISHED
12500  J0250   STARTED
12500  J0250   RELEASED
12502  J0250   FINISHED
12525  J125    RELEASED
12525  J125    STARTED
12532  J125    FINISHED
12550  J0251   RELEASED
12550  J0251   STARTED
12552  J0251   FINISHED
12600  J0252   STARTED
12600  J225    STARTED
12600  J225    RELEASED
12600  J0252   RELEASED
12602  J0252   FINISHED
12607  J225    FINISHED
12650  J0253   RELEASED
12650  J0253   STARTED
12652  J0253   FINISHED
12700  J325    STARTED
12700  J325    RELEASED
12700  J0254   STARTED
12700  J0254   RELEASED
12702  J0254   FINISHED
12707  J325    FINISHED
12750  J0255   RELEASED
12750  J0255   STARTED
12752  J0255   FINISHED
12800  J0256   RELEASED
12800  J0256   STARTED
12800  J425    RELEASED
12800  J425    STARTED
12802  J0256   FINISHED
12807  J425    FINISHED
12850  J0257   RELEASED
12850  J0257   STARTED
12852  J0257   FINISHED
12900  J0258   RELEASED
12900  J0258   STARTED
12900  J525    RELEASED
12900  J525    STARTED
12902  J0258   FINISHED
12907  J525    FINISHED
12950  J0259   RELEASED
12950  J0259   STARTED
12952  J0259   FINISHED
13000  J0260   STARTED
13000  J0260   RELEASED
13002  J0260   FINISHED
13025  J126    RELEASED
13025  J126    STARTED
13032  J126    FINISHED
13050  J0261   RELEASED
13050  J0261   STARTED
13052  J0261   FINISHED
13100  J0262   STARTED
13100  J226    STARTED
13100  J226    RELEASED
13100  J0262   RELEASED
13102  J0262   FINISHED
13107  J226    FINISHED
13150  J0263   RELEASED
13150  J0263   STARTED
13152  J0263   FINISHED
13200  J326    STARTED
13200  J326    RELEASED
13200  J0264   STARTED
13200  J0264   RELEASED
13202  J0264   FINISHED
13207  J326    FINISHED
13250  J0265   RELEASED
13250  J0265   STARTED
13252  J0265   FINISHED
13300  J0266   RELEASED
13300  J0266   STARTED
13300  J426    RELEASED
13300  J426    STARTED
13302  J0266   FINISHED
13307  J426    FINISHED
13350  J0267   RELEASED
13350  J0267   STARTED
13352  J0267   FINISHED
13400  J0268   RELEASED
13400  J0268   STARTED
13400  J526    RELEASED
13400  J526    STARTED
13402  J0268   FINISHED
13407  J526    FINISHED
13450  J0269   RELEASED
13450  J0269   STARTED
13452  J0269   FINISHED
13500  J0270   STARTED
13500  J0270   RELEASED
13502  J0270   FINISHED
13525  J127    RELEASED
13525  J127    STARTED
13532  J127    FINISHED
13550  J0271   RELEASED
13550  J0271   STARTED
13552  J0271   FINISHED
13600  J0272   STARTED
13600  J227    STARTED
13600  J227    RELEASED
13600  J0272   RELEASED
13602  J0272   FINISHED
13607  J227    FINISHED
13650  J0273   RELEASED
13650  J0273   STARTED
13652  J0273   FINISHED
13700  J327    STARTED
13700  J327    RELEASED
13700  J0274   STARTED
13700  J0274   RELEASED
13702  J0274   FINISHED
13707  J327    FINISHED
13750  J0275   RELEASED
13750  J0275   STARTED
13752  J0275   FINISHED
13800  J0276   RELEASED
13800  J0276   STARTED
13800  J427    RELEASED
13800  J427    STARTED
13802  J0276   FINISHED
13807  J427    FINISHED
13850  J0277   RELEASED
13850  J0277   STARTED
13852  J0277   FINISHED
13900  J0278   RELEASED
13900  J0278   STARTED
13900  J527    RELEASED
13900  J527    STARTED
13902  J0278   FINISHED
13907  J527    FINISHED
13950  J0279   RELEASED
13950  J0279   STARTED
13952  J0279   FINISHED
14000  J0280   STARTED
14000  J0280   RELEASED
14002  J0280   FINISHED
14025  J128    RELEASED
14025  J128    STARTED
14032  J128    FINISHED
14050  J0281   RELEASED
14050  J0281   STARTED
14052  J0281   FINISHED
14100  J0282   STARTED
14100  J228    STARTED
14100  J228    RELEASED
14100  J0282   RELEASED
14102  J0282   FINISHED
14107  J228    FINISHED
14150  J0283   RELEASED
14150  J0283   STARTED
14152  J0283   FINISHED
14200  J328    STARTED
14200  J328    RELEASED
14200  J0284   STARTED
14200  J0284   RELEASED
14202  J0284   FINISHED
14207  J328    FINISHED
14250  J0285   RELEASED
14250  J0285   STARTED
14252  J0285   FINISHED
14300  J0286   RELEASED
14300  J0286   STARTED
14300  J428    RELEASED
14300  J428    STARTED
14302  J0286   FINISHED
14307  J428    FINISHED
14350  J0287   RELEASED
14350  J0287   STARTED
14352  J0287   FINISHED
14400  J0288   RELEASED
14400  J0288   STARTED
14400  J528    RELEASED
14400  J528    STARTED
14402  J0288   FINISHED
14407  J528    FINISHED
14450  J0289   RELEASED
14450  J0289   STARTED
14452  J0289   FINISHED
14500  J0290   STARTED
14500  J0290   RELEASED
14502  J0290   FINISHED
14525  J129    RELEASED
14525  J129    STARTED
14532  J129    FINISHED
14550  J0291   RELEASED
14550  J0291   STARTED
14552  J0291   FINISHED
14600  J0292   STARTED
14600  J229    STARTED
14600  J229    RELEASED
14600  J0292   RELEASED
14602  J0292   FINISHED
14607  J229    FINISHED
14650  J0293   RELEASED
14650  J0293   STARTED
14652  J0293   FINISHED
14700  J329    STARTED
14700  J329    RELEASED
14700  J0294   STARTED
14700  J0294   RELEASED
14702  J0294   FINISHED
14707  J329    FINISHED
14750  J0295   RELEASED
14750  J0295   STARTED
14752  J0295   FINISHED
14800  J0296   RELEASED
14800  J0296   STARTED
14800  J429    RELEASED
14800  J429    STARTED
14802  J0296   FINISHED
14807  J429    FINISHED
14850  J0297   RELEASED
14850  J0297   STARTED
14852  J0297   FINISHED
14900  J0298   RELEASED
14900  J0298   STARTED
14900  J529    RELEASED
14900  J529    STARTED
14902  J0298   FINISHED
14907  J529    FINISHED
14950  J0299   RELEASED
14950  J0299   STARTED
14952  J0299   FINISHED
15000  J0300   STARTED
15000  J0300   RELEASED
15002  J0300   FINISHED
15025  J130    RELEASED
15025  J130    STARTED
15032  J130    FINISHED
15050  J0301   RELEASED
15050  J0301   STARTED
15052  J0301   FINISHED
15100  J0302   STARTED
15100  J230    STARTED
15100  J230    RELEASED
15100  J0302   RELEASED
15102  J0302   FINISHED
15107  J230    FINISHED
15150  J0303   RELEASED
15150  J0303   STARTED
15152  J0303   FINISHED
15200  J330    STARTED
15200  J330    RELEASED
15200  J0304   STARTED
15200  J0304   RELEASED
15202  J0304   FINISHED
15207  J330    FINISHED
15250  J0305   RELEASED
15250  J0305   STARTED
15252  J0305   FINISHED
15300  J0306   RELEASED
15300  J0306   STARTED
15300  J430    RELEASED
15300  J430    STARTED
15302  J0306   FINISHED
15307  J430    FINISHED
15350  J0307   RELEASED
15350  J0307   STARTED
15352  J0307   FINISHED
15400  J0308   RELEASED
15400  J0308   STARTED
15400  J530    RELEASED
15400  J530    STARTED
15402  J0308   FINISHED
15407  J530    FINISHED
15450  J0309   RELEASED
15450  J0309   STARTED
15452  J0309   FINISHED
15500  J0310   STARTED
15500  J0310   RELEASED
15502  J0310   FINISHED
15525  J131    RELEASED
15525  J131    STARTED
15532  J131    FINISHED
15550  J0311   RELEASED
15550  J0311   STARTED
15552  J0311   FINISHED
15600  J0312   STARTED
15600  J231    STARTED
15600  J231    RELEASED
15600  J0312   RELEASED
15602  J0312   FINISHED
15607  J231    FINISHED
15650  J0313   RELEASED
15650  J0313   STARTED
15652  J0313   FINISHED
15700  J331    STARTED
15700  J331    RELEASED
15700  J0314   STARTED
15700  J0314   RELEASED
15702  J0314   FINISHED
15707  J331    FINISHED
15750  J0315   RELEASED
15750  J0315   STARTED
15752  J0315   FINISHED
15800  J0316   RELEASED
15800  J0316   STARTED
15800  J431    RELEASED
15800  J431    STARTED
15802  J0316   FINISHED
15807  J431    FINISHED
15850  J0317   RELEASED
15850  J0317   STARTED
15852  J0317   FINISHED
15900  J0318   RELEASED
15900  J0318   STARTED
15900  J531    RELEASED
15900  J531    STARTED
15902  J0318   FINISHED
15907  J531    FINISHED
15950  J0319   RELEASED
15950  J0319   STARTED
15952  J0319   FINISHED
16000  J0320   STARTED
16000  J0320   RELEASED
16002  J0320   FINISHED
16025  J132    RELEASED
16025  J132    STARTED
16032  J132    FINISHED
16050  J0321   RELEASED
16050  J0321   STARTED
16052  J0321   FINISHED
16100  J0322   STARTED
16100  J232    STARTED
16100  J232    RELEASED
16100  J0322   RELEASED
16102  J0322   FINISHED
16107  J232    FINISHED
16150  J0323   RELEASED
16150  J0323   STARTED
16152  J0323   FINISHED
16200  J332    STARTED
16200  J332    RELEASED
16200  J0324   STARTED
16200  J0324   RELEASED
16202  J0324   FINISHED
16207  J332    FINISHED
16250  J0325   RELEASED
16250  J0325   STARTED
16252  J0325   FINISHED
16300  J0326   RELEASED
16300  J0326   STARTED
16300  J432    RELEASED
16300  J432    STARTED
16302  J0326   FINISHED
16307  J432    FINISHED
16350  J0327   RELEASED
16350  J0327   STARTED
16352  J0327   FINISHED
16400  J0328   RELEASED
16400  J0328   STARTED
16400  J532    RELEASED
16400  J532    STARTED
16402  J0328   FINISHED
16407  J532    FINISHED
16450  J0329   RELEASED
16450  J0329   STARTED
16452  J0329   FINISHED
16500  J0330   STARTED
16500  J0330   RELEASED
16502  J0330   FINISHED
16525  J133    RELEASED
16525  J133    STARTED
16532  J133    FINISHED
16550  J0331   RELEASED
16550  J0331   STARTED
16552  J0331   FINISHED
16600  J0332   STARTED
16600  J233    STARTED
16600  J233    RELEASED
16600  J0332   RELEASED
16602  J0332   FINISHED
16607  J233    FINISHED
16650  J0333   RELEASED
16650  J0333   STARTED
16652  J0333   FINISHED
16700  J333    STARTED
16700  J333    RELEASED
16700  J0334   STARTED
16700  J0334   RELEASED
16702  J0334   FINISHED
16707  J333    FINISHED
16750  J0335   RELEASED
16750  J0335   STARTED
16752  J0335   FINISHED
16800  J0336   RELEASED
16800  J0336   STARTED
16800  J433    RELEASED
16800  J433    STARTED
16802  J0336   FINISHED
16807  J433    FINISHED
16850  J0337   RELEASED
16850  J0337   STARTED
16852  J0337   FINISHED
16900  J0338   RELEASED
16900  J0338   STARTED
16900  J533    RELEASED
16900  J533    STARTED
16902  J0338   FINISHED
16907  J533    FINISHED
16950  J0339   RELEASED
16950  J0339   STARTED
16952  J0339   FINISHED
17000  J0340   STARTED
17000  J0340   RELEASED
17002  J0340   FINISHED
17025  J134    RELEASED
17025  J134    STARTED
17032  J134    FINISHED
17050  J0341   RELEASED
17050  J0341   STARTED
17052  J0341   FINISHED
17100  J0342   STARTED
17100  J234    STARTED
17100  J234    RELEASED
17100  J0342   RELEASED
17102  J0342   FINISHED
17107  J234    FINISHED
17150  J0343   RELEASED
17150  J0343   STARTED
17152  J0343   FINISHED
17200  J334    STARTED
17200  J334    RELEASED
17200  J0344   STARTED
17200  J0344   RELEASED
17202  J0344   FINISHED
17207  J334    FINISHED
17250  J0345   RELEASED
17250  J0345   STARTED
17252  J0345   FINISHED
17300  J0346   RELEASED
17300  J0346   STARTED
17300  J434    RELEASED
17300  J434    STARTED
17302  J0346   FINISHED
17307  J434    FINISHED
17350  J0347   RELEASED
17350  J0347   STARTED
17352  J0347   FINISHED
17400  J0348   RELEASED
17400  J0348   STARTED
17400  J534    RELEASED
17400  J534    STARTED
17402  J0348   FINISHED
17407  J534    FINISHED
17450  J0349   RELEASED
17450  J0349   STARTED
17452  J0349   FINISHED
17500  J0350   STARTED
17500  J0350   RELEASED
17502  J0350   FINISHED
17525  J135    RELEASED
17525  J135    STARTED
17532  J135    FINISHED
17550  J0351   RELEASED
17550  J0351   STARTED
17552  J0351   FINISHED
17600  J0352   STARTED
17600  J235    STARTED
17600  J235    RELEASED
17600  J0352   RELEASED
17602  J0352   FINISHED
17607  J235    FINISHED
17650  J0353   RELEASED
17650  J0353   STARTED
17652  J0353   FINISHED
17700  J335    STARTED
17700  J335    RELEASED
17700  J0354   STARTED
17700  J0354   RELEASED
17702  J0354   FINISHED
17707  J335    FINISHED
17750  J0355   RELEASED
17750  J0355   STARTED
17752  J0355   FINISHED
17800  J0356   RELEASED
17800  J0356   STARTED
17800  J435    RELEASED
17800  J435    STARTED
17802  J0356   FINISHED
17807  J435    FINISHED
17850  J0357   RELEASED
17850  J0357   STARTED
17852  J0357   FINISHED
17900  J0358   RELEASED
17900  J0358   STARTED
17900  J535    RELEASED
17900  J535    STARTED
17902  J0358   FINISHED
17907  J535    FINISHED
17950  J0359   RELEASED
17950  J0359   STARTED
17952  J0359   FINISHED
18000  J0360   STARTED
18000  J0360   RELEASED
18002  J0360   FINISHED
18025  J136    RELEASED
18025  J136    STARTED
18032  J136    FINISHED
18050  J0361   RELEASED
18050  J0361   STARTED
18052  J0361   FINISHED
18100  J0362   STARTED
18100  J236    STARTED
18100  J236    RELEASED
18100  J0362   RELEASED
18102  J0362   FINISHED
18107  J236    FINISHED
18150  J0363   RELEASED
18150  J0363   STARTED
18152  J0363   FINISHED
18200  J336    STARTED
18200  J336    RELEASED
18200  J0364   STARTED
18200  J0364   RELEASED
18202  J0364   FINISHED
18207  J336    FINISHED
18250  J0365   RELEASED
18250  J0365   STARTED
18252  J0365   FINISHED
18300  J0366   RELEASED
18300  J0366   STARTED
18300  J436    RELEASED
18300  J436    STARTED
18302  J0366   FINISHED
18307  J436    FINISHED
18350  J0367   RELEASED
18350  J0367   STARTED
18352  J0367   FINISHED
18400  J0368   RELEASED
18400  J0368   STARTED
18400  J536    RELEASED
18400  J536    STARTED
18402  J0368   FINISHED
18407  J536    FINISHED
18450  J0369   RELEASED
18450  J0369   STARTED
18452  J0369   FINISHED
18500  J0370   STARTED
18500  J0370   RELEASED
18502  J0370   FINISHED
18525  J137    RELEASED
18525  J137    STARTED
18532  J137    FINISHED
18550  J0371   RELEASED
18550  J0371   STARTED
18552  J0371   FINISHED
18600  J0372   STARTED
18600  J237    STARTED
18600  J237    RELEASED
18600  J0372   RELEASED
18602  J0372   FINISHED
18607  J237    FINISHED
18650  J0373   RELEASED
18650  J0373   STARTED
18652  J0373   FINISHED
18700  J337    STARTED
18700  J337    RELEASED
18700  J0374   STARTED
18700  J0374   RELEASED
18702  J0374   FINISHED
18707  J337    FINISHED
18750  J0375   RELEASED
18750  J0375   STARTED
18752  J0375   FINISHED
18800  J0376   RELEASED
18800  J0376   STARTED
18800  J437    RELEASED
18800  J437    STARTED
18802  J0376   FINISHED
18807  J437    FINISHED
18850  J0377   RELEASED
18850  J0377   STARTED
18852  J0377   FINISHED
18900  J0378   RELEASED
18900  J0378   STARTED
18900  J537    RELEASED
18900  J537    STARTED
18902  J0378   FINISHED
18907  J537    FINISHED
18950  J0379   RELEASED
18950  J0379   STARTED
18952  J0379   FINISHED
