[TASK NAME][TIME][READ/WRITE][DATA LENGTH][RAW DATA]
 LK         0     WRITE         0            0x00 0x00 0x00 0x00 0x7326d900 0x8ed3c580
 LK         0     READ          0            0x00 0x00 0x00 0x00 0x00 0x00
 LK         0     WRITE         0            0x00 0x00 0x00 0x00 0x00 0x8ed3c030
 LK         0     READ          0            0x00 0x00 0x00 0x00 0x00 0x00
 LK         0     WRITE         0            0x00 0x00 0x00 0x00 0x00 0x8ed3e0d0
 LK         0     READ          0            0x00 0x00 0x00 0x00 0x00 0x00
 LK         0     WRITE         0            0x00 0x00 0x00 0x00 0x00 0x8ed3e710
 LK         0     READ          0            0x00 0x00 0x00 0x00 0x00 0x00
 LK         0     WRITE         0            0x00 0x00 0x00 0x00 0x00 0x8ed3e9b0
 LK         0     READ          0            0x00 0x00 0x00 0x00 0x00 0x00
 LK         0     WRITE         0            0x00 0x00 0x00 0x00 0x00 0x8ed3ec50
 LK         0     READ          0            0x00 0x00 0x00 0x00 0x00 0x00
 LK         0     WRITE         0            0x00 0x00 0x00 0x00 0x00 0x8ed44350
 LK         0     READ          0            0x00 0x00 0x00 0x00 0x00 0x00
 LK         0     WRITE         0            0x00 0x00 0x00 0x00 0x00 0x8ed445f0
 LK         0     READ          0            0x00 0x00 0x00 0x00 0x00 0x00
 LK         0     WRITE         0            0x00 0x00 0x00 0x00 0x00 0x8ed44890
 LK         0     READ          0            0x00 0x00 0x00 0x00 0x00 0x00
 LK         0     WRITE         0            0x00 0x00 0x00 0x00 0x00 0x8ed44b30
 LK         0     READ          0            0x00 0x00 0x00 0x00 0x00 0x00
 LK         0     WRITE         0            0x00 0x00 0x00 0x00 0x00 0x8ed44dd0
 LK         0     READ          0            0x00 0x00 0x00 0x00 0x00 0x00
 LK         0     WRITE         0            0x00 0x00 0x00 0x00 0x00 0x8ed45510
 LK         0     READ          0            0x00 0x00 0x00 0x00 0x00 0x00
 LK         0     WRITE         0            0x00 0x00 0x00 0x00 0x00 0x8ed457b0
 LK         0     READ          0            0x00 0x00 0x00 0x00 0x00 0x00
 LK         0     WRITE         0            0x00 0x00 0x00 0x00 0x00 0x8ed45a50
 LK         0     READ          0            0x00 0x00 0x00 0x00 0x00 0x00
 LK         0     WRITE         0            0x00 0x00 0x00 0x00 0x00 0x8ed45cf0
 LK         3     READ          0            0x00 0x00 0x00 0x00 0x00 0x00
 LK         3     WRITE         0            0x00 0x00 0x00 0x00 0x00 0x8ed58ad0
 LK         3     READ          0            0x00 0x00 0x00 0x00 0x00 0x00
 LK         3     WRITE         0            0x00 0x00 0x00 0x00 0x00 0x8ed58d70
 LK         3     READ          0            0x00 0x00 0x00 0x00 0x00 0x00
 LK         3     WRITE         0            0x00 0x00 0x00 0x00 0x00 0x8ed59010
 LK         3     READ          0            0x00 0x00 0x00 0x00 0x00 0x00
 LK         3     WRITE         0            0x00 0x00 0x00 0x00 0x00 0x8ed592b0
 LK         3     READ          0            0x00 0x00 0x00 0x00 0x00 0x00
 LK         3     WRITE         0            0x00 0x00 0x00 0x00 0x00 0x8ed59550
 LK         3     READ          0            0x00 0x00 0x00 0x00 0x00 0x00
 LK         3     WRITE         0            0x00 0x00 0x00 0x00 0x00 0x8ed597f0
 LK         3     READ          0            0x00 0x00 0x00 0x00 0x00 0x00
 LK         3     WRITE         0            0x00 0x00 0x00 0x00 0x00 0x8ed59a90
 LK         3     READ          0            0x00 0x00 0x00 0x00 0x00 0x00
 LK         3     WRITE         0            0x00 0x00 0x00 0x00 0x00 0x8ed59d30
 LK         3     READ          0            0x00 0x00 0x00 0x00 0x00 0x00
 LK         3     WRITE         0            0x00 0x00 0x00 0x00 0x00 0x8ed59fd0
 LK         3     READ          0            0x00 0x00 0x00 0x00 0x00 0x00
 LK         3     WRITE         0            0x00 0x00 0x00 0x00 0x00 0x8ed5a270
 LK         3     READ          0            0x00 0x00 0x00 0x00 0x00 0x00
 LK         3     WRITE         0            0x00 0x00 0x00 0x00 0x00 0x8ed5a510
 LK         3     READ          0            0x00 0x00 0x00 0x00 0x00 0x00
 LK         3     WRITE         0            0x00 0x00 0x00 0x00 0x00 0x8ed5a7b0
 LK         3     READ          0            0x00 0x00 0x00 0x00 0x00 0x00
 LK         3     WRITE         0            0x00 0x00 0x00 0x00 0x00 0x8ed5aea0
 LK         3     READ          0            0x00 0x00 0x00 0x00 0x00 0x00
 LK         3     WRITE         0            0x00 0x00 0x00 0x00 0x00 0x8ed5b140
 LK         3     READ          0            0x00 0x00 0x00 0x00 0x00 0x00
 LK         3     WRITE         0            0x00 0x00 0x00 0x00 0x00 0x8ed5b3e0
 LK         6     READ          0            0x00 0x00 0x00 0x00 0x00 0x00
 LK         6     WRITE         0            0x00 0x00 0x00 0x00 0x00 0x8ed55f90
 LK         6     READ          0            0x00 0x00 0x00 0x00 0x00 0x00
 LK         6     WRITE         0            0x00 0x00 0x00 0x00 0x00 0x8ed56230
 LK         6     READ          0            0x00 0x00 0x00 0x00 0x00 0x00
 LK         6     WRITE         0            0x00 0x00 0x00 0x00 0x00 0x8ed564d0
 LK         6     READ          0            0x00 0x00 0x00 0x00 0x00 0x00
 LK         6     WRITE         0            0x00 0x00 0x00 0x00 0x00 0x8ed56770
 LK         6     READ          0            0x00 0x00 0x00 0x00 0x00 0x00
 LK         6     WRITE         0            0x00 0x00 0x00 0x00 0x00 0x8ed56a10
 LK         6     READ          0            0x00 0x00 0x00 0x00 0x00 0x00
 LK         6     WRITE         0            0x00 0x00 0x00 0x00 0x00 0x8ed56cb0
 LK         6     READ          0            0x00 0x00 0x00 0x00 0x00 0x00
 LK         6     WRITE         0            0x00 0x00 0x00 0x00 0x00 0x8ed56f50
 LK         6     READ          0            0x00 0x00 0x00 0x00 0x00 0x00
 LK         6     WRITE         0            0x00 0x00 0x00 0x00 0x00 0x8ed571f0
 LK         6     READ          0            0x00 0x00 0x00 0x00 0x00 0x00
 LK         6     WRITE         0            0x00 0x00 0x00 0x00 0x00 0x8ed57490
 LK         6     READ          0            0x00 0x00 0x00 0x00 0x00 0x00
 LK         6     WRITE         0            0x00 0x00 0x00 0x00 0x00 0x8ed57730
 LK         6     READ          0            0x00 0x00 0x00 0x00 0x00 0x00
 LK         6     WRITE         0            0x00 0x00 0x00 0x00 0x00 0x8ed579d0
 LK         6     READ          0            0x00 0x00 0x00 0x00 0x00 0x00
 LK         6     WRITE         0            0x00 0x00 0x00 0x00 0x00 0x8ed57c70
 LK         6     READ          0            0x00 0x00 0x00 0x00 0x00 0x00
 LK         6     WRITE         0            0x00 0x00 0x00 0x00 0x00 0x8ed715b0
 LK         6     READ          0            0x00 0x00 0x00 0x00 0x00 0x00
 LK         6     WRITE         0            0x00 0x00 0x00 0x00 0x00 0x8ed71850
 LK         6     READ          0            0x00 0x00 0x00 0x00 0x00 0x00
 LK         6     WRITE         0            0x00 0x00 0x00 0x00 0x00 0x8ed71af0
 LK         9     READ          0            0x00 0x00 0x00 0x00 0x00 0x00
 LK         9     WRITE         0            0x00 0x00 0x00 0x00 0x00 0x8ed7f2a0
 LK         9     READ          0            0x00 0x00 0x00 0x00 0x00 0x00
 LK         9     WRITE         0            0x00 0x00 0x00 0x00 0x00 0x8ed7f540
 LK         9     READ          0            0x00 0x00 0x00 0x00 0x00 0x00
 LK         9     WRITE         0            0x00 0x00 0x00 0x00 0x00 0x8ed7f7e0
 LK         9     READ          0            0x00 0x00 0x00 0x00 0x00 0x00
 LK         9     WRITE         0            0x00 0x00 0x00 0x00 0x00 0x8ed7fa80
 LK         9     READ          0            0x00 0x00 0x00 0x00 0x00 0x00
 LK         9     WRITE         0            0x00 0x00 0x00 0x00 0x00 0x8ed7fd20
 LK         9     READ          0            0x00 0x00 0x00 0x00 0x00 0x00
 LK         9     WRITE         0            0x00 0x00 0x00 0x00 0x00 0x8ed7ffc0
 LK         9     READ          0            0x00 0x00 0x00 0x00 0x00 0x00
 LK         9     WRITE         0            0x00 0x00 0x00 0x00 0x00 0x8ed80260
 LK         9     READ          0            0x00 0x00 0x00 0x00 0x00 0x00
 LK         9     WRITE         0            0x00 0x00 0x00 0x00 0x00 0x8ed80500
 LK         9     READ          0            0x00 0x00 0x00 0x00 0x00 0x00
 LK         9     WRITE         0            0x00 0x00 0x00 0x00 0x00 0x8ed807a0
 LK         9     READ          0            0x00 0x00 0x00 0x00 0x00 0x00
 LK         9     WRITE         0            0x00 0x00 0x00 0x00 0x00 0x8ed80a40
 LK         9     READ          0            0x00 0x00 0x00 0x00 0x00 0x00
 LK         9     WRITE         0            0x00 0x00 0x00 0x00 0x00 0x8ed80ce0
 LK         9     READ          0            0x00 0x00 0x00 0x00 0x00 0x00
 LK         9     WRITE         0            0x00 0x00 0x00 0x00 0x00 0x8ed80f80
 LK         9     READ          0            0x00 0x00 0x00 0x00 0x00 0x00
 LK         9     WRITE         0            0x00 0x00 0x00 0x00 0x00 0x8ed860f0
 LK         9     READ          0            0x00 0x00 0x00 0x00 0x00 0x00
 LK         9     WRITE         0            0x00 0x00 0x00 0x00 0x00 0x8ed86390
 LK         9     READ          0            0x00 0x00 0x00 0x00 0x00 0x00
 LK         9     WRITE         0            0x00 0x00 0x00 0x00 0x00 0x8ed86630
 LK         12    READ          0            0x00 0x00 0x00 0x00 0x00 0x00
 LK         12    WRITE         0            0x00 0x00 0x00 0x00 0x00 0x8ed6a8a0
 LK         12    READ          0            0x00 0x00 0x00 0x00 0x00 0x00
 LK         12    WRITE         0            0x00 0x00 0x00 0x00 0x00 0x8ed6ab40
 LK         12    READ          0            0x00 0x00 0x00 0x00 0x00 0x00
 LK         12    WRITE         0            0x00 0x00 0x00 0x00 0x00 0x8ed6ade0
 LK         12    READ          24           0xfffe5cec 0x4c4b400 0x2710 0xfffffffd 0x2710 0x33da
 LK         12    WRITE         4            0x00 0x00 0x00 0x640 0x2710 0x8ed6b080
 LK         12    READ          24           0xfffe5cec 0x4c4b400 0x2710 0xfffffffd 0x2710 0x33da
 LK         12    WRITE         8            0xdbba0 0x00 0x00 0x640 0x2710 0x8ed6b320
 LK         12    READ          24           0xfffe5cec 0x4c4b400 0x2710 0xfffffffd 0x2710 0x33da
 LK         12    WRITE         8            0xdbba0 0x00 0x00 0x640 0x2710 0x8ed6b5c0
 LK         12    READ          24           0xfffe5cec 0x4c4b400 0x2710 0xfffffffd 0x2710 0x33da
 LK         12    WRITE         8            0xdbba0 0x00 0x00 0x640 0x2710 0x8ed6b860
 LK         12    READ          24           0xfffe5cec 0x4c4b400 0x2710 0xfffffffd 0x2710 0x33da
 LK         12    WRITE         8            0xdbba0 0x00 0x00 0x640 0x2710 0x8ed6bb00
 LK         12    READ          24           0x33134 0x4c4b400 0x2710 0x16ab 0x2710 0x33ec
 LK         12    WRITE         8            0xdbba0 0x00 0x00 0x640 0x2710 0x8ed6bda0
 LK         12    READ          24           0x33134 0x4c4b400 0x2710 0x15786 0x2710 0x331c
 LK         12    WRITE         8            0xdbba0 0x00 0x00 0x640 0x2710 0x8ed6c040
 LK         12    READ          24           0x33134 0x4c4b400 0x2710 0x2402a 0x2710 0x3174
 LK         12    WRITE         8            0xdbba0 0x00 0x00 0x640 0x2710 0x8ed6c2e0
 LK         12    READ          24           0x33134 0x4c4b400 0x2710 0x36a30 0x2710 0x2e04
 LK         12    WRITE         8            0xdbba0 0x00 0x00 0x640 0x2710 0x8ed6c580
 LK         12    READ          24           0x33134 0x4c4b400 0x2710 0x46f50 0x2710 0x29cd
 LK         12    WRITE         8            0xdbba0 0x00 0x00 0x640 0x2710 0x8eda27f0
 LK         12    READ          24           0x33134 0x4c4b400 0x2710 0x586e3 0x2710 0x22f8
 LK         12    WRITE         8            0xdbba0 0x00 0x00 0x640 0x2710 0x8eda2a90
 LK         12    READ          24           0x33134 0x4c4b400 0x2710 0x6e9cd 0x2710 0x1863
 LK         12    WRITE         8            0xdbba0 0x00 0x00 0x640 0x2710 0x8eda2d30
 LK         15    READ          24           0x33134 0x4c4b400 0x2710 0x8237e 0x2710 0xc05
 LK         15    WRITE         8            0xdbba0 0x00 0x00 0x640 0x2710 0x8edb0540
 LK         15    READ          24           0x33134 0x4c4b400 0x2710 0x99901 0x2710 0xfffff747
 LK         15    WRITE         8            0xdbba0 0x00 0x00 0x00 0x2710 0x8edb07e0
 LK         15    READ          24           0x33134 0x4c4b400 0x2710 0xac2ea 0x2710 0xffffecef
 LK         15    WRITE         8            0xdbba0 0x00 0x00 0x00 0x2710 0x8edb0a80
 LK         15    READ          24           0x33134 0x4c4b400 0x2710 0xc03d5 0x2710 0xffffec38
 LK         15    WRITE         8            0xdbba0 0x00 0x00 0x00 0x2710 0x8edb0d20
 LK         15    READ          24           0x33134 0x4c4b400 0x2710 0xd1a20 0x2710 0xffffefeb
 LK         15    WRITE         8            0xdbba0 0x00 0x00 0x00 0x2710 0x8edb0fc0
 LK         15    READ          24           0x25faa 0x4c4b400 0x2710 0xe153a 0x2710 0xfffff972
 LK         15    WRITE         8            0xdbba0 0x00 0x00 0x00 0x2710 0x8edb1260
 LK         15    READ          24           0x25faa 0x4c4b400 0x2710 0xf0005 0x2710 0x497
 LK         15    WRITE         8            0xdbba0 0x00 0x00 0x24b 0x2710 0x8edb1500
 LK         15    READ          24           0x25faa 0x4c4b400 0x2710 0xf0cb3 0x2710 0x903
 LK         15    WRITE         4            0x00 0x00 0x00 0x640 0x2710 0x8edb17a0
 LK         15    READ          24           0x25faa 0x4c4b400 0x2710 0xebc41 0x2710 0x19d
 LK         15    WRITE         4            0x00 0x00 0x00 0xce 0x2710 0x8edb1a40
 LK         15    READ          24           0x25faa 0x4c4b400 0x2710 0xe7311 0x2710 0xfffff942
 LK         15    WRITE         4            0x00 0x00 0x00 0x00 0x2710 0x8edb1ce0
 LK         15    READ          24           0x25faa 0x4c4b400 0x2710 0xe3ab3 0x2710 0xfffffb17
 LK         15    WRITE         4            0x00 0x00 0x00 0x00 0x2710 0x8edb1f80
 LK         15    READ          24           0x25faa 0x4c4b400 0x2710 0xdfd4d 0x2710 0xb7
 LK         15    WRITE         4            0x00 0x00 0x00 0x5b 0x2710 0x8edb2220
 LK         15    READ          24           0x25faa 0x4c4b400 0x2710 0xdbc84 0x2710 0x475
 LK         15    WRITE         4            0x00 0x00 0x00 0x23a 0x2710 0x8edbab70
 LK         15    READ          24           0x25faa 0x4c4b400 0x2710 0xd8962 0x2710 0x377
 LK         15    WRITE         4            0x00 0x00 0x00 0x1bb 0x2710 0x8edbae10
 LK         15    READ          24           0x25faa 0x4c4b400 0x2710 0xd65c5 0x2710 0xffffffdc
 LK         15    WRITE         8            0xdbba0 0x00 0x00 0x00 0x2710 0x8edbb0b0
 LK         18    READ          24           0x25faa 0x4c4b400 0x2710 0xe62fa 0x2710 0xfffffd73
 LK         18    WRITE         8            0xdbba0 0x00 0x00 0x00 0x2710 0x8edc8880
 LK         18    READ          24           0x25faa 0x4c4b400 0x2710 0xe6cc5 0x2710 0xfffffe30
 LK         18    WRITE         4            0x00 0x00 0x00 0x00 0x2710 0x8edc8b20
 LK         18    READ          24           0x25faa 0x4c4b400 0x2710 0xe2fce 0x2710 0x60
 LK         18    WRITE         4            0x00 0x00 0x00 0x30 0x2710 0x8edc8dc0
 LK         18    READ          24           0x25faa 0x4c4b400 0x2710 0xdf484 0x2710 0x1bc
 LK         18    WRITE         4            0x00 0x00 0x00 0xde 0x2710 0x8edc9060
 LK         18    READ          24           0x25faa 0x4c4b400 0x2710 0xdb425 0x2710 0x105
 LK         18    WRITE         4            0x00 0x00 0x00 0x82 0x2710 0x8edc9300
 LK         18    READ          24           0x25faa 0x4c4b400 0x2710 0xd9665 0x2710 0xffffffd5
 LK         18    WRITE         8            0xdbba0 0x00 0x00 0x00 0x2710 0x8edc95a0
 LK         18    READ          24           0x25faa 0x4c4b400 0x2710 0xe92e2 0x2710 0xfffffeff
 LK         18    WRITE         8            0xdbba0 0x00 0x00 0x00 0x2710 0x8edc9840
 LK         18    READ          24           0x25faa 0x4c4b400 0x2710 0xe9bf7 0x2710 0xffffff76
 LK         18    WRITE         4            0x00 0x00 0x00 0x00 0x2710 0x8edc9ae0
 LK         18    READ          24           0x25faa 0x4c4b400 0x2710 0xe5e29 0x2710 0xffffffcf
 LK         18    WRITE         4            0x00 0x00 0x00 0x00 0x2710 0x8edc9d80
 LK         18    READ          24           0x25faa 0x4c4b400 0x2710 0xe21d7 0x2710 0xffffffe0
 LK         18    WRITE         4            0x00 0x00 0x00 0x00 0x2710 0x8edca020
 LK         18    READ          24           0x25faa 0x4c4b400 0x2710 0xde076 0x2710 0xfffffff1
 LK         18    WRITE         4            0x00 0x00 0x00 0x00 0x2710 0x8edca2c0
 LK         18    READ          20           0x25faa 0x4c4b400 0x2710 0xdad60 0x2710 0x00
 LK         18    WRITE         4            0x00 0x00 0x00 0x00 0x2710 0x8edca560
 LK         18    READ          24           0x25faa 0x4c4b400 0x2710 0xd6f01 0x2710 0x10
 LK         18    WRITE         4            0x00 0x00 0x00 0x08 0x2710 0x8edd4980
 LK         18    READ          24           0x25faa 0x4c4b400 0x2710 0xde7ab 0x2710 0x1e
 LK         18    WRITE         8            0xdbba0 0x00 0x00 0x0f 0x2710 0x8edd4c20
 LK         18    READ          24           0x25faa 0x4c4b400 0x2710 0xe93a9 0x2710 0x30
 LK         18    WRITE         4            0x00 0x00 0x00 0x18 0x2710 0x8edd4ec0
 LK         21    READ          24           0x25faa 0x4c4b400 0x2710 0xe5cdb 0x2710 0x3f
 LK         21    WRITE         4            0x00 0x00 0x00 0x1f 0x2710 0x8ed92330
 LK         21    READ          24           0x25faa 0x4c4b400 0x2710 0xe2090 0x2710 0x4f
 LK         21    WRITE         4            0x00 0x00 0x00 0x27 0x2710 0x8ed925d0
 LK         21    READ          24           0x25faa 0x4c4b400 0x2710 0xddf36 0x2710 0x61
 LK         21    WRITE         4            0x00 0x00 0x00 0x30 0x2710 0x8ed92870
 LK         21    READ          24           0x25faa 0x4c4b400 0x2710 0xd9cb3 0x2710 0x73
 LK         21    WRITE         4            0x00 0x00 0x00 0x39 0x2710 0x8ed92b10
 LK         21    READ          24           0x25faa 0x4c4b400 0x2710 0xe21ee 0x2710 0x82
 LK         21    WRITE         8            0xdbba0 0x00 0x00 0x41 0x2710 0x8ed92db0
 LK         21    READ          24           0x25faa 0x4c4b400 0x2710 0xe9f72 0x2710 0x93
 LK         21    WRITE         4            0x00 0x00 0x00 0x49 0x2710 0x8ed93050
 LK         21    READ          24           0x25faa 0x4c4b400 0x2710 0xe6724 0x2710 0xa2
 LK         21    WRITE         4            0x00 0x00 0x00 0x51 0x2710 0x8ed932f0
 LK         21    READ          24           0x25faa 0x4c4b400 0x2710 0xe2a01 0x2710 0xb2
 LK         21    WRITE         4            0x00 0x00 0x00 0x59 0x2710 0x8ed93590
 LK         21    READ          24           0x25faa 0x4c4b400 0x2710 0xde882 0x2710 0x21a
 LK         21    WRITE         4            0x00 0x00 0x00 0x10d 0x2710 0x8ed93830
 LK         21    READ          24           0x25faa 0x4c4b400 0x2710 0xdb46b 0x2710 0x72c
 LK         21    WRITE         4            0x00 0x00 0x00 0x396 0x2710 0x8ed93ad0
 LK         21    READ          24           0x25faa 0x4c4b400 0x2710 0xe2bf5 0x2710 0xa48
 LK         21    WRITE         8            0xdbba0 0x00 0x00 0x640 0x2710 0x8ed93d70
 LK         21    READ          24           0x25faa 0x4c4b400 0x2710 0xea3c7 0x2710 0x91a
 LK         21    WRITE         4            0x00 0x00 0x00 0x640 0x2710 0x8ed94010
 LK         21    READ          24           0x25faa 0x4c4b400 0x2710 0xe5a19 0x2710 0x14b
 LK         21    WRITE         4            0x00 0x00 0x00 0xa5 0x2710 0x8edfc320
 LK         21    READ          24           0x25faa 0x4c4b400 0x2710 0xe1e37 0x2710 0xca
 LK         21    WRITE         4            0x00 0x00 0x00 0x65 0x2710 0x8edfc5c0
 LK         21    READ          24           0x25faa 0x4c4b400 0x2710 0xdec1c 0x2710 0x479
 LK         21    WRITE         4            0x00 0x00 0x00 0x23c 0x2710 0x8edfc860
 LK         24    READ          24           0x25faa 0x4c4b400 0x2710 0xdaf92 0x2710 0x827
 LK         24    WRITE         4            0x00 0x00 0x00 0x640 0x2710 0x8ee0a030
 LK         24    READ          24           0x25faa 0x4c4b400 0x2710 0xe2b39 0x2710 0x5bc
 LK         24    WRITE         8            0xdbba0 0x00 0x00 0x2de 0x2710 0x8ee0a2d0
 LK         24    READ          24           0x25faa 0x4c4b400 0x2710 0xec7e5 0x2710 0x3ee
 LK         24    WRITE         4            0x00 0x00 0x00 0x1f7 0x2710 0x8ee0a570
 LK         24    READ          24           0x25faa 0x4c4b400 0x2710 0xe8bf1 0x2710 0x4a3
 LK         24    WRITE         4            0x00 0x00 0x00 0x251 0x2710 0x8ee0a810
 LK         24    READ          24           0x25faa 0x4c4b400 0x2710 0xe4bc0 0x2710 0x662
 LK         24    WRITE         4            0x00 0x00 0x00 0x331 0x2710 0x8ee0aab0
 LK         24    READ          24           0x25faa 0x4c4b400 0x2710 0xe11b3 0x2710 0x6a6
 LK         24    WRITE         4            0x00 0x00 0x00 0x353 0x2710 0x8ee0ad50
 LK         24    READ          24           0x25faa 0x4c4b400 0x2710 0xdde6a 0x2710 0x622
 LK         24    WRITE         4            0x00 0x00 0x00 0x311 0x2710 0x8ee0aff0
 LK         24    READ          24           0x25faa 0x4c4b400 0x2710 0xda708 0x2710 0x579
 LK         24    WRITE         4            0x00 0x00 0x00 0x2bc 0x2710 0x8ee0b290
 LK         24    READ          24           0x25faa 0x4c4b400 0x2710 0xd96e6 0x2710 0x550
 LK         24    WRITE         8            0xdbba0 0x00 0x00 0x2a8 0x2710 0x8ee0b530
 LK         24    READ          24           0x25faa 0x4c4b400 0x2710 0xe89ad 0x2710 0x5ff
 LK         24    WRITE         8            0xdbba0 0x00 0x00 0x2ff 0x2710 0x8ee0b7d0
 LK         24    READ          24           0x25faa 0x4c4b400 0x2710 0xe8dae 0x2710 0x657
 LK         24    WRITE         4            0x00 0x00 0x00 0x32b 0x2710 0x8ee0ba70
 LK         24    READ          24           0x25faa 0x4c4b400 0x2710 0xe4ff8 0x2710 0x5ed
 LK         24    WRITE         4            0x00 0x00 0x00 0x2f6 0x2710 0x8ee0bd10
 LK         24    READ          24           0x25faa 0x4c4b400 0x2710 0xe13a6 0x2710 0x57c
 LK         24    WRITE         4            0x00 0x00 0x00 0x2be 0x2710 0x8ee19880
 LK         24    READ          24           0x25faa 0x4c4b400 0x2710 0xdd884 0x2710 0x56d
 LK         24    WRITE         4            0x00 0x00 0x00 0x2b6 0x2710 0x8ee19b20
 LK         24    READ          24           0x25faa 0x4c4b400 0x2710 0xdc3f0 0x2710 0x5aa
 LK         24    WRITE         8            0xdbba0 0x00 0x00 0x2d5 0x2710 0x8ee19dc0
 LK         27    READ          24           0x25faa 0x4c4b400 0x2710 0xec9c3 0x2710 0x65b
 LK         27    WRITE         8            0xdbba0 0x00 0x00 0x32d 0x2710 0x8ee27570
 LK         27    READ          24           0x25faa 0x4c4b400 0x2710 0xece6b 0x2710 0x670
 LK         27    WRITE         4            0x00 0x00 0x00 0x338 0x2710 0x8ee27810
 LK         27    READ          24           0x25faa 0x4c4b400 0x2710 0xe8393 0x2710 0x59f
 LK         27    WRITE         4            0x00 0x00 0x00 0x2cf 0x2710 0x8ee27ab0
 LK         27    READ          24           0x25faa 0x4c4b400 0x2710 0xe47de 0x2710 0x53c
 LK         27    WRITE         4            0x00 0x00 0x00 0x29e 0x2710 0x8ee27d50
 LK         27    READ          24           0x25faa 0x4c4b400 0x2710 0xdfa1d 0x2710 0x57d
 LK         27    WRITE         4            0x00 0x00 0x00 0x2be 0x2710 0x8ee27ff0
 LK         27    READ          24           0x25faa 0x4c4b400 0x2710 0xdc0bb 0x2710 0x5c8
 LK         27    WRITE         4            0x00 0x00 0x00 0x2e4 0x2710 0x8ee28290
 LK         27    READ          24           0x25faa 0x4c4b400 0x2710 0xd8826 0x2710 0x5eb
 LK         27    WRITE         4            0x00 0x00 0x00 0x2f5 0x2710 0x8ee28530
 LK         27    READ          24           0x25faa 0x4c4b400 0x2710 0xdfc04 0x2710 0x607
 LK         27    WRITE         8            0xdbba0 0x00 0x00 0x303 0x2710 0x8ee287d0
 LK         27    READ          24           0x25faa 0x4c4b400 0x2710 0xe91e9 0x2710 0x666
 LK         27    WRITE         4            0x00 0x00 0x00 0x333 0x2710 0x8ee28a70
 LK         27    READ          24           0x25faa 0x4c4b400 0x2710 0xe534d 0x2710 0x5eb
 LK         27    WRITE         4            0x00 0x00 0x00 0x2f5 0x2710 0x8ee28d10
 LK         27    READ          24           0x25faa 0x4c4b400 0x2710 0xe0f97 0x2710 0x55f
 LK         27    WRITE         4            0x00 0x00 0x00 0x2af 0x2710 0x8ee28fb0
 LK         27    READ          24           0x25faa 0x4c4b400 0x2710 0xdc793 0x2710 0x54c
 LK         27    WRITE         4            0x00 0x00 0x00 0x2a6 0x2710 0x8ee29250
 LK         27    READ          24           0x25faa 0x4c4b400 0x2710 0xd8e49 0x2710 0x599
 LK         27    WRITE         4            0x00 0x00 0x00 0x2cc 0x2710 0x8ee38950
 LK         27    READ          24           0x25faa 0x4c4b400 0x2710 0xdf444 0x2710 0x60a
 LK         27    WRITE         8            0xdbba0 0x00 0x00 0x305 0x2710 0x8ee38bf0
 LK         27    READ          24           0x25faa 0x4c4b400 0x2710 0xea0a5 0x2710 0x6af
 LK         27    WRITE         4            0x00 0x00 0x00 0x357 0x2710 0x8ee38e90
 LK         30    READ          24           0x25faa 0x4c4b400 0x2710 0xe543b 0x2710 0x5f0
 LK         30    WRITE         4            0x00 0x00 0x00 0x2f8 0x2710 0x8ee46640
 LK         30    READ          24           0x25faa 0x4c4b400 0x2710 0xe1228 0x2710 0x545
 LK         30    WRITE         4            0x00 0x00 0x00 0x2a2 0x2710 0x8ee468e0
 LK         30    READ          24           0x25faa 0x4c4b400 0x2710 0xdd2d6 0x2710 0x53b
 LK         30    WRITE         4            0x00 0x00 0x00 0x29d 0x2710 0x8ee46b80
 LK         30    READ          24           0x25faa 0x4c4b400 0x2710 0xd95d0 0x2710 0x59e
 LK         30    WRITE         4            0x00 0x00 0x00 0x2cf 0x2710 0x8ee46e20
 LK         30    READ          24           0x25faa 0x4c4b400 0x2710 0xe042c 0x2710 0x618
 LK         30    WRITE         8            0xdbba0 0x00 0x00 0x30c 0x2710 0x8ee470c0
 LK         30    READ          24           0x25faa 0x4c4b400 0x2710 0xeb321 0x2710 0x6ca
 LK         30    WRITE         4            0x00 0x00 0x00 0x365 0x2710 0x8ee47360
 LK         30    READ          24           0x25faa 0x4c4b400 0x2710 0xe7116 0x2710 0x161
 LK         30    WRITE         4            0x00 0x00 0x00 0xb0 0x2710 0x8ee47600
 LK         30    READ          24           0x25faa 0x4c4b400 0x2710 0xe2bc0 0x2710 0xfffff210
 LK         30    WRITE         4            0x00 0x00 0x00 0x00 0x2710 0x8ee478a0
 LK         30    READ          24           0x25faa 0x4c4b400 0x2710 0xdef18 0x2710 0xffffeef1
 LK         30    WRITE         4            0x00 0x00 0x00 0x00 0x2710 0x8ee47b40
 LK         30    READ          24           0x25faa 0x4c4b400 0x2710 0xda223 0x2710 0xfffff27c
 LK         30    WRITE         4            0x00 0x00 0x00 0x00 0x2710 0x8ee47de0
 LK         30    READ          24           0x25faa 0x4c4b400 0x2710 0xded6e 0x2710 0xfffff7fe
 LK         30    WRITE         8            0xdbba0 0x00 0x00 0x00 0x2710 0x8ee48080
 LK         30    READ          24           0x25faa 0x4c4b400 0x2710 0xe8d26 0x2710 0xa1
 LK         30    WRITE         4            0x00 0x00 0x00 0x50 0x2710 0x8ee48320
 LK         30    READ          24           0x25faa 0x4c4b400 0x2710 0xe4bca 0x2710 0x413
 LK         30    WRITE         4            0x00 0x00 0x00 0x209 0x2710 0x8ee595e0
 LK         30    READ          24           0x25faa 0x4c4b400 0x2710 0xe0d6d 0x2710 0xfffffddb
 LK         30    WRITE         4            0x00 0x00 0x00 0x00 0x2710 0x8ee59880
 LK         30    READ          24           0x25faa 0x4c4b400 0x2710 0xdcf5a 0x2710 0xfffff628
 LK         30    WRITE         4            0x00 0x00 0x00 0x00 0x2710 0x8ee59b20
 LK         33    READ          24           0x25faa 0x4c4b400 0x2710 0xd85ed 0x2710 0xfffff723
 LK         33    WRITE         4            0x00 0x00 0x00 0x00 0x2710 0x8ee67250
 LK         33    READ          24           0x25faa 0x4c4b400 0x2710 0xded0d 0x2710 0xfffffdd7
 LK         33    WRITE         8            0xdbba0 0x00 0x00 0x00 0x2710 0x8ee674f0
 LK         33    READ          24           0x25faa 0x4c4b400 0x2710 0xe96f4 0x2710 0xffffffa1
 LK         33    WRITE         4            0x00 0x00 0x00 0x00 0x2710 0x8ee67790
 LK         33    READ          24           0x25faa 0x4c4b400 0x2710 0xe5835 0x2710 0xfffffb99
 LK         33    WRITE         4            0x00 0x00 0x00 0x00 0x2710 0x8ee67a30
 LK         33    READ          24           0x25faa 0x4c4b400 0x2710 0xe195c 0x2710 0xfffff7ef
 LK         33    WRITE         4            0x00 0x00 0x00 0x00 0x2710 0x8ee67cd0
 LK         33    READ          24           0x25faa 0x4c4b400 0x2710 0xdd7cc 0x2710 0xfffffaa3
 LK         33    WRITE         4            0x00 0x00 0x00 0x00 0x2710 0x8ee67f70
 LK         33    READ          24           0x25faa 0x4c4b400 0x2710 0xda31d 0x2710 0xfffffd21
 LK         33    WRITE         4            0x00 0x00 0x00 0x00 0x2710 0x8ee68210
 LK         33    READ          24           0x25faa 0x4c4b400 0x2710 0xe0fa2 0x2710 0xfffffc7e
 LK         33    WRITE         8            0xdbba0 0x00 0x00 0x00 0x2710 0x8ee684b0
 LK         33    READ          24           0x25faa 0x4c4b400 0x2710 0xe99ae 0x2710 0xfffff9d2
 LK         33    WRITE         4            0x00 0x00 0x00 0x00 0x2710 0x8ee68750
 LK         33    READ          24           0x25faa 0x4c4b400 0x2710 0xe61ef 0x2710 0xfffff95b
 LK         33    WRITE         4            0x00 0x00 0x00 0x00 0x2710 0x8ee689f0
 LK         33    READ          24           0x25faa 0x4c4b400 0x2710 0xe24f5 0x2710 0xfffffa3e
 LK         33    WRITE         4            0x00 0x00 0x00 0x00 0x2710 0x8ee68c90
 LK         33    READ          24           0x25faa 0x4c4b400 0x2710 0xdea7c 0x2710 0xfffffb4a
 LK         33    WRITE         4            0x00 0x00 0x00 0x00 0x2710 0x8ee68f30
 LK         33    READ          24           0x25faa 0x4c4b400 0x2710 0xdb240 0x2710 0xfffffb82
 LK         33    WRITE         4            0x00 0x00 0x00 0x00 0x2710 0x8ee7bdb0
 LK         33    READ          24           0x25faa 0x4c4b400 0x2710 0xe4004 0x2710 0xfffffacb
 LK         33    WRITE         8            0xdbba0 0x00 0x00 0x00 0x2710 0x8ee7c050
 LK         33    READ          24           0x25faa 0x4c4b400 0x2710 0xed0bb 0x2710 0xfffff9f7
 LK         33    WRITE         4            0x00 0x00 0x00 0x00 0x2710 0x8ee7c2f0
 LK         36    READ          24           0x25faa 0x4c4b400 0x2710 0xe9199 0x2710 0xfffffa79
 LK         36    WRITE         4            0x00 0x00 0x00 0x00 0x2710 0x8ee89b00
 LK         36    READ          24           0x25faa 0x4c4b400 0x2710 0xe4d68 0x2710 0xfffffb29
 LK         36    WRITE         4            0x00 0x00 0x00 0x00 0x2710 0x8ee89da0
 LK         36    READ          24           0x25faa 0x4c4b400 0x2710 0xe11e0 0x2710 0xfffffb2a
 LK         36    WRITE         4            0x00 0x00 0x00 0x00 0x2710 0x8ee8a040
 LK         36    READ          24           0x25faa 0x4c4b400 0x2710 0xdddfc 0x2710 0xfffffae6
 LK         36    WRITE         4            0x00 0x00 0x00 0x00 0x2710 0x8ee8a2e0
 LK         36    READ          24           0x25faa 0x4c4b400 0x2710 0xd9e13 0x2710 0xfffffaa5
 LK         36    WRITE         4            0x00 0x00 0x00 0x00 0x2710 0x8ee8a580
 LK         36    READ          24           0x25faa 0x4c4b400 0x2710 0xd801d 0x2710 0xfffffa9b
 LK         36    WRITE         8            0xdbba0 0x00 0x00 0x00 0x2710 0x8ee8a820
 LK         36    READ          24           0x25faa 0x4c4b400 0x2710 0xe7b5b 0x2710 0xfffffb7f
 LK         36    WRITE         8            0xdbba0 0x00 0x00 0x00 0x2710 0x8ee8aac0
 LK         36    READ          24           0x25faa 0x4c4b400 0x2710 0xe842c 0x2710 0x95d
 LK         36    WRITE         4            0x00 0x00 0x00 0x640 0x2710 0x8ee8ad60
 LK         36    READ          24           0x25faa 0x4c4b400 0x2710 0xe4152 0x2710 0xff3
 LK         36    WRITE         4            0x00 0x00 0x00 0x640 0x2710 0x8ee8b000
 LK         36    READ          24           0x25faa 0x4c4b400 0x2710 0xdfc33 0x2710 0xd90
 LK         36    WRITE         4            0x00 0x00 0x00 0x640 0x2710 0x8ee8b2a0
 LK         36    READ          24           0x25faa 0x4c4b400 0x2710 0xdb1d7 0x2710 0x718
 LK         36    WRITE         4            0x00 0x00 0x00 0x38c 0x2710 0x8ee8b540
 LK         36    READ          24           0x25faa 0x4c4b400 0x2710 0xd92ae 0x2710 0x30e
 LK         36    WRITE         8            0xdbba0 0x00 0x00 0x187 0x2710 0x8ee8b7e0
 LK         36    READ          24           0x25faa 0x4c4b400 0x2710 0xe7711 0x2710 0x260
 LK         36    WRITE         8            0xdbba0 0x00 0x00 0x130 0x2710 0x8eea0130
 LK         36    READ          24           0x25faa 0x4c4b400 0x2710 0xe9f4b 0x2710 0x537
 LK         36    WRITE         4            0x00 0x00 0x00 0x29b 0x2710 0x8eea03d0
 LK         36    READ          24           0x25faa 0x4c4b400 0x2710 0xe642e 0x2710 0x6e8
 LK         36    WRITE         4            0x00 0x00 0x00 0x374 0x2710 0x8eea0670
 LK         39    READ          24           0x25faa 0x4c4b400 0x2710 0xe296b 0x2710 0x6b1
 LK         39    WRITE         4            0x00 0x00 0x00 0x358 0x2710 0x8eeadde0
 LK         39    READ          24           0x25faa 0x4c4b400 0x2710 0xdf056 0x2710 0x5bb
 LK         39    WRITE         4            0x00 0x00 0x00 0x2dd 0x2710 0x8eeae080
 LK         39    READ          24           0x25faa 0x4c4b400 0x2710 0xdb380 0x2710 0x515
 LK         39    WRITE         4            0x00 0x00 0x00 0x28a 0x2710 0x8eeae320
 LK         39    READ          24           0x25faa 0x4c4b400 0x2710 0xd8482 0x2710 0x548
 LK         39    WRITE         4            0x00 0x00 0x00 0x2a4 0x2710 0x8eeae5c0
 LK         39    READ          24           0x25faa 0x4c4b400 0x2710 0xdf45b 0x2710 0x5f5
 LK         39    WRITE         8            0xdbba0 0x00 0x00 0x2fa 0x2710 0x8eeae860
 LK         39    READ          24           0x25faa 0x4c4b400 0x2710 0xe8816 0x2710 0x6bf
 LK         39    WRITE         4            0x00 0x00 0x00 0x35f 0x2710 0x8eeaeb00
 LK         39    READ          24           0x25faa 0x4c4b400 0x2710 0xe45a5 0x2710 0x607
 LK         39    WRITE         4            0x00 0x00 0x00 0x303 0x2710 0x8eeaeda0
 LK         39    READ          24           0x25faa 0x4c4b400 0x2710 0xe1202 0x2710 0x577
 LK         39    WRITE         4            0x00 0x00 0x00 0x2bb 0x2710 0x8eeaf040
 LK         39    READ          24           0x25faa 0x4c4b400 0x2710 0xdd959 0x2710 0x546
 LK         39    WRITE         4            0x00 0x00 0x00 0x2a3 0x2710 0x8eeaf2e0
 LK         39    READ          24           0x25faa 0x4c4b400 0x2710 0xd9b90 0x2710 0x590
 LK         39    WRITE         4            0x00 0x00 0x00 0x2c8 0x2710 0x8eeaf580
 LK         39    READ          24           0x25faa 0x4c4b400 0x2710 0xe145d 0x2710 0x5ea
 LK         39    WRITE         8            0xdbba0 0x00 0x00 0x2f5 0x2710 0x8eeaf820
 LK         39    READ          24           0x25faa 0x4c4b400 0x2710 0xebeee 0x2710 0x6a3
 LK         39    WRITE         4            0x00 0x00 0x00 0x351 0x2710 0x8eeafac0
 LK         39    READ          24           0x25faa 0x4c4b400 0x2710 0xe8571 0x2710 0x60f
 LK         39    WRITE         4            0x00 0x00 0x00 0x307 0x2710 0x8eec6060
 LK         39    READ          24           0x25faa 0x4c4b400 0x2710 0xe3f10 0x2710 0x554
 LK         39    WRITE         4            0x00 0x00 0x00 0x2aa 0x2710 0x8eec6300
 LK         39    READ          24           0x25faa 0x4c4b400 0x2710 0xe0102 0x2710 0x518
 LK         39    WRITE         4            0x00 0x00 0x00 0x28c 0x2710 0x8eec65a0
 LK         42    READ          24           0x25faa 0x4c4b400 0x2710 0xdc3f3 0x2710 0x58f
 LK         42    WRITE         4            0x00 0x00 0x00 0x2c7 0x2710 0x8ede2620
 LK         42    READ          24           0x25faa 0x4c4b400 0x2710 0xe2a41 0x2710 0x62a
 LK         42    WRITE         8            0xdbba0 0x00 0x00 0x315 0x2710 0x8ede28c0
 LK         42    READ          24           0x25faa 0x4c4b400 0x2710 0xeb575 0x2710 0x6c2
 LK         42    WRITE         4            0x00 0x00 0x00 0x361 0x2710 0x8ede2b60
 LK         42    READ          24           0x25faa 0x4c4b400 0x2710 0xe7840 0x2710 0x60b
 LK         42    WRITE         4            0x00 0x00 0x00 0x305 0x2710 0x8ede2e00
 LK         42    READ          24           0x25faa 0x4c4b400 0x2710 0xe2dc2 0x2710 0x524
 LK         42    WRITE         4            0x00 0x00 0x00 0x292 0x2710 0x8ede30a0
 LK         42    READ          24           0x25faa 0x4c4b400 0x2710 0xdf3f9 0x2710 0x510
 LK         42    WRITE         4            0x00 0x00 0x00 0x288 0x2710 0x8ede3340
 LK         42    READ          24           0x25faa 0x4c4b400 0x2710 0xdad63 0x2710 0x5a9
 LK         42    WRITE         4            0x00 0x00 0x00 0x2d4 0x2710 0x8ede35e0
 LK         42    READ          24           0x25faa 0x4c4b400 0x2710 0xe187b 0x2710 0x63a
 LK         42    WRITE         8            0xdbba0 0x00 0x00 0x31d 0x2710 0x8ede3880
 LK         42    READ          24           0x25faa 0x4c4b400 0x2710 0xe9a50 0x2710 0x6bf
 LK         42    WRITE         4            0x00 0x00 0x00 0x35f 0x2710 0x8ede3b20
 LK         42    READ          24           0x25faa 0x4c4b400 0x2710 0xe5c5d 0x2710 0x5f9
 LK         42    WRITE         4            0x00 0x00 0x00 0x2fc 0x2710 0x8ede3dc0
 LK         42    READ          24           0x25faa 0x4c4b400 0x2710 0xe1900 0x2710 0x53c
 LK         42    WRITE         4            0x00 0x00 0x00 0x29e 0x2710 0x8ede4060
 LK         42    READ          24           0x25faa 0x4c4b400 0x2710 0xdd81d 0x2710 0x52c
 LK         42    WRITE         4            0x00 0x00 0x00 0x296 0x2710 0x8ede4300
 LK         42    READ          24           0x25faa 0x4c4b400 0x2710 0xd924b 0x2710 0x5a6
 LK         42    WRITE         4            0x00 0x00 0x00 0x2d3 0x2710 0x8eed5ad0
 LK         42    READ          24           0x25faa 0x4c4b400 0x2710 0xdfe53 0x2710 0x610
 LK         42    WRITE         8            0xdbba0 0x00 0x00 0x308 0x2710 0x8eed5d70
 LK         42    READ          24           0x25faa 0x4c4b400 0x2710 0xe89b7 0x2710 0x6a2
 LK         42    WRITE         4            0x00 0x00 0x00 0x351 0x2710 0x8eed6010
 LK         45    READ          24           0x25faa 0x4c4b400 0x2710 0xe3ee7 0x2710 0x5e0
 LK         45    WRITE         4            0x00 0x00 0x00 0x2f0 0x2710 0x8eee37a0
 LK         45    READ          24           0x25faa 0x4c4b400 0x2710 0xe0596 0x2710 0x56a
 LK         45    WRITE         4            0x00 0x00 0x00 0x2b5 0x2710 0x8eee3a40
 LK         45    READ          24           0x25faa 0x4c4b400 0x2710 0xdc0ee 0x2710 0x55e
 LK         45    WRITE         4            0x00 0x00 0x00 0x2af 0x2710 0x8eee3ce0
 LK         45    READ          24           0x25faa 0x4c4b400 0x2710 0xd851c 0x2710 0x59d
 LK         45    WRITE         4            0x00 0x00 0x00 0x2ce 0x2710 0x8eee3f80
 LK         45    READ          24           0x25faa 0x4c4b400 0x2710 0xe02cd 0x2710 0x3d9
 LK         45    WRITE         8            0xdbba0 0x00 0x00 0x1ec 0x2710 0x8eee4220
 LK         45    READ          24           0x25faa 0x4c4b400 0x2710 0xe865a 0x2710 0xfffffe9e
 LK         45    WRITE         4            0x00 0x00 0x00 0x00 0x2710 0x8eee44c0
 LK         45    READ          24           0x25faa 0x4c4b400 0x2710 0xe4822 0x2710 0xfffffb83
 LK         45    WRITE         4            0x00 0x00 0x00 0x00 0x2710 0x8eee4760
 LK         45    READ          24           0x25faa 0x4c4b400 0x2710 0xe0aaa 0x2710 0xfffffd38
 LK         45    WRITE         4            0x00 0x00 0x00 0x00 0x2710 0x8eee4a00
 LK         45    READ          24           0x25faa 0x4c4b400 0x2710 0xdc91e 0x2710 0x11e
 LK         45    WRITE         4            0x00 0x00 0x00 0x8f 0x2710 0x8eee4ca0
 LK         45    READ          24           0x25faa 0x4c4b400 0x2710 0xd9535 0x2710 0x242
 LK         45    WRITE         4            0x00 0x00 0x00 0x121 0x2710 0x8eee4f40
 LK         45    READ          24           0x25faa 0x4c4b400 0x2710 0xe0f26 0x2710 0xf1
 LK         45    WRITE         8            0xdbba0 0x00 0x00 0x78 0x2710 0x8eee51e0
 LK         45    READ          24           0x25faa 0x4c4b400 0x2710 0xeb1af 0x2710 0xffffff86
 LK         45    WRITE         4            0x00 0x00 0x00 0x00 0x2710 0x8eee5480
 LK         45    READ          24           0x25faa 0x4c4b400 0x2710 0xe6c95 0x2710 0xfffffe61
 LK         45    WRITE         4            0x00 0x00 0x00 0x00 0x2710 0x8eeff110
 LK         45    READ          24           0x25faa 0x4c4b400 0x2710 0xe353a 0x2710 0xffffff24
 LK         45    WRITE         4            0x00 0x00 0x00 0x00 0x2710 0x8eeff3b0
 LK         45    READ          24           0x25faa 0x4c4b400 0x2710 0xdf92a 0x2710 0x84
 LK         45    WRITE         4            0x00 0x00 0x00 0x42 0x2710 0x8eeff650
 LK         48    READ          24           0x25faa 0x4c4b400 0x2710 0xdbe95 0x2710 0x189
 LK         48    WRITE         4            0x00 0x00 0x00 0xc4 0x2710 0x8ef0ce60
 LK         48    READ          24           0x25faa 0x4c4b400 0x2710 0xe37cc 0x2710 0xfd
 LK         48    WRITE         8            0xdbba0 0x00 0x00 0x7e 0x2710 0x8ef0d100
 LK         48    READ          24           0x25faa 0x4c4b400 0x2710 0xed358 0x2710 0xffffffb8
 LK         48    WRITE         4            0x00 0x00 0x00 0x00 0x2710 0x8ef0d3a0
 LK         48    READ          24           0x25faa 0x4c4b400 0x2710 0xe8d57 0x2710 0xfffffecb
 LK         48    WRITE         4            0x00 0x00 0x00 0x00 0x2710 0x8ef0d640
 LK         48    READ          24           0x25faa 0x4c4b400 0x2710 0xe5559 0x2710 0xffffff54
 LK         48    WRITE         4            0x00 0x00 0x00 0x00 0x2710 0x8ef0d8e0
 LK         48    READ          24           0x25faa 0x4c4b400 0x2710 0xe1299 0x2710 0xffffffaf
 LK         48    WRITE         4            0x00 0x00 0x00 0x00 0x2710 0x8ef0db80
 LK         48    READ          24           0x25faa 0x4c4b400 0x2710 0xddd49 0x2710 0xffffffb7
 LK         48    WRITE         4            0x00 0x00 0x00 0x00 0x2710 0x8ef0de20
 LK         48    READ          24           0x25faa 0x4c4b400 0x2710 0xda360 0x2710 0xffffffbf
 LK         48    WRITE         4            0x00 0x00 0x00 0x00 0x2710 0x8ef0e0c0
 LK         48    READ          24           0x25faa 0x4c4b400 0x2710 0xd7d48 0x2710 0xffffffc7
 LK         48    WRITE         8            0xdbba0 0x00 0x00 0x00 0x2710 0x8ef0e360
 LK         48    READ          24           0x25faa 0x4c4b400 0x2710 0xe6346 0x2710 0xffffffd0
 LK         48    WRITE         8            0xdbba0 0x00 0x00 0x00 0x2710 0x8ef0e600
 LK         48    READ          24           0x25faa 0x4c4b400 0x2710 0xe66b8 0x2710 0xffffffd8
 LK         48    WRITE         4            0x00 0x00 0x00 0x00 0x2710 0x8ef0e8a0
 LK         48    READ          24           0x25faa 0x4c4b400 0x2710 0xe2384 0x2710 0xffffffe1
 LK         48    WRITE         4            0x00 0x00 0x00 0x00 0x2710 0x8ef0eb40
 LK         48    READ          24           0x25faa 0x4c4b400 0x2710 0xdedd9 0x2710 0xffffffe9
 LK         48    WRITE         4            0x00 0x00 0x00 0x00 0x2710 0x8ef2a300
 LK         48    READ          24           0x25faa 0x4c4b400 0x2710 0xdb38c 0x2710 0xfffffff1
 LK         48    WRITE         4            0x00 0x00 0x00 0x00 0x2710 0x8ef2a5a0
 LK         48    READ          24           0x25faa 0x4c4b400 0x2710 0xda057 0x2710 0xfffffff9
 LK         48    WRITE         8            0xdbba0 0x00 0x00 0x00 0x2710 0x8ef2a840
 LK         51    READ          24           0x25faa 0x4c4b400 0x2710 0xea903 0x2710 0x01
 LK         51    WRITE         4            0xdbba0 0x00 0x00 0x00 0x2710 0x8ef37f70
 LK         51    READ          24           0x25faa 0x4c4b400 0x2710 0xeab10 0x2710 0x0a
 LK         51    WRITE         4            0x00 0x00 0x00 0x05 0x2710 0x8ef38210
 LK         51    READ          24           0x25faa 0x4c4b400 0x2710 0xe6618 0x2710 0x13
 LK         51    WRITE         4            0x00 0x00 0x00 0x09 0x2710 0x8ef384b0
 LK         51    READ          24           0x25faa 0x4c4b400 0x2710 0xe28f7 0x2710 0x1b
 LK         51    WRITE         4            0x00 0x00 0x00 0x0d 0x2710 0x8ef38750
 LK         51    READ          24           0x25faa 0x4c4b400 0x2710 0xdf32d 0x2710 0x23
 LK         51    WRITE         4            0x00 0x00 0x00 0x11 0x2710 0x8ef389f0
 LK         51    READ          24           0x25faa 0x4c4b400 0x2710 0xdb2fb 0x2710 0x2c
 LK         51    WRITE         4            0x00 0x00 0x00 0x16 0x2710 0x8ef38c90
 LK         51    READ          24           0x25faa 0x4c4b400 0x2710 0xd7fb2 0x2710 0x33
 LK         51    WRITE         4            0x00 0x00 0x00 0x19 0x2710 0x8ef38f30
 LK         51    READ          24           0x25faa 0x4c4b400 0x2710 0xde1bd 0x2710 0x3c
 LK         51    WRITE         8            0xdbba0 0x00 0x00 0x1e 0x2710 0x8ef391d0
 LK         51    READ          24           0x25faa 0x4c4b400 0x2710 0xe78a2 0x2710 0x45
 LK         51    WRITE         4            0x00 0x00 0x00 0x22 0x2710 0x8ef39470
 LK         51    READ          24           0x25faa 0x4c4b400 0x2710 0xe3b0a 0x2710 0x4d
 LK         51    WRITE         4            0x00 0x00 0x00 0x26 0x2710 0x8ef39710
 LK         51    READ          24           0x25faa 0x4c4b400 0x2710 0xe04e0 0x2710 0x55
 LK         51    WRITE         4            0x00 0x00 0x00 0x2a 0x2710 0x8ef399b0
 LK         51    READ          24           0x25faa 0x4c4b400 0x2710 0xdca07 0x2710 0x5d
 LK         51    WRITE         4            0x00 0x00 0x00 0x2e 0x2710 0x8ef39c50
 LK         51    READ          24           0x25faa 0x4c4b400 0x2710 0xd9091 0x2710 0x65
 LK         51    WRITE         4            0x00 0x00 0x00 0x32 0x2710 0x8ef57060
 LK         51    READ          24           0x25faa 0x4c4b400 0x2710 0xe1067 0x2710 0x35d
 LK         51    WRITE         8            0xdbba0 0x00 0x00 0x1ae 0x2710 0x8ef57300
 LK         51    READ          24           0x25faa 0x4c4b400 0x2710 0xecba5 0x2710 0x991
 LK         51    WRITE         4            0x00 0x00 0x00 0x640 0x2710 0x8ef575a0
 LK         54    READ          24           0x25faa 0x4c4b400 0x2710 0xe84ed 0x2710 0x8a1
 LK         54    WRITE         4            0x00 0x00 0x00 0x640 0x2710 0x8ef64cf0
 LK         54    READ          24           0x25faa 0x4c4b400 0x2710 0xe34eb 0x2710 0x106
 LK         54    WRITE         4            0x00 0x00 0x00 0x83 0x2710 0x8ef64f90
 LK         54    READ          24           0x25faa 0x4c4b400 0x2710 0xdf8b6 0x2710 0xffffffac
 LK         54    WRITE         4            0x00 0x00 0x00 0x00 0x2710 0x8ef65230
 LK         54    READ          24           0x25faa 0x4c4b400 0x2710 0xdc72e 0x2710 0x3e0
 LK         54    WRITE         4            0x00 0x00 0x00 0x1f0 0x2710 0x8ef654d0
 LK         54    READ          24           0x25faa 0x4c4b400 0x2710 0xd8bb9 0x2710 0x917
 LK         54    WRITE         4            0x00 0x00 0x00 0x640 0x2710 0x8ef65770
 LK         54    READ          24           0x25faa 0x4c4b400 0x2710 0xd6350 0x2710 0x72e
 LK         54    WRITE         8            0xdbba0 0x00 0x00 0x397 0x2710 0x8ef65a10
 LK         54    READ          24           0x25faa 0x4c4b400 0x2710 0xe61ed 0x2710 0x42c
 LK         54    WRITE         8            0xdbba0 0x00 0x00 0x216 0x2710 0x8ef65cb0
 LK         54    READ          24           0x25faa 0x4c4b400 0x2710 0xe50e9 0x2710 0x48b
 LK         54    WRITE         4            0x00 0x00 0x00 0x245 0x2710 0x8ef65f50
 LK         54    READ          24           0x25faa 0x4c4b400 0x2710 0xe1d8b 0x2710 0x5b0
 LK         54    WRITE         4            0x00 0x00 0x00 0x2d8 0x2710 0x8ef661f0
 LK         54    READ          24           0x25faa 0x4c4b400 0x2710 0xddfbe 0x2710 0x6a7
 LK         54    WRITE         4            0x00 0x00 0x00 0x353 0x2710 0x8ef66490
 LK         54    READ          24           0x25faa 0x4c4b400 0x2710 0xda2d3 0x2710 0x651
 LK         54    WRITE         4            0x00 0x00 0x00 0x328 0x2710 0x8ef66730
 LK         54    READ          24           0x25faa 0x4c4b400 0x2710 0xd97ed 0x2710 0x5bd
 LK         54    WRITE         8            0xdbba0 0x00 0x00 0x2de 0x2710 0x8ef669d0
 LK         54    READ          24           0x25faa 0x4c4b400 0x2710 0xe725e 0x2710 0x5bb
 LK         54    WRITE         8            0xdbba0 0x00 0x00 0x2dd 0x2710 0x8ef85940
 LK         54    READ          24           0x25faa 0x4c4b400 0x2710 0xe8fc0 0x2710 0x5ec
 LK         54    WRITE         4            0x00 0x00 0x00 0x2f6 0x2710 0x8ef85be0
 LK         54    READ          24           0x25faa 0x4c4b400 0x2710 0xe5339 0x2710 0x5c4
 LK         54    WRITE         4            0x00 0x00 0x00 0x2e2 0x2710 0x8ef85e80
 LK         57    READ          24           0x25faa 0x4c4b400 0x2710 0xe121c 0x2710 0x59c
 LK         57    WRITE         4            0x00 0x00 0x00 0x2ce 0x2710 0x8ef93610
 LK         57    READ          24           0x25faa 0x4c4b400 0x2710 0xdd805 0x2710 0x599
 LK         57    WRITE         4            0x00 0x00 0x00 0x2cc 0x2710 0x8ef938b0
 LK         57    READ          24           0x25faa 0x4c4b400 0x2710 0xdc478 0x2710 0x5b4
 LK         57    WRITE         8            0xdbba0 0x00 0x00 0x2da 0x2710 0x8ef93b50
 LK         57    READ          24           0x25faa 0x4c4b400 0x2710 0xe9ba1 0x2710 0x62d
 LK         57    WRITE         8            0xdbba0 0x00 0x00 0x316 0x2710 0x8ef93df0
 LK         57    READ          24           0x25faa 0x4c4b400 0x2710 0xeb3a4 0x2710 0x64c
 LK         57    WRITE         4            0x00 0x00 0x00 0x326 0x2710 0x8ef94090
 LK         57    READ          24           0x25faa 0x4c4b400 0x2710 0xe783c 0x2710 0x5d5
 LK         57    WRITE         4            0x00 0x00 0x00 0x2ea 0x2710 0x8ef94330
 LK         57    READ          24           0x25faa 0x4c4b400 0x2710 0xe30f7 0x2710 0x554
 LK         57    WRITE         4            0x00 0x00 0x00 0x2aa 0x2710 0x8ef945d0
 LK         57    READ          24           0x25faa 0x4c4b400 0x2710 0xdf19b 0x2710 0x568
 LK         57    WRITE         4            0x00 0x00 0x00 0x2b4 0x2710 0x8ef94870
 LK         57    READ          24           0x25faa 0x4c4b400 0x2710 0xdb32b 0x2710 0x5ba
 LK         57    WRITE         4            0x00 0x00 0x00 0x2dd 0x2710 0x8ef94b10
 LK         57    READ          24           0x25faa 0x4c4b400 0x2710 0xd758e 0x2710 0x5ed
 LK         57    WRITE         4            0x00 0x00 0x00 0x2f6 0x2710 0x8ef94db0
 LK         57    READ          24           0x25faa 0x4c4b400 0x2710 0xdd896 0x2710 0x5ff
 LK         57    WRITE         8            0xdbba0 0x00 0x00 0x2ff 0x2710 0x8ef95050
 LK         57    READ          24           0x25faa 0x4c4b400 0x2710 0xe8756 0x2710 0x66d
 LK         57    WRITE         4            0x00 0x00 0x00 0x336 0x2710 0x8ef952f0
 LK         57    READ          24           0x25faa 0x4c4b400 0x2710 0xe4953 0x2710 0x5f6
 LK         57    WRITE         4            0x00 0x00 0x00 0x2fb 0x2710 0x8efb5dc0
 LK         57    READ          24           0x25faa 0x4c4b400 0x2710 0xdff7d 0x2710 0x556
 LK         57    WRITE         4            0x00 0x00 0x00 0x2ab 0x2710 0x8efb6060
 LK         57    READ          24           0x25faa 0x4c4b400 0x2710 0xdbe7d 0x2710 0x566
 LK         57    WRITE         4            0x00 0x00 0x00 0x2b3 0x2710 0x8efb6300
 LK         60    READ          24           0x25faa 0x4c4b400 0x2710 0xd78c9 0x2710 0x5bd
 LK         60    WRITE         4            0x00 0x00 0x00 0x2de 0x2710 0x8efc3a50
 LK         60    READ          24           0x25faa 0x4c4b400 0x2710 0xdda87 0x2710 0x5f7
 LK         60    WRITE         8            0xdbba0 0x00 0x00 0x2fb 0x2710 0x8efc3cf0
 LK         60    READ          24           0x25faa 0x4c4b400 0x2710 0xe8886 0x2710 0x692
 LK         60    WRITE         4            0x00 0x00 0x00 0x349 0x2710 0x8efc3f90
 LK         60    READ          24           0x25faa 0x4c4b400 0x2710 0xe4a09 0x2710 0x5f9
 LK         60    WRITE         4            0x00 0x00 0x00 0x2fc 0x2710 0x8efc4230
 LK         60    READ          24           0x25faa 0x4c4b400 0x2710 0xe0047 0x2710 0x541
 LK         60    WRITE         4            0x00 0x00 0x00 0x2a0 0x2710 0x8efc44d0
 LK         60    READ          24           0x25faa 0x4c4b400 0x2710 0xdc65f 0x2710 0x54f
 LK         60    WRITE         4            0x00 0x00 0x00 0x2a7 0x2710 0x8efc4770
 LK         60    READ          24           0x25faa 0x4c4b400 0x2710 0xd8803 0x2710 0x5b0
 LK         60    WRITE         4            0x00 0x00 0x00 0x2d8 0x2710 0x8efc4a10
 LK         60    READ          24           0x25faa 0x4c4b400 0x2710 0xde526 0x2710 0x60a
 LK         60    WRITE         8            0xdbba0 0x00 0x00 0x305 0x2710 0x8efc4cb0
 LK         60    READ          24           0x25faa 0x4c4b400 0x2710 0xe76f9 0x2710 0x6af
 LK         60    WRITE         4            0x00 0x00 0x00 0x357 0x2710 0x8efc4f50
 LK         60    READ          24           0x25faa 0x4c4b400 0x2710 0xe3b2e 0x2710 0x5f4
 LK         60    WRITE         4            0x00 0x00 0x00 0x2fa 0x2710 0x8efc51f0
 LK         60    READ          24           0x25faa 0x4c4b400 0x2710 0xdfba6 0x2710 0x540
 LK         60    WRITE         4            0x00 0x00 0x00 0x2a0 0x2710 0x8efc5490
 LK         60    READ          24           0x25faa 0x4c4b400 0x2710 0xdbebf 0x2710 0xfffffe66
 LK         60    WRITE         4            0x00 0x00 0x00 0x00 0x2710 0x8efc5730
 LK         60    READ          24           0x25faa 0x4c4b400 0x2710 0xd8485 0x2710 0xfffff444
 LK         60    WRITE         4            0x00 0x00 0x00 0x00 0x2710 0x8efe7dc0
 LK         60    READ          24           0x25faa 0x4c4b400 0x2710 0xdde1e 0x2710 0xfffff246
 LK         60    WRITE         8            0xdbba0 0x00 0x00 0x00 0x2710 0x8efe8060
 LK         60    READ          24           0x25faa 0x4c4b400 0x2710 0xe8e2e 0x2710 0xfffff4ce
 LK         60    WRITE         4            0x00 0x00 0x00 0x00 0x2710 0x8efe8300
 LK         63    READ          24           0x25faa 0x4c4b400 0x2710 0xe3a82 0x2710 0xfffffd32
 LK         63    WRITE         4            0x00 0x00 0x00 0x00 0x2710 0x8eff5ae0
 LK         63    READ          24           0x25faa 0x4c4b400 0x2710 0xdf972 0x2710 0xde
 LK         63    WRITE         4            0x00 0x00 0x00 0x6f 0x2710 0x8eff5d80
 LK         63    READ          24           0x25faa 0x4c4b400 0x2710 0xdc320 0x2710 0xfffffe4a
 LK         63    WRITE         4            0x00 0x00 0x00 0x00 0x2710 0x8eff6020
 LK         63    READ          24           0x25faa 0x4c4b400 0x2710 0xd8177 0x2710 0xfffff906
 LK         63    WRITE         4            0x00 0x00 0x00 0x00 0x2710 0x8eff62c0
 LK         63    READ          24           0x25faa 0x4c4b400 0x2710 0xdfcac 0x2710 0xfffff749
 LK         63    WRITE         8            0xdbba0 0x00 0x00 0x00 0x2710 0x8eff6560
 LK         63    READ          24           0x25faa 0x4c4b400 0x2710 0xe9741 0x2710 0xfffff9cb
 LK         63    WRITE         4            0x00 0x00 0x00 0x00 0x2710 0x8eff6800
 LK         63    READ          24           0x25faa 0x4c4b400 0x2710 0xe4bf8 0x2710 0xffffff0d
 LK         63    WRITE         4            0x00 0x00 0x00 0x00 0x2710 0x8eff6aa0
 LK         63    READ          24           0x25faa 0x4c4b400 0x2710 0xe0e44 0x2710 0xfffffdf0
 LK         63    WRITE         4            0x00 0x00 0x00 0x00 0x2710 0x8eff6d40
 LK         63    READ          24           0x25faa 0x4c4b400 0x2710 0xdd195 0x2710 0xfffffa4c
 LK         63    WRITE         4            0x00 0x00 0x00 0x00 0x2710 0x8eff6fe0
 LK         63    READ          24           0x25faa 0x4c4b400 0x2710 0xd94fd 0x2710 0xfffff86e
 LK         63    WRITE         4            0x00 0x00 0x00 0x00 0x2710 0x8eff7280
 LK         63    READ          24           0x25faa 0x4c4b400 0x2710 0xe1119 0x2710 0xfffff907
 LK         63    WRITE         8            0xdbba0 0x00 0x00 0x00 0x2710 0x8eff7520
 LK         63    READ          24           0x25faa 0x4c4b400 0x2710 0xeaaef 0x2710 0xfffffa68
 LK         63    WRITE         4            0x00 0x00 0x00 0x00 0x2710 0x8eff77c0
 LK         63    READ          24           0x25faa 0x4c4b400 0x2710 0xe651e 0x2710 0xfffffc03
 LK         63    WRITE         4            0x00 0x00 0x00 0x00 0x2710 0x8f01b950
 LK         63    READ          24           0x25faa 0x4c4b400 0x2710 0xe2ecb 0x2710 0xfffffbc1
 LK         63    WRITE         4            0x00 0x00 0x00 0x00 0x2710 0x8f01bbf0
 LK         63    READ          24           0x25faa 0x4c4b400 0x2710 0xdf99c 0x2710 0xfffffae5
 LK         63    WRITE         4            0x00 0x00 0x00 0x00 0x2710 0x8f01be90
 LK         66    READ          24           0x25faa 0x4c4b400 0x2710 0xdb460 0x2710 0xfffff9f6
 LK         66    WRITE         4            0x00 0x00 0x00 0x00 0x2710 0x8f029620
 LK         66    READ          24           0x25faa 0x4c4b400 0x2710 0xe3380 0x2710 0xfffffa0e
 LK         66    WRITE         8            0xdbba0 0x00 0x00 0x00 0x2710 0x8f0298c0
 LK         66    READ          24           0x25faa 0x4c4b400 0x2710 0xec96c 0x2710 0xfffffa5c
 LK         66    WRITE         4            0x00 0x00 0x00 0x00 0x2710 0x8f029b60
 LK         66    READ          24           0x25faa 0x4c4b400 0x2710 0xe908f 0x2710 0xfffffb11
 LK         66    WRITE         4            0x00 0x00 0x00 0x00 0x2710 0x8f029e00
 LK         66    READ          24           0x25faa 0x4c4b400 0x2710 0xe535b 0x2710 0xfffffb50
 LK         66    WRITE         4            0x00 0x00 0x00 0x00 0x2710 0x8f02a0a0
 LK         66    READ          24           0x25faa 0x4c4b400 0x2710 0xe17b5 0x2710 0xfffffb07
 LK         66    WRITE         4            0x00 0x00 0x00 0x00 0x2710 0x8f02a340
 LK         66    READ          24           0x25faa 0x4c4b400 0x2710 0xddd2e 0x2710 0xfffffaaa
 LK         66    WRITE         4            0x00 0x00 0x00 0x00 0x2710 0x8f02a5e0
 LK         66    READ          24           0x25faa 0x4c4b400 0x2710 0xda95c 0x2710 0xfffffa91
 LK         66    WRITE         4            0x00 0x00 0x00 0x00 0x2710 0x8f02a880
 LK         66    READ          24           0x25faa 0x4c4b400 0x2710 0xd90b9 0x2710 0xfffffab5
 LK         66    WRITE         8            0xdbba0 0x00 0x00 0x00 0x2710 0x8f02ab20
 LK         66    READ          24           0x25faa 0x4c4b400 0x2710 0xe686b 0x2710 0xfffffa75
 LK         66    WRITE         8            0xdbba0 0x00 0x00 0x00 0x2710 0x8f02adc0
 LK         66    READ          24           0x25faa 0x4c4b400 0x2710 0xe8256 0x2710 0xfffffa6b
 LK         66    WRITE         4            0x00 0x00 0x00 0x00 0x2710 0x8f02b060
 LK         66    READ          24           0x25faa 0x4c4b400 0x2710 0xe42a4 0x2710 0xfffffd78
 LK         66    WRITE         4            0x00 0x00 0x00 0x00 0x2710 0x8f02b300
 LK         66    READ          24           0x25faa 0x4c4b400 0x2710 0xe0651 0x2710 0xa8a
 LK         66    WRITE         4            0x00 0x00 0x00 0x640 0x2710 0x8f051050
 LK         66    READ          24           0x25faa 0x4c4b400 0x2710 0xdc5ea 0x2710 0xf84
 LK         66    WRITE         4            0x00 0x00 0x00 0x640 0x2710 0x8f0512f0
 LK         66    READ          24           0x25faa 0x4c4b400 0x2710 0xda937 0x2710 0xcbd
 LK         66    WRITE         8            0xdbba0 0x00 0x00 0x640 0x2710 0x8f051590
 LK         69    READ          24           0x25faa 0x4c4b400 0x2710 0xea770 0x2710 0x7ac
 LK         69    WRITE         8            0xdbba0 0x00 0x00 0x3d6 0x2710 0x8f05ed20
 LK         69    READ          24           0x25faa 0x4c4b400 0x2710 0xead10 0x2710 0x343
 LK         69    WRITE         4            0x00 0x00 0x00 0x1a1 0x2710 0x8f05efc0
 LK         69    READ          24           0x25faa 0x4c4b400 0x2710 0xe6f46 0x2710 0xba
 LK         69    WRITE         4            0x00 0x00 0x00 0x5d 0x2710 0x8f05f260
 LK         69    READ          24           0x25faa 0x4c4b400 0x2710 0xe3063 0x2710 0x474
 LK         69    WRITE         4            0x00 0x00 0x00 0x23a 0x2710 0x8f05f500
 LK         69    READ          24           0x25faa 0x4c4b400 0x2710 0xdf804 0x2710 0x81b
 LK         69    WRITE         4            0x00 0x00 0x00 0x640 0x2710 0x8f05f7a0
 LK         69    READ          24           0x25faa 0x4c4b400 0x2710 0xdbaee 0x2710 0x52d
 LK         69    WRITE         4            0x00 0x00 0x00 0x296 0x2710 0x8f05fa40
 LK         69    READ          24           0x25faa 0x4c4b400 0x2710 0xd88b7 0x2710 0x28d
 LK         69    WRITE         4            0x00 0x00 0x00 0x146 0x2710 0x8f05fce0
 LK         69    READ          24           0x25faa 0x4c4b400 0x2710 0xe0821 0x2710 0x435
 LK         69    WRITE         8            0xdbba0 0x00 0x00 0x21a 0x2710 0x8f05ff80
 LK         69    READ          24           0x25faa 0x4c4b400 0x2710 0xeae62 0x2710 0x6f0
 LK         69    WRITE         4            0x00 0x00 0x00 0x378 0x2710 0x8f060220
 LK         69    READ          24           0x25faa 0x4c4b400 0x2710 0xe6b72 0x2710 0x802
 LK         69    WRITE         4            0x00 0x00 0x00 0x640 0x2710 0x8f0604c0
 LK         69    READ          24           0x25faa 0x4c4b400 0x2710 0xe29dd 0x2710 0x2a6
 LK         69    WRITE         4            0x00 0x00 0x00 0x153 0x2710 0x8f060760
 LK         69    READ          24           0x25faa 0x4c4b400 0x2710 0xdf57d 0x2710 0x7b
 LK         69    WRITE         4            0x00 0x00 0x00 0x3d 0x2710 0x8f060a00
 LK         69    READ          24           0x25faa 0x4c4b400 0x2710 0xdb984 0x2710 0x500
 LK         69    WRITE         4            0x00 0x00 0x00 0x280 0x2710 0x8f088340
 LK         69    READ          24           0x25faa 0x4c4b400 0x2710 0xe2199 0x2710 0x87d
 LK         69    WRITE         8            0xdbba0 0x00 0x00 0x640 0x2710 0x8f0885e0
 LK         69    READ          24           0x25faa 0x4c4b400 0x2710 0xecffd 0x2710 0x663
 LK         69    WRITE         4            0x00 0x00 0x00 0x331 0x2710 0x8f088880
 LK         72    READ          24           0x25faa 0x4c4b400 0x2710 0xe86f5 0x2710 0x295
 LK         72    WRITE         4            0x00 0x00 0x00 0x14a 0x2710 0x8f096050
 LK         72    READ          24           0x25faa 0x4c4b400 0x2710 0xe49ee 0x2710 0x394
 LK         72    WRITE         4            0x00 0x00 0x00 0x1ca 0x2710 0x8f0962f0
 LK         72    READ          24           0x25faa 0x4c4b400 0x2710 0xe0d42 0x2710 0x632
 LK         72    WRITE         4            0x00 0x00 0x00 0x319 0x2710 0x8f096590
 LK         72    READ          24           0x25faa 0x4c4b400 0x2710 0xdcfba 0x2710 0x728
 LK         72    WRITE         4            0x00 0x00 0x00 0x394 0x2710 0x8f096830
 LK         72    READ          24           0x25faa 0x4c4b400 0x2710 0xd925b 0x2710 0x683
 LK         72    WRITE         4            0x00 0x00 0x00 0x341 0x2710 0x8f096ad0
 LK         72    READ          24           0x25faa 0x4c4b400 0x2710 0xd81e8 0x2710 0x5c4
 LK         72    WRITE         8            0xdbba0 0x00 0x00 0x2e2 0x2710 0x8f096d70
 LK         72    READ          24           0x25faa 0x4c4b400 0x2710 0xe6e8d 0x2710 0x59e
 LK         72    WRITE         8            0xdbba0 0x00 0x00 0x2cf 0x2710 0x8f097010
 LK         72    READ          24           0x25faa 0x4c4b400 0x2710 0xe845a 0x2710 0x5e5
 LK         72    WRITE         4            0x00 0x00 0x00 0x2f2 0x2710 0x8f0972b0
 LK         72    READ          24           0x25faa 0x4c4b400 0x2710 0xe4782 0x2710 0x5da
 LK         72    WRITE         4            0x00 0x00 0x00 0x2ed 0x2710 0x8f097550
 LK         72    READ          24           0x25faa 0x4c4b400 0x2710 0xdfeae 0x2710 0x5b3
 LK         72    WRITE         4            0x00 0x00 0x00 0x2d9 0x2710 0x8f0977f0
 LK         72    READ          24           0x25faa 0x4c4b400 0x2710 0xdc45f 0x2710 0x5a4
 LK         72    WRITE         4            0x00 0x00 0x00 0x2d2 0x2710 0x8f097a90
 LK         72    READ          24           0x25faa 0x4c4b400 0x2710 0xdbe06 0x2710 0x5b3
 LK         72    WRITE         8            0xdbba0 0x00 0x00 0x2d9 0x2710 0x8f097d30
 LK         72    READ          24           0x25faa 0x4c4b400 0x2710 0xe9438 0x2710 0x632
 LK         72    WRITE         8            0xdbba0 0x00 0x00 0x319 0x2710 0x8f0c1170
 LK         72    READ          24           0x25faa 0x4c4b400 0x2710 0xeada6 0x2710 0x657
 LK         72    WRITE         4            0x00 0x00 0x00 0x32b 0x2710 0x8f0c1410
 LK         72    READ          24           0x25faa 0x4c4b400 0x2710 0xe6731 0x2710 0x5c2
 LK         72    WRITE         4            0x00 0x00 0x00 0x2e1 0x2710 0x8f0c16b0
 LK         75    READ          24           0x25faa 0x4c4b400 0x2710 0xe15b6 0x2710 0x52e
 LK         75    WRITE         4            0x00 0x00 0x00 0x297 0x2710 0x8f0cee60
 LK         75    READ          24           0x25faa 0x4c4b400 0x2710 0xddad5 0x2710 0x55f
 LK         75    WRITE         4            0x00 0x00 0x00 0x2af 0x2710 0x8f0cf100
 LK         75    READ          24           0x25faa 0x4c4b400 0x2710 0xdd43a 0x2710 0x5da
 LK         75    WRITE         8            0xdbba0 0x00 0x00 0x2ed 0x2710 0x8f0cf3a0
 LK         75    READ          24           0x25faa 0x4c4b400 0x2710 0xeaa90 0x2710 0x689
 LK         75    WRITE         8            0xdbba0 0x00 0x00 0x344 0x2710 0x8f0cf640
 LK         75    READ          24           0x25faa 0x4c4b400 0x2710 0xec47b 0x2710 0x6a3
 LK         75    WRITE         4            0x00 0x00 0x00 0x351 0x2710 0x8f0cf8e0
 LK         75    READ          24           0x25faa 0x4c4b400 0x2710 0xe77eb 0x2710 0x58c
 LK         75    WRITE         4            0x00 0x00 0x00 0x2c6 0x2710 0x8f0cfb80
 LK         75    READ          24           0x25faa 0x4c4b400 0x2710 0xe35da 0x2710 0x51d
 LK         75    WRITE         4            0x00 0x00 0x00 0x28e 0x2710 0x8f0cfe20
 LK         75    READ          24           0x25faa 0x4c4b400 0x2710 0xdfcd2 0x2710 0x557
 LK         75    WRITE         4            0x00 0x00 0x00 0x2ab 0x2710 0x8f0d00c0
 LK         75    READ          24           0x25faa 0x4c4b400 0x2710 0xdbfa7 0x2710 0x5ca
 LK         75    WRITE         4            0x00 0x00 0x00 0x2e5 0x2710 0x8f0d0360
 LK         75    READ          24           0x25faa 0x4c4b400 0x2710 0xd7e7a 0x2710 0x191
 LK         75    WRITE         4            0x00 0x00 0x00 0xc8 0x2710 0x8f0d0600
 LK         75    READ          24           0x25faa 0x4c4b400 0x2710 0xdfe3f 0x2710 0xfffffc67
 LK         75    WRITE         8            0xdbba0 0x00 0x00 0x00 0x2710 0x8f0d08a0
 LK         75    READ          24           0x25faa 0x4c4b400 0x2710 0xe81fe 0x2710 0xfffffc16
 LK         75    WRITE         4            0x00 0x00 0x00 0x00 0x2710 0x8f0d0b40
 LK         75    READ          24           0x25faa 0x4c4b400 0x2710 0xe3e34 0x2710 0xffffff5c
 LK         75    WRITE         4            0x00 0x00 0x00 0x00 0x2710 0x8f0fbb70
 LK         75    READ          24           0x25faa 0x4c4b400 0x2710 0xe025c 0x2710 0x13b
 LK         75    WRITE         4            0x00 0x00 0x00 0x9d 0x2710 0x8f0fbe10
 LK         75    READ          24           0x25faa 0x4c4b400 0x2710 0xdc814 0x2710 0x131
 LK         75    WRITE         4            0x00 0x00 0x00 0x98 0x2710 0x8f0fc0b0
 LK         78    READ          24           0x25faa 0x4c4b400 0x2710 0xd88e5 0x2710 0x03
 LK         78    WRITE         4            0x00 0x00 0x00 0x01 0x2710 0x8f109860
 LK         78    READ          24           0x25faa 0x4c4b400 0x2710 0xe161c 0x2710 0xffffff4d
 LK         78    WRITE         8            0xdbba0 0x00 0x00 0x00 0x2710 0x8f109b00
 LK         78    READ          24           0x25faa 0x4c4b400 0x2710 0xe8c39 0x2710 0xfffffef5
 LK         78    WRITE         4            0x00 0x00 0x00 0x00 0x2710 0x8f109da0
 LK         78    READ          24           0x25faa 0x4c4b400 0x2710 0xe4eba 0x2710 0xffffff76
 LK         78    WRITE         4            0x00 0x00 0x00 0x00 0x2710 0x8f10a040
 LK         78    READ          24           0x25faa 0x4c4b400 0x2710 0xe12b7 0x2710 0xffffffe7
 LK         78    WRITE         4            0x00 0x00 0x00 0x00 0x2710 0x8f10a2e0
 LK         78    READ          24           0x25faa 0x4c4b400 0x2710 0xdd1b0 0x2710 0x12
 LK         78    WRITE         4            0x00 0x00 0x00 0x09 0x2710 0x8f10a580
 LK         78    READ          24           0x25faa 0x4c4b400 0x2710 0xd9ee1 0x2710 0x35
 LK         78    WRITE         4            0x00 0x00 0x00 0x1a 0x2710 0x8f10a820
 LK         78    READ          24           0x25faa 0x4c4b400 0x2710 0xe0a7e 0x2710 0x60
 LK         78    WRITE         8            0xdbba0 0x00 0x00 0x30 0x2710 0x8f10aac0
 LK         78    READ          24           0x25faa 0x4c4b400 0x2710 0xea250 0x2710 0x84
 LK         78    WRITE         4            0x00 0x00 0x00 0x42 0x2710 0x8f10ad60
 LK         78    READ          24           0x25faa 0x4c4b400 0x2710 0xe6465 0x2710 0xae
 LK         78    WRITE         4            0x00 0x00 0x00 0x57 0x2710 0x8f10b000
 LK         78    READ          24           0x25faa 0x4c4b400 0x2710 0xe27e4 0x2710 0xd6
 LK         78    WRITE         4            0x00 0x00 0x00 0x6b 0x2710 0x8f10b2a0
 LK         78    READ          24           0x25faa 0x4c4b400 0x2710 0xde647 0x2710 0x33
 LK         78    WRITE         4            0x00 0x00 0x00 0x19 0x2710 0x8f10b540
 LK         78    READ          24           0x25faa 0x4c4b400 0x2710 0xdacb5 0x2710 0xffffffaf
 LK         78    WRITE         4            0x00 0x00 0x00 0x00 0x2710 0x8f1380a0
 LK         78    READ          24           0x25faa 0x4c4b400 0x2710 0xe3933 0x2710 0xffffff5b
 LK         78    WRITE         8            0xdbba0 0x00 0x00 0x00 0x2710 0x8f138340
 LK         78    READ          24           0x25faa 0x4c4b400 0x2710 0xeaec8 0x2710 0xffffff15
 LK         78    WRITE         4            0x00 0x00 0x00 0x00 0x2710 0x8f1385e0
 LK         81    READ          24           0x25faa 0x4c4b400 0x2710 0xe69a8 0x2710 0xffffffab
 LK         81    WRITE         4            0x00 0x00 0x00 0x00 0x2710 0x8f145d50
 LK         81    READ          24           0x25faa 0x4c4b400 0x2710 0xe2d05 0x2710 0x24
 LK         81    WRITE         4            0x00 0x00 0x00 0x12 0x2710 0x8f145ff0
 LK         81    READ          24           0x25faa 0x4c4b400 0x2710 0xdeb50 0x2710 0x63
 LK         81    WRITE         4            0x00 0x00 0x00 0x31 0x2710 0x8f146290
 LK         81    READ          24           0x25faa 0x4c4b400 0x2710 0xdb7f9 0x2710 0x95
 LK         81    WRITE         4            0x00 0x00 0x00 0x4a 0x2710 0x8f146530
 LK         81    READ          24           0x25faa 0x4c4b400 0x2710 0xe443b 0x2710 0xd3
 LK         81    WRITE         8            0xdbba0 0x00 0x00 0x69 0x2710 0x8f1467d0
 LK         81    READ          24           0x25faa 0x4c4b400 0x2710 0xed41c 0x2710 0x66
 LK         81    WRITE         4            0x00 0x00 0x00 0x33 0x2710 0x8f146a70
 LK         81    READ          24           0x25faa 0x4c4b400 0x2710 0xe94fc 0x2710 0xfffffff7
 LK         81    WRITE         4            0x00 0x00 0x00 0x00 0x2710 0x8f146d10
 LK         81    READ          24           0x25faa 0x4c4b400 0x2710 0xe5759 0x2710 0xffffffc5
 LK         81    WRITE         4            0x00 0x00 0x00 0x00 0x2710 0x8f146fb0
 LK         81    READ          24           0x25faa 0x4c4b400 0x2710 0xe21c4 0x2710 0xffffff9a
 LK         81    WRITE         4            0x00 0x00 0x00 0x00 0x2710 0x8f147250
 LK         81    READ          24           0x25faa 0x4c4b400 0x2710 0xde059 0x2710 0xffffff64
 LK         81    WRITE         4            0x00 0x00 0x00 0x00 0x2710 0x8f1474f0
 LK         81    READ          24           0x25faa 0x4c4b400 0x2710 0xda6eb 0x2710 0xffffff34
 LK         81    WRITE         4            0x00 0x00 0x00 0x00 0x2710 0x8f147790
 LK         81    READ          24           0x25faa 0x4c4b400 0x2710 0xd9894 0x2710 0xffffffa7
 LK         81    WRITE         8            0xdbba0 0x00 0x00 0x00 0x2710 0x8f147a30
 LK         81    READ          24           0x25faa 0x4c4b400 0x2710 0xe8656 0x2710 0x0d
 LK         81    WRITE         8            0xdbba0 0x00 0x00 0x06 0x2710 0x8f176180
 LK         81    READ          24           0x25faa 0x4c4b400 0x2710 0xea9ff 0x2710 0x47
 LK         81    WRITE         4            0x00 0x00 0x00 0x23 0x2710 0x8f176420
 LK         81    READ          24           0x25faa 0x4c4b400 0x2710 0xe72ad 0x2710 0x74
 LK         81    WRITE         4            0x00 0x00 0x00 0x3a 0x2710 0x8f1766c0
 LK         84    READ          24           0x25faa 0x4c4b400 0x2710 0xe2883 0x2710 0xb1
 LK         84    WRITE         4            0x00 0x00 0x00 0x58 0x2710 0x8f183ed0
