[ TASK NAME ] [ TIME ] [ READ/WRITE ] [ DATA LENGTH ] [ RAW DATA ]
LK                  0       READ                 24		0x0 0x4c4b400 0x2710 0xbb 0x2710 0xffffc8de
LK                 22      WRITE                 16		0x0 0x0 0x7d0 0x0
LK                110       READ                 24		0x33134 0x4c4b400 0x2710 0xbef 0x2710 0xffffc89a
LK                132      WRITE                 16		0xaae60 0x0 0x7d0 0x0
LK                220       READ                 24		0x33134 0x4c4b400 0x2710 0x72d8 0x2710 0xffffc8cb
LK                242      WRITE                 16		0xaae60 0x0 0x7d0 0x0
LK                330       READ                 24		0x33134 0x4c4b400 0x2710 0xc539 0x2710 0xffffc92b
LK                352      WRITE                 16		0xaae60 0x0 0x7d0 0x0
LK                440       READ                 24		0x33134 0x4c4b400 0x2710 0x13ec2 0x2710 0xffffc9f9
LK                462      WRITE                 16		0xaae60 0x0 0x7d0 0x0
LK                572      WRITE                 16		0xaae60 0x0 0x7d0 0x0
LK                660       READ                 24		0x33134 0x4c4b400 0x2710 0x239ac 0x2710 0xffffcc74
LK                682      WRITE                 16		0xaae60 0x0 0x7d0 0x0
LK                770       READ                 24		0x33134 0x4c4b400 0x2710 0x2c523 0x2710 0xffffcea2
LK                792      WRITE                 16		0xaae60 0x0 0x7d0 0x0
LK                880       READ                 24		0x33134 0x4c4b400 0x2710 0x303e6 0x2710 0xffffcfbf
LK                902      WRITE                 16		0xaae60 0x0 0x7d0 0x0
LK                990       READ                 24		0x33134 0x4c4b400 0x2710 0x3825a 0x2710 0xffffd260
LK               1012      WRITE                 16		0xaae60 0x0 0x7d0 0x0
LK               1100       READ                 24		0x33134 0x4c4b400 0x2710 0x40907 0x2710 0xffffd592
LK               1122      WRITE                 16		0xaae60 0x0 0x7d0 0x0
LK               1210       READ                 24		0x33134 0x4c4b400 0x2710 0x4acc8 0x2710 0xffffda2b
LK               1232      WRITE                 16		0xaae60 0x0 0x25d5 0x0
LK               1320       READ                 24		0x33134 0x4c4b400 0x2710 0x4eb81 0x2710 0xffffde13
LK               1342      WRITE                 16		0xaae60 0x0 0x21ed 0x0
LK               1430       READ                 24		0x33134 0x4c4b400 0x2710 0x509ce 0x2710 0xffffea61
LK               1452      WRITE                 16		0xaae60 0x0 0x159f 0x0
LK               1540       READ                 24		0x33134 0x4c4b400 0x2710 0x57375 0x2710 0xffffff8b
LK               1562      WRITE                 16		0xaae60 0x0 0x75 0x0
LK               1650       READ                 24		0x33134 0x4c4b400 0x2710 0x5c5f4 0x2710 0x87d
LK               1672      WRITE                 16		0xaae60 0x0 0x0 0x87d
LK               1760       READ                 24		0x33134 0x4c4b400 0x2710 0x64232 0x2710 0xc24
LK               1782      WRITE                 16		0xaae60 0x0 0x0 0xc24
LK               1870       READ                 24		0x33134 0x4c4b400 0x2710 0x6d91b 0x2710 0xc38
LK               1892      WRITE                 16		0xaae60 0x0 0x0 0xc38
LK               1980       READ                 24		0x33134 0x4c4b400 0x2710 0x75914 0x2710 0xa6f
LK               2002      WRITE                 16		0xaae60 0x0 0x0 0xa6f
LK               2090       READ                 24		0x33134 0x4c4b400 0x2710 0x80f07 0x2710 0x70d
LK               2112      WRITE                 16		0xaae60 0x0 0x0 0x70d
LK               2200       READ                 24		0x33134 0x4c4b400 0x2710 0x87767 0x2710 0x53c
LK               2222      WRITE                 16		0xaae60 0x0 0x0 0x53c
LK               2310       READ                 24		0x33134 0x4c4b400 0x2710 0x943a5 0x2710 0x350
LK               2332      WRITE                 16		0xaae60 0x0 0x0 0x350
LK               2420       READ                 24		0x33134 0x4c4b400 0x2710 0x98e98 0x2710 0x283
LK               2442      WRITE                 16		0xaae60 0x0 0x0 0x283
LK               2530       READ                 24		0x33134 0x4c4b400 0x2710 0xa0b26 0x2710 0x1ec
LK               2552      WRITE                 16		0xaae60 0x0 0x0 0x1ec
LK               2640       READ                 24		0x33134 0x4c4b400 0x2710 0xaceb2 0x2710 0x1c1
LK               2662      WRITE                 16		0xaae60 0x0 0x0 0x1c1
LK               2750       READ                 24		0x33134 0x4c4b400 0x2710 0xb16fd 0x2710 0x1ae
LK               2772      WRITE                 16		0xaae60 0x0 0x0 0x1ae
LK               2860       READ                 24		0x33134 0x4c4b400 0x2710 0xba50c 0x2710 0x155
LK               2882      WRITE                 16		0xaae60 0x0 0x0 0x155
LK               2970       READ                 24		0x33134 0x4c4b400 0x2710 0xc4496 0x2710 0x9b
LK               2992      WRITE                 16		0xaae60 0x0 0x0 0x9b
LK               3080       READ                 24		0x33134 0x4c4b400 0x2710 0xc8226 0x2710 0x48
LK               3102      WRITE                 16		0x0 0x0 0x0 0x48
LK               3190       READ                 24		0x33134 0x4c4b400 0x2710 0xc553d 0x2710 0x4c
LK               3212      WRITE                 16		0x0 0x0 0x0 0x4c
LK               3300       READ                 24		0x33134 0x4c4b400 0x2710 0xc171a 0x2710 0xd3
LK               3322      WRITE                 16		0x0 0x0 0x0 0xd3
LK               3410       READ                 24		0x33134 0x4c4b400 0x2710 0xbeb5b 0x2710 0xd6
LK               3432      WRITE                 16		0x0 0x0 0x0 0xd6
LK               3520       READ                 24		0x33134 0x4c4b400 0x2710 0xbc02d 0x2710 0x53
LK               3542      WRITE                 16		0x0 0x0 0x0 0x53
LK               3630       READ                 24		0x33134 0x4c4b400 0x2710 0xb95a5 0x2710 0xffffffe0
LK               3652      WRITE                 16		0x0 0x0 0x20 0x0
LK               3740       READ                 24		0x33134 0x4c4b400 0x2710 0xb6bea 0x2710 0xffffffe7
LK               3762      WRITE                 16		0x0 0x0 0x19 0x0
LK               3850       READ                 24		0x33134 0x4c4b400 0x2710 0xb3adb 0x2710 0xfffffff2
LK               3872      WRITE                 16		0x0 0x0 0xe 0x0
LK               3960       READ                 24		0x33134 0x4c4b400 0x2710 0xb12ce 0x2710 0xfffffffb
LK               3982      WRITE                 16		0x0 0x0 0x5 0x0
LK               4070       READ                 24		0x33134 0x4c4b400 0x2710 0xae3bb 0x2710 0x4
LK               4092      WRITE                 16		0x0 0x0 0x0 0x4
LK               4180       READ                 24		0x33134 0x4c4b400 0x2710 0xab5b3 0x2710 0xe
LK               4202      WRITE                 16		0x0 0x0 0x0 0xe
LK               4290       READ                 24		0x33134 0x4c4b400 0x2710 0xa9022 0x2710 0x16
LK               4312      WRITE                 16		0x0 0x0 0x0 0x16
LK               4400       READ                 24		0x33134 0x4c4b400 0x2710 0xa63f9 0x2710 0x20
LK               4422      WRITE                 16		0x0 0x0 0x0 0x20
LK               4510       READ                 24		0x33134 0x4c4b400 0x2710 0xa31b6 0x2710 0x2b
LK               4532      WRITE                 16		0x0 0x0 0x0 0x2b
LK               4620       READ                 24		0x33134 0x4c4b400 0x2710 0xa4876 0x2710 0x31
LK               4642      WRITE                 16		0xaae60 0x0 0x0 0x31
LK               4730       READ                 24		0x33134 0x4c4b400 0x2710 0xac232 0x2710 0x39
LK               4752      WRITE                 16		0xaae60 0x0 0x0 0x39
LK               4840       READ                 24		0x33134 0x4c4b400 0x2710 0xb6a06 0x2710 0x45
LK               4862      WRITE                 16		0xaae60 0x0 0x0 0x45
LK               4950       READ                 24		0x33134 0x4c4b400 0x2710 0xbde97 0x2710 0x4e
LK               4972      WRITE                 16		0xaae60 0x0 0x0 0x4e
LK               5060       READ                 24		0x33134 0x4c4b400 0x2710 0xc3b9b 0x2710 0x56
LK               5082      WRITE                 16		0x0 0x0 0x0 0x56
LK               5170       READ                 24		0x33134 0x4c4b400 0x2710 0xc0f4d 0x2710 0x60
LK               5192      WRITE                 16		0x0 0x0 0x0 0x60
LK               5280       READ                 24		0x33134 0x4c4b400 0x2710 0xbdf57 0x2710 0x6a
LK               5302      WRITE                 16		0x0 0x0 0x0 0x6a
LK               5390       READ                 24		0x33134 0x4c4b400 0x2710 0xba6b6 0x2710 0x42
LK               5412      WRITE                 16		0x0 0x0 0x0 0x42
LK               5500       READ                 24		0x33134 0x4c4b400 0x2710 0xa7662 0x2710 0xffffffbe
LK               5522      WRITE                 16		0x0 0x0 0x42 0x0
LK               5610       READ                 24		0x33134 0x4c4b400 0x2710 0xa6f25 0x2710 0xffffffac
LK               5632      WRITE                 16		0xaae60 0x0 0x54 0x0
LK               5720       READ                 24		0x33134 0x4c4b400 0x2710 0xad9d9 0x2710 0xffffffa4
LK               5742      WRITE                 16		0xaae60 0x0 0x5c 0x0
LK               5830       READ                 24		0x33134 0x4c4b400 0x2710 0xb2934 0x2710 0xffffff9c
LK               5852      WRITE                 16		0xaae60 0x0 0x68 0x0
LK               5940       READ                 24		0x33134 0x4c4b400 0x2710 0xbc4ae 0x2710 0xffffffa8
LK               5962      WRITE                 16		0xaae60 0x0 0x58 0x0
LK               6050       READ                 24		0x33134 0x4c4b400 0x2710 0xc41c8 0x2710 0xfffffff1
LK               6072      WRITE                 16		0x0 0x0 0xf 0x0
LK               6160       READ                 24		0x33134 0x4c4b400 0x2710 0xc5942 0x2710 0xfffffffb
LK               6182      WRITE                 16		0x0 0x0 0x5 0x0
LK               6270       READ                 24		0x33134 0x4c4b400 0x2710 0xc1ea2 0x2710 0x5
LK               6292      WRITE                 16		0x0 0x0 0x0 0x5
LK               6380       READ                 24		0x33134 0x4c4b400 0x2710 0xbf80e 0x2710 0xd
LK               6402      WRITE                 16		0x0 0x0 0x0 0xd
LK               6490       READ                 24		0x33134 0x4c4b400 0x2710 0xbbf07 0x2710 0x18
LK               6512      WRITE                 16		0x0 0x0 0x0 0x18
LK               6600       READ                 24		0x33134 0x4c4b400 0x2710 0xb9054 0x2710 0x21
LK               6622      WRITE                 16		0x0 0x0 0x0 0x21
LK               6710       READ                 24		0x33134 0x4c4b400 0x2710 0xb6ba7 0x2710 0x28
LK               6732      WRITE                 16		0x0 0x0 0x0 0x28
LK               6820       READ                 24		0x33134 0x4c4b400 0x2710 0xb3ea4 0x2710 0x31
LK               6842      WRITE                 16		0x0 0x0 0x0 0x31
LK               6930       READ                 24		0x33134 0x4c4b400 0x2710 0xb128d 0x2710 0x39
LK               6952      WRITE                 16		0x0 0x0 0x0 0x39
LK               7040       READ                 24		0x33134 0x4c4b400 0x2710 0xae75c 0x2710 0x42
LK               7062      WRITE                 16		0x0 0x0 0x0 0x42
LK               7150       READ                 24		0x33134 0x4c4b400 0x2710 0xab4b2 0x2710 0x4c
LK               7172      WRITE                 16		0x0 0x0 0x0 0x4c
LK               7260       READ                 24		0x33134 0x4c4b400 0x2710 0xa939d 0x2710 0x52
LK               7282      WRITE                 16		0x0 0x0 0x0 0x56
LK               7370       READ                 24		0x33134 0x4c4b400 0x2710 0xa6b06 0x2710 0x5a
LK               7392      WRITE                 16		0x0 0x0 0x0 0x5a
LK               7480       READ                 24		0x33134 0x4c4b400 0x2710 0xa3b6c 0x2710 0x64
LK               7502      WRITE                 16		0x0 0x0 0x0 0x64
LK               7590       READ                 24		0x33134 0x4c4b400 0x2710 0xa1c57 0x2710 0x6a
LK               7612      WRITE                 16		0xaae60 0x0 0x0 0x6a
LK               7700       READ                 24		0x33134 0x4c4b400 0x2710 0xa7317 0x2710 0x6a
LK               7722      WRITE                 16		0xaae60 0x0 0x0 0x6a
LK               7810       READ                 24		0x33134 0x4c4b400 0x2710 0xb1318 0x2710 0x0
LK               7832      WRITE                 16		0xaae60 0x0 0x0 0x6a
LK               7920       READ                 24		0x33134 0x4c4b400 0x2710 0xb7bee 0x2710 0xffffffa1
LK               7942      WRITE                 16		0xaae60 0x0 0x5f 0x0
LK               8030       READ                 24		0x33134 0x4c4b400 0x2710 0xc145f 0x2710 0xffffff11
LK               8052      WRITE                 16		0x0 0x0 0xfb 0x0
LK               8140       READ                 24		0x33134 0x4c4b400 0x2710 0xc1445 0x2710 0xfffffefd
LK               8162      WRITE                 16		0x0 0x0 0x103 0x0
LK               8250       READ                 24		0x33134 0x4c4b400 0x2710 0xbdaac 0x2710 0x17
LK               8272      WRITE                 16		0x0 0x0 0x0 0x17
LK               8360       READ                 24		0x33134 0x4c4b400 0x2710 0xbb4d2 0x2710 0xba
LK               8382      WRITE                 16		0x0 0x0 0x0 0xba
LK               8470       READ                 24		0x33134 0x4c4b400 0x2710 0xb864e 0x2710 0xda
LK               8492      WRITE                 16		0x0 0x0 0x0 0xda
LK               8580       READ                 24		0x33134 0x4c4b400 0x2710 0xb58b6 0x2710 0x44
LK               8602      WRITE                 16		0x0 0x0 0x0 0x1c
LK               8690       READ                 24		0x33134 0x4c4b400 0x2710 0xb2c0d 0x2710 0xffffff81
LK               8712      WRITE                 16		0x0 0x0 0x7f 0x0
LK               8800       READ                 24		0x33134 0x4c4b400 0x2710 0xb0052 0x2710 0xffffff7f
LK               8822      WRITE                 16		0x0 0x0 0x81 0x0
LK               8910       READ                 24		0x33134 0x4c4b400 0x2710 0xad57d 0x2710 0xffffffe4
LK               8932      WRITE                 16		0x0 0x0 0x1c 0x0
LK               9020       READ                 24		0x33134 0x4c4b400 0x2710 0xaa341 0x2710 0x41
LK               9042      WRITE                 16		0xaae60 0x0 0x0 0x41
LK               9130       READ                 24		0x33134 0x4c4b400 0x2710 0xab2c5 0x2710 0x50
LK               9152      WRITE                 16		0xaae60 0x0 0x0 0x50
LK               9240       READ                 24		0x33134 0x4c4b400 0x2710 0xb1cb5 0x2710 0x5c
LK               9262      WRITE                 16		0xaae60 0x0 0x0 0x5c
LK               9350       READ                 24		0x33134 0x4c4b400 0x2710 0xbb889 0x2710 0x6f
LK               9372      WRITE                 16		0xaae60 0x0 0x0 0x6f
LK               9460       READ                 24		0x33134 0x4c4b400 0x2710 0xc1d3b 0x2710 0x60
LK               9482      WRITE                 16		0xaae60 0x0 0x0 0x60
LK               9570       READ                 24		0x33134 0x4c4b400 0x2710 0xc977a 0x2710 0x12
LK               9592      WRITE                 16		0x0 0x0 0x0 0x12
LK               9680       READ                 24		0x33134 0x4c4b400 0x2710 0xc69fa 0x2710 0xa
LK               9702      WRITE                 16		0x0 0x0 0x0 0xa
LK               9790       READ                 24		0x33134 0x4c4b400 0x2710 0xc2f07 0x2710 0x1
LK               9812      WRITE                 16		0x0 0x0 0x0 0xa
LK               9900       READ                 24		0x33134 0x4c4b400 0x2710 0xc11ed 0x2710 0xfffffffd
LK               9922      WRITE                 16		0x0 0x0 0x7 0x0
LK              10010       READ                 24		0x33134 0x4c4b400 0x2710 0xbc585 0x2710 0xfffffff1
LK              10032      WRITE                 16		0x0 0x0 0xf 0x0
LK              10120       READ                 24		0x33134 0x4c4b400 0x2710 0xb9ffe 0x2710 0xffffffeb
LK              10142      WRITE                 16		0x0 0x0 0x15 0x0
LK              10230       READ                 24		0x33134 0x4c4b400 0x2710 0xb843c 0x2710 0xffffffe7
LK              10252      WRITE                 16		0x0 0x0 0x1e 0x0
LK              10340       READ                 24		0x33134 0x4c4b400 0x2710 0xb4dbc 0x2710 0xffffffde
LK              10362      WRITE                 16		0x0 0x0 0x22 0x0
LK              10450       READ                 24		0x33134 0x4c4b400 0x2710 0xb1890 0x2710 0xffffffd6
LK              10472      WRITE                 16		0x0 0x0 0x2a 0x0
LK              10560       READ                 24		0x33134 0x4c4b400 0x2710 0xaf5db 0x2710 0x11
LK              10582      WRITE                 16		0x0 0x0 0x0 0x11
LK              10670       READ                 24		0x33134 0x4c4b400 0x2710 0xacb55 0x2710 0x28b
LK              10692      WRITE                 16		0x0 0x0 0x0 0x28b
LK              10780       READ                 24		0x33134 0x4c4b400 0x2710 0xa90be 0x2710 0x525
LK              10802      WRITE                 16		0x0 0x0 0x0 0x525
LK              10890       READ                 24		0x33134 0x4c4b400 0x2710 0xa784a 0x2710 0x599
LK              10912      WRITE                 16		0x0 0x0 0x0 0x599
LK              11000       READ                 24		0x33134 0x4c4b400 0x2710 0x8f82e 0x2710 0xffffe1b0
LK              11022      WRITE                 16		0x0 0x0 0x1f65 0x0
LK              11110       READ                 24		0x33134 0x4c4b400 0x2710 0x8de0b 0x2710 0xffffdf0b
LK              11132      WRITE                 16		0xaae60 0x0 0x20f5 0x0
LK              11220       READ                 24		0x33134 0x4c4b400 0x2710 0x8f03e 0x2710 0xffffeabe
LK              11242      WRITE                 16		0xaae60 0x0 0x1542 0x0
LK              11330       READ                 24		0x33134 0x4c4b400 0x2710 0x90f48 0x2710 0xfffff88a
LK              11352      WRITE                 16		0xaae60 0x0 0x776 0x0
LK              11440       READ                 24		0x33134 0x4c4b400 0x2710 0x95935 0x2710 0xb4a
LK              11462      WRITE                 16		0xaae60 0x0 0x0 0xb4a
LK              11550       READ                 24		0x33134 0x4c4b400 0x2710 0x9fbbe 0x2710 0x1817
LK              11572      WRITE                 16		0xaae60 0x0 0x0 0x1817
LK              11660       READ                 24		0x33134 0x4c4b400 0x2710 0xa54a0 0x2710 0x180c
LK              11682      WRITE                 16		0xaae60 0x0 0x0 0x180c
LK              11770       READ                 24		0x33134 0x4c4b400 0x2710 0xa6578 0x2710 0x138c
LK              11792      WRITE                 16		0xaae60 0x0 0x0 0x138c
LK              11880       READ                 24		0x33134 0x4c4b400 0x2710 0xa7db1 0x2710 0xc7c
LK              11902      WRITE                 16		0xaae60 0x0 0x0 0xc7c
LK              11990       READ                 24		0x33134 0x4c4b400 0x2710 0xadf8f 0x2710 0x93
LK              12012      WRITE                 16		0xaae60 0x0 0x0 0x93
LK              12100       READ                 24		0x33134 0x4c4b400 0x2710 0xb2b66 0x2710 0xfffff839
LK              12122      WRITE                 16		0x0 0x0 0x7c7 0x0
LK              12210       READ                 24		0x33134 0x4c4b400 0x2710 0xb0554 0x2710 0xfffffb02
LK              12232      WRITE                 16		0x0 0x0 0x4fe 0x0
LK              12320       READ                 24		0x33134 0x4c4b400 0x2710 0xabfa6 0x2710 0x6ee
LK              12342      WRITE                 16		0x0 0x0 0x0 0x6ee
LK              12430       READ                 24		0x33134 0x4c4b400 0x2710 0xaae99 0x2710 0xa1c
LK              12452      WRITE                 16		0x0 0x0 0x0 0xa1c
LK              12540       READ                 24		0x33134 0x4c4b400 0x2710 0xa7ec3 0x2710 0x9f2
LK              12562      WRITE                 16		0xaae60 0x0 0x0 0x9f2
LK              12650       READ                 24		0x33134 0x4c4b400 0x2710 0xa928c 0x2710 0x5d9
LK              12672      WRITE                 16		0xaae60 0x0 0x0 0x5d9
LK              12760       READ                 24		0x33134 0x4c4b400 0x2710 0xb2f46 0x2710 0xffffffe4
LK              12782      WRITE                 16		0xaae60 0x0 0x1c 0x0
LK              12870       READ                 24		0x33134 0x4c4b400 0x2710 0xb970e 0x2710 0xfffffd4b
LK              12892      WRITE                 16		0xaae60 0x0 0x2b5 0x0
LK              12980       READ                 24		0x33134 0x4c4b400 0x2710 0xc16a3 0x2710 0xfffffeaf
LK              13002      WRITE                 16		0xaae60 0x0 0x151 0x0
LK              13090       READ                 24		0x33134 0x4c4b400 0x2710 0xc737f 0x2710 0x332
LK              13112      WRITE                 16		0x0 0x0 0x0 0x332
LK              13200       READ                 24		0x33134 0x4c4b400 0x2710 0xc3873 0x2710 0x6e2
LK              13222      WRITE                 16		0x0 0x0 0x0 0x6e2
LK              13310       READ                 24		0x33134 0x4c4b400 0x2710 0xc1a41 0x2710 0x6df
LK              13332      WRITE                 16		0x0 0x0 0x0 0x6df
LK              13420       READ                 24		0x33134 0x4c4b400 0x2710 0xbdd46 0x2710 0x2e1
LK              13442      WRITE                 16		0x0 0x0 0x0 0x2e1
LK              13530       READ                 24		0x33134 0x4c4b400 0x2710 0xbb66a 0x2710 0xffffffad
LK              13552      WRITE                 16		0x0 0x0 0x53 0x0
LK              13640       READ                 24		0x33134 0x4c4b400 0x2710 0xb88a2 0x2710 0xfffffea9
LK              13662      WRITE                 16		0x0 0x0 0x5c 0x0
LK              13750       READ                 24		0x33134 0x4c4b400 0x2710 0xb5337 0x2710 0xdd
LK              13772      WRITE                 16		0x0 0x0 0x0 0xdd
LK              13860       READ                 24		0x33134 0x4c4b400 0x2710 0xb301e 0x2710 0x2b0
LK              13882      WRITE                 16		0x0 0x0 0x0 0x3d0
LK              13970       READ                 24		0x33134 0x4c4b400 0x2710 0xaeaa1 0x2710 0x4a2
LK              13992      WRITE                 16		0x0 0x0 0x0 0x4a2
LK              14080       READ                 24		0x33134 0x4c4b400 0x2710 0xac867 0x2710 0x3e1
LK              14102      WRITE                 16		0x0 0x0 0x0 0x3e1
LK              14190       READ                 24		0x33134 0x4c4b400 0x2710 0xaa732 0x2710 0x2c4
LK              14212      WRITE                 16		0x0 0x0 0x0 0x2c4
LK              14300       READ                 24		0x33134 0x4c4b400 0x2710 0xa7eb7 0x2710 0x1da
LK              14322      WRITE                 16		0x0 0x0 0x0 0x1da
LK              14410       READ                 24		0x33134 0x4c4b400 0x2710 0xa5761 0x2710 0x1ca
LK              14432      WRITE                 16		0x0 0x0 0x0 0x1ca
LK              14542      WRITE                 16		0xaae60 0x0 0x0 0x261
LK              14630       READ                 24		0x33134 0x4c4b400 0x2710 0xa262d 0x2710 0x2f9
LK              14652      WRITE                 16		0xaae60 0x0 0x0 0x2f9
LK              14740       READ                 24		0x33134 0x4c4b400 0x2710 0xaa6b1 0x2710 0x338
LK              14762      WRITE                 16		0xaae60 0x0 0x0 0x338
LK              14850       READ                 24		0x33134 0x4c4b400 0x2710 0xb45a6 0x2710 0x300
LK              14872      WRITE                 16		0xaae60 0x0 0x0 0x300
LK              14960       READ                 24		0x33134 0x4c4b400 0x2710 0xbad65 0x2710 0x2b8
LK              14982      WRITE                 16		0xaae60 0x0 0x0 0x2b8
LK              15070       READ                 24		0x33134 0x4c4b400 0x2710 0xc2b2d 0x2710 0x280
LK              15092      WRITE                 16		0x0 0x0 0x0 0x280
LK              15180       READ                 24		0x33134 0x4c4b400 0x2710 0xc08b8 0x2710 0x274
LK              15202      WRITE                 16		0x0 0x0 0x0 0x271
LK              15290       READ                 24		0x33134 0x4c4b400 0x2710 0xbcf75 0x2710 0x27a
LK              15312      WRITE                 16		0x0 0x0 0x0 0x27a
LK              15400       READ                 24		0x33134 0x4c4b400 0x2710 0xb9714 0x2710 0x2a2
LK              15422      WRITE                 16		0x0 0x0 0x0 0x2a2
LK              15510       READ                 24		0x33134 0x4c4b400 0x2710 0xb691a 0x2710 0x2b5
LK              15532      WRITE                 16		0x0 0x0 0x0 0x2b5
LK              15620       READ                 24		0x33134 0x4c4b400 0x2710 0xb3be9 0x2710 0x2a7
LK              15642      WRITE                 16		0x0 0x0 0x0 0x2a7
LK              15730       READ                 24		0x33134 0x4c4b400 0x2710 0xb187e 0x2710 0x294
LK              15752      WRITE                 16		0x0 0x0 0x0 0x294
LK              15840       READ                 24		0x33134 0x4c4b400 0x2710 0xae451 0x2710 0x281
LK              15862      WRITE                 16		0x0 0x0 0x0 0x281
LK              15950       READ                 24		0x33134 0x4c4b400 0x2710 0xac245 0x2710 0x285
LK              15972      WRITE                 16		0x0 0x0 0x0 0x285
LK              16060       READ                 24		0x33134 0x4c4b400 0x2710 0xa986e 0x2710 0x292
LK              16082      WRITE                 16		0xaae60 0x0 0x0 0x292
LK              16170       READ                 24		0x33134 0x4c4b400 0x2710 0xaecc2 0x2710 0x2a9
LK              16192      WRITE                 16		0xaae60 0x0 0x0 0x2a9
LK              16280       READ                 24		0x33134 0x4c4b400 0x2710 0xb8990 0x2710 0x2dd
LK              16302      WRITE                 16		0xaae60 0x0 0x0 0x2dd
LK              16390       READ                 24		0x33134 0x4c4b400 0x2710 0xbeeea 0x2710 0x2e7
LK              16412      WRITE                 16		0xaae60 0x0 0x0 0x2e7
LK              16500       READ                 24		0x25faa 0x4c4b400 0x2710 0xf98f9 0x2710 0x16e
LK              16522      WRITE                 16		0xaae60 0x0 0x0 0x16e
LK              16610       READ                 24		0x25faa 0x4c4b400 0x2710 0x100564 0x2710 0x1f7
LK              16632      WRITE                 16		0x0 0x0 0x0 0x1f7
LK              16720       READ                 24		0x25faa 0x4c4b400 0x2710 0xfe074 0x2710 0x3a0
LK              16742      WRITE                 16		0x0 0x0 0x0 0x3a0
LK              16830       READ                 24		0x25faa 0x4c4b400 0x2710 0xfc022 0x2710 0x4b5
LK              16852      WRITE                 16		0x0 0x0 0x0 0x4b5
LK              16940       READ                 24		0x25faa 0x4c4b400 0x2710 0xf964a 0x2710 0x465
LK              16962      WRITE                 16		0x0 0x0 0x0 0x465
LK              17050       READ                 24		0x25faa 0x4c4b400 0x2710 0xf634b 0x2710 0x1a3
LK              17072      WRITE                 16		0x0 0x0 0x0 0x1a3
LK              17160       READ                 24		0x25faa 0x4c4b400 0x2710 0xf3a78 0x2710 0xffffff85
LK              17182      WRITE                 16		0x0 0x0 0x7b 0x0
LK              17270       READ                 24		0x25faa 0x4c4b400 0x2710 0xf1bf3 0x2710 0xfffffff6
LK              17292      WRITE                 16		0x0 0x0 0xa 0x0
LK              17380       READ                 24		0x25faa 0x4c4b400 0x2710 0xef6cd 0x2710 0x341
LK              17402      WRITE                 16		0x0 0x0 0x0 0x341
LK              17490       READ                 24		0x25faa 0x4c4b400 0x2710 0xed14c 0x2710 0x636
LK              17512      WRITE                 16		0x0 0x0 0x0 0x636
LK              17600       READ                 24		0x25faa 0x4c4b400 0x2710 0xe99c1 0x2710 0x486
LK              17622      WRITE                 16		0x0 0x0 0x0 0x486
LK              17710       READ                 24		0x25faa 0x4c4b400 0x2710 0xe71c6 0x2710 0x10e
LK              17732      WRITE                 16		0x0 0x0 0x0 0x10e
LK              17820       READ                 24		0x25faa 0x4c4b400 0x2710 0xe5b1a 0x2710 0xffffff79
LK              17842      WRITE                 16		0x0 0x0 0x87 0x0
LK              17930       READ                 24		0x25faa 0x4c4b400 0x2710 0xe383d 0x2710 0x5c
LK              17952      WRITE                 16		0x0 0x0 0x0 0x5c
LK              18040       READ                 24		0x25faa 0x4c4b400 0x2710 0xe0f62 0x2710 0x434
LK              18062      WRITE                 16		0x0 0x0 0x0 0x660
LK              18150       READ                 24		0x25faa 0x4c4b400 0x2710 0xde4d2 0x2710 0x776
LK              18172      WRITE                 16		0x0 0x0 0x0 0x776
LK              18260       READ                 24		0x25faa 0x4c4b400 0x2710 0xdc5d9 0x2710 0x4bc
LK              18282      WRITE                 16		0x0 0x0 0x0 0x4bc
LK              18370       READ                 24		0x25faa 0x4c4b400 0x2710 0xda7c5 0x2710 0x12b
LK              18392      WRITE                 16		0x0 0x0 0x0 0x12b
LK              18480       READ                 24		0x25faa 0x4c4b400 0x2710 0xd7ed6 0x2710 0xfffffec6
LK              18502      WRITE                 16		0x0 0x0 0x13a 0x0
LK              18590       READ                 24		0x25faa 0x4c4b400 0x2710 0xd5f1d 0x2710 0x22
LK              18612      WRITE                 16		0x0 0x0 0x0 0x22
LK              18700       READ                 24		0x25faa 0x4c4b400 0x2710 0xd461e 0x2710 0x350
LK              18722      WRITE                 16		0x0 0x0 0x0 0x350
LK              18810       READ                 24		0x25faa 0x4c4b400 0x2710 0xd33aa 0x2710 0x57c
LK              18832      WRITE                 16		0x0 0x0 0x0 0x57c
LK              18920       READ                 24		0x25faa 0x4c4b400 0x2710 0xd0656 0x2710 0x5ab
LK              18942      WRITE                 16		0x0 0x0 0x0 0x5ab
LK              19030       READ                 24		0x25faa 0x4c4b400 0x2710 0xcd837 0x2710 0x18a
LK              19052      WRITE                 16		0x0 0x0 0x0 0x18a
LK              19140       READ                 24		0x25faa 0x4c4b400 0x2710 0xcbf85 0x2710 0xffffff8b
LK              19162      WRITE                 16		0x0 0x0 0x75 0x0
LK              19250       READ                 24		0x25faa 0x4c4b400 0x2710 0xca843 0x2710 0xfffffff7
LK              19272      WRITE                 16		0x0 0x0 0x9 0x0
LK              19360       READ                 24		0x25faa 0x4c4b400 0x2710 0xc8bcf 0x2710 0x2a2
LK              19382      WRITE                 16		0x0 0x0 0x0 0x2a2
LK              19470       READ                 24		0x25faa 0x4c4b400 0x2710 0xc69cb 0x2710 0x5a5
LK              19492      WRITE                 16		0x0 0x0 0x0 0x5a5
LK              19580       READ                 24		0x25faa 0x4c4b400 0x2710 0xc5289 0x2710 0x600
LK              19602      WRITE                 16		0x0 0x0 0x0 0x600
LK              19690       READ                 24		0x25faa 0x4c4b400 0x2710 0xc346f 0x2710 0x371
LK              19712      WRITE                 16		0x0 0x0 0x0 0x371
LK              19800       READ                 24		0x25faa 0x4c4b400 0x2710 0xc1275 0x2710 0xfffffe59
LK              19822      WRITE                 16		0x0 0x0 0x1a7 0x0
LK              19910       READ                 24		0x25faa 0x4c4b400 0x2710 0xbf7da 0x2710 0xfffff7c6
LK              19932      WRITE                 16		0x0 0x0 0x83a 0x0
LK              20020       READ                 24		0x25faa 0x4c4b400 0x2710 0xbe236 0x2710 0xfffff54a
LK              20042      WRITE                 16		0x0 0x0 0xab6 0x0
LK              20130       READ                 24		0x25faa 0x4c4b400 0x2710 0xbbc46 0x2710 0xfffff926
LK              20152      WRITE                 16		0x0 0x0 0x6da 0x0
LK              20240       READ                 24		0x25faa 0x4c4b400 0x2710 0xb9f1e 0x2710 0xfffffdf4
LK              20262      WRITE                 16		0x0 0x0 0x20c 0x0
LK              20350       READ                 24		0x25faa 0x4c4b400 0x2710 0xb8684 0x2710 0x148
LK              20372      WRITE                 16		0x0 0x0 0x0 0x148
LK              20460       READ                 24		0x25faa 0x4c4b400 0x2710 0xb749a 0x2710 0x85
LK              20482      WRITE                 16		0x0 0x0 0x0 0x85
LK              20570       READ                 24		0x25faa 0x4c4b400 0x2710 0xb5f2f 0x2710 0xfffffd0d
LK              20592      WRITE                 16		0x0 0x0 0x3a3 0x0
LK              20680       READ                 24		0x25faa 0x4c4b400 0x2710 0xb40d4 0x2710 0xfffff974
LK              20702      WRITE                 16		0x0 0x0 0x68c 0x0
LK              20790       READ                 24		0x25faa 0x4c4b400 0x2710 0xb2e92 0x2710 0xfffffa13
LK              20812      WRITE                 16		0x0 0x0 0x5ed 0x0
LK              20900       READ                 24		0x33134 0x4c4b400 0x2710 0xb0e6d 0x2710 0xfffffccc
LK              20922      WRITE                 16		0x0 0x0 0x177 0x0
LK              21010       READ                 24		0x33134 0x4c4b400 0x2710 0xae6b3 0x2710 0xffffff81
LK              21032      WRITE                 16		0x0 0x0 0x7f 0x0
LK              21120       READ                 24		0x33134 0x4c4b400 0x2710 0xac04f 0x2710 0xfffffe97
LK              21142      WRITE                 16		0x0 0x0 0x28e 0x0
LK              21230       READ                 24		0x33134 0x4c4b400 0x2710 0xa9ae3 0x2710 0xfffffc9a
LK              21252      WRITE                 16		0x0 0x0 0x366 0x0
LK              21340       READ                 24		0x33134 0x4c4b400 0x2710 0xa757d 0x2710 0xfffffc21
LK              21362      WRITE                 16		0x0 0x0 0x3df 0x0
LK              21450       READ                 24		0x33134 0x4c4b400 0x2710 0xa50bf 0x2710 0xfffffc97
LK              21472      WRITE                 16		0x0 0x0 0x369 0x0
LK              21560       READ                 24		0x33134 0x4c4b400 0x2710 0xa2f27 0x2710 0xfffffd51
LK              21582      WRITE                 16		0xaae60 0x0 0x2af 0x0
LK              21670       READ                 24		0x33134 0x4c4b400 0x2710 0xa8784 0x2710 0xfffffd67
LK              21692      WRITE                 16		0xaae60 0x0 0x299 0x0
LK              21780       READ                 24		0x33134 0x4c4b400 0x2710 0xaf57d 0x2710 0xfffffd22
LK              21802      WRITE                 16		0xaae60 0x0 0x2de 0x0
LK              21890       READ                 24		0x33134 0x4c4b400 0x2710 0xbb101 0x2710 0xfffffca8
LK              21912      WRITE                 16		0xaae60 0x0 0x358 0x0
LK              22000       READ                 24		0x25faa 0x4c4b400 0x2710 0xe797f 0x2710 0xfffffe23
LK              22022      WRITE                 16		0xaae60 0x0 0x1dd 0x0
LK              22110       READ                 24		0x25faa 0x4c4b400 0x2710 0xed079 0x2710 0xfffffe3a
LK              22132      WRITE                 16		0x0 0x0 0x1c6 0x0
LK              22220       READ                 24		0x25faa 0x4c4b400 0x2710 0xeb4f1 0x2710 0xfffffd4f
LK              22242      WRITE                 16		0x0 0x0 0x3a0 0x0
LK              22330       READ                 24		0x25faa 0x4c4b400 0x2710 0xe7c27 0x2710 0xfffffc26
LK              22352      WRITE                 16		0x0 0x0 0x3da 0x0
LK              22440       READ                 24		0x25faa 0x4c4b400 0x2710 0xe6663 0x2710 0xfffffc66
LK              22462      WRITE                 16		0x0 0x0 0x39a 0x0
LK              22550       READ                 24		0x25faa 0x4c4b400 0x2710 0xe428e 0x2710 0xfffffd42
LK              22572      WRITE                 16		0x0 0x0 0x2be 0x0
LK              22660       READ                 24		0x25faa 0x4c4b400 0x2710 0xe10dd 0x2710 0xfffffdbb
LK              22682      WRITE                 16		0x0 0x0 0x245 0x0
LK              22770       READ                 24		0x25faa 0x4c4b400 0x2710 0xe02c2 0x2710 0xfffffdb5
LK              22792      WRITE                 16		0x0 0x0 0x24b 0x0
LK              22880       READ                 24		0x25faa 0x4c4b400 0x2710 0xddf9f 0x2710 0xfffffd0b
LK              22902      WRITE                 16		0x0 0x0 0x2f5 0x0
LK              22990       READ                 24		0x25faa 0x4c4b400 0x2710 0xdbc25 0x2710 0xfffffc76
LK              23012      WRITE                 16		0x0 0x0 0x38a 0x0
LK              23100       READ                 24		0x25faa 0x4c4b400 0x2710 0xd8369 0x2710 0xfffffcba
LK              23122      WRITE                 16		0x0 0x0 0x346 0x0
LK              23210       READ                 24		0x25faa 0x4c4b400 0x2710 0xd6e49 0x2710 0xfffffd17
LK              23232      WRITE                 16		0x0 0x0 0x2e9 0x0
LK              23320       READ                 24		0x25faa 0x4c4b400 0x2710 0xd5275 0x2710 0xfffffd8b
LK              23342      WRITE                 16		0x0 0x0 0x275 0x0
LK              23430       READ                 24		0x25faa 0x4c4b400 0x2710 0xd3002 0x2710 0xfffffd94
LK              23452      WRITE                 16		0x0 0x0 0x26c 0x0
LK              23540       READ                 24		0x25faa 0x4c4b400 0x2710 0xd14c5 0x2710 0xfffffd4b
LK              23562      WRITE                 16		0x0 0x0 0x2b5 0x0
LK              23650       READ                 24		0x25faa 0x4c4b400 0x2710 0xcec20 0x2710 0xfffffcb9
LK              23672      WRITE                 16		0x0 0x0 0x347 0x0
LK              23760       READ                 24		0x25faa 0x4c4b400 0x2710 0xcc3c4 0x2710 0xfffffc7f
LK              23782      WRITE                 16		0x0 0x0 0x381 0x0
LK              23870       READ                 24		0x25faa 0x4c4b400 0x2710 0xca90d 0x2710 0xfffffcca
LK              23892      WRITE                 16		0x0 0x0 0x336 0x0
LK              23980       READ                 24		0x25faa 0x4c4b400 0x2710 0xc81a3 0x2710 0xfffffd85
LK              24002      WRITE                 16		0x0 0x0 0x27b 0x0
LK              24090       READ                 24		0x25faa 0x4c4b400 0x2710 0xc67ed 0x2710 0xfffffdd4
LK              24112      WRITE                 16		0x0 0x0 0x22c 0x0
LK              24200       READ                 24		0x25faa 0x4c4b400 0x2710 0xc4251 0x2710 0xfffffd5d
LK              24222      WRITE                 16		0x0 0x0 0x2a3 0x0
LK              24310       READ                 24		0x25faa 0x4c4b400 0x2710 0xc2369 0x2710 0xfffffcb4
LK              24332      WRITE                 16		0x0 0x0 0x34c 0x0
LK              24420       READ                 24		0x25faa 0x4c4b400 0x2710 0xc0b04 0x2710 0xfffffc7a
LK              24442      WRITE                 16		0x0 0x0 0x386 0x0
LK              24530       READ                 24		0x25faa 0x4c4b400 0x2710 0xbf2bf 0x2710 0xfffffcae
LK              24552      WRITE                 16		0x0 0x0 0x352 0x0
LK              24640       READ                 24		0x25faa 0x4c4b400 0x2710 0xbcf54 0x2710 0xfffffd5f
LK              24662      WRITE                 16		0x0 0x0 0x2a1 0x0
LK              24750       READ                 24		0x25faa 0x4c4b400 0x2710 0xbb292 0x2710 0xfffffdcb
LK              24772      WRITE                 16		0x0 0x0 0x235 0x0
LK              24860       READ                 24		0x25faa 0x4c4b400 0x2710 0xb9c6a 0x2710 0xfffffdbd
LK              24882      WRITE                 16		0x0 0x0 0x243 0x0
LK              24970       READ                 24		0x25faa 0x4c4b400 0x2710 0xb7bde 0x2710 0xfffffd0f
LK              24992      WRITE                 16		0x0 0x0 0x2f1 0x0
LK              25080       READ                 24		0x25faa 0x4c4b400 0x2710 0xb5c55 0x2710 0xfffffc94
LK              25102      WRITE                 16		0x0 0x0 0x36c 0x0
LK              25190       READ                 24		0x25faa 0x4c4b400 0x2710 0xb4293 0x2710 0xfffffc88
LK              25212      WRITE                 16		0x0 0x0 0x378 0x0
LK              25300       READ                 24		0x25faa 0x4c4b400 0x2710 0xb2eb8 0x2710 0xfffffcee
LK              25322      WRITE                 16		0x0 0x0 0x312 0x0
LK              25410       READ                 24		0x33134 0x4c4b400 0x2710 0xb039f 0x2710 0xfffffe72
LK              25432      WRITE                 16		0x0 0x0 0x18e 0x0
LK              25520       READ                 24		0x33134 0x4c4b400 0x2710 0xad907 0x2710 0x379
LK              25542      WRITE                 16		0x0 0x0 0x0 0x379
LK              25630       READ                 24		0x33134 0x4c4b400 0x2710 0xab6ce 0x2710 0x723
LK              25652      WRITE                 16		0x0 0x0 0x0 0x723
LK              25740       READ                 24		0x33134 0x4c4b400 0x2710 0xa8b18 0x2710 0x744
LK              25762      WRITE                 16		0x0 0x0 0x0 0x744
LK              25850       READ                 24		0x33134 0x4c4b400 0x2710 0xa4f4c 0x2710 0x2f9
LK              25872      WRITE                 16		0x0 0x0 0x0 0x2f9
LK              25960       READ                 24		0x33134 0x4c4b400 0x2710 0xa3e9f 0x2710 0x17c
LK              25982      WRITE                 16		0x0 0x0 0x0 0xdb
LK              26070       READ                 24		0x33134 0x4c4b400 0x2710 0xa1115 0x2710 0xf1
LK              26092      WRITE                 16		0xaae60 0x0 0x0 0x133
LK              26180       READ                 24		0x33134 0x4c4b400 0x2710 0xa834f 0x2710 0x2a3
LK              26202      WRITE                 16		0xaae60 0x0 0x0 0x2a3
LK              26290       READ                 24		0x33134 0x4c4b400 0x2710 0xaee01 0x2710 0x3cc
LK              26312      WRITE                 16		0xaae60 0x0 0x0 0x3cc
LK              26400       READ                 24		0x33134 0x4c4b400 0x2710 0xba4a9 0x2710 0x404
LK              26422      WRITE                 16		0xaae60 0x0 0x0 0x404
LK              26510       READ                 24		0x33134 0x4c4b400 0x2710 0xc0919 0x2710 0x361
LK              26532      WRITE                 16		0xaae60 0x0 0x0 0x32c
LK              26620       READ                 24		0x33134 0x4c4b400 0x2710 0xc4d50 0x2710 0x28f
LK              26642      WRITE                 16		0x0 0x0 0x0 0x28f
LK              26730       READ                 24		0x33134 0x4c4b400 0x2710 0xc1307 0x2710 0x20f
LK              26752      WRITE                 16		0x0 0x0 0x0 0x20f
LK              26840       READ                 24		0x33134 0x4c4b400 0x2710 0xbecb6 0x2710 0x1fd
LK              26862      WRITE                 16		0x0 0x0 0x0 0x1fd
LK              26950       READ                 24		0x33134 0x4c4b400 0x2710 0xbb45a 0x2710 0x289
LK              26972      WRITE                 16		0x0 0x0 0x0 0x2a7
LK              27060       READ                 24		0x33134 0x4c4b400 0x2710 0xb8634 0x2710 0x2f8
LK              27082      WRITE                 16		0x0 0x0 0x0 0x2f8
LK              27170       READ                 24		0x33134 0x4c4b400 0x2710 0xb61dc 0x2710 0x2e5
LK              27192      WRITE                 16		0x0 0x0 0x0 0x2c5
LK              27280       READ                 24		0x33134 0x4c4b400 0x2710 0xb2c9d 0x2710 0x287
LK              27302      WRITE                 16		0x0 0x0 0x0 0x287
LK              27390       READ                 24		0x33134 0x4c4b400 0x2710 0xb09ed 0x2710 0x25f
LK              27412      WRITE                 16		0x0 0x0 0x0 0x25f
LK              27500       READ                 24		0x33134 0x4c4b400 0x2710 0x9ebcb 0x2710 0x3db
LK              27522      WRITE                 16		0x0 0x0 0x0 0x3db
LK              27610       READ                 24		0x33134 0x4c4b400 0x2710 0x9db54 0x2710 0x3af
LK              27632      WRITE                 16		0xaae60 0x0 0x0 0x3af
LK              27720       READ                 24		0x33134 0x4c4b400 0x2710 0xa41f1 0x2710 0x2f5
LK              27742      WRITE                 16		0xaae60 0x0 0x0 0x2f5
LK              27830       READ                 24		0x33134 0x4c4b400 0x2710 0xae367 0x2710 0x234
LK              27852      WRITE                 16		0xaae60 0x0 0x0 0x234
LK              27940       READ                 24		0x33134 0x4c4b400 0x2710 0xb4dc0 0x2710 0x20f
LK              27962      WRITE                 16		0xaae60 0x0 0x0 0x20f
LK              28050       READ                 24		0x33134 0x4c4b400 0x2710 0xbf35f 0x2710 0x2e5
LK              28072      WRITE                 16		0x0 0x0 0x0 0x2e5
LK              28160       READ                 24		0x33134 0x4c4b400 0x2710 0xbbaf7 0x2710 0x30a
LK              28182      WRITE                 16		0x0 0x0 0x0 0x30a
LK              28270       READ                 24		0x33134 0x4c4b400 0x2710 0xb9f1b 0x2710 0x2e3
LK              28292      WRITE                 16		0x0 0x0 0x0 0x2e3
LK              28380       READ                 24		0x33134 0x4c4b400 0x2710 0xb839e 0x2710 0x2b8
LK              28402      WRITE                 16		0x0 0x0 0x0 0x2b8
LK              28490       READ                 24		0x33134 0x4c4b400 0x2710 0xb4dcc 0x2710 0x270
LK              28512      WRITE                 16		0x0 0x0 0x0 0x270
LK              28600       READ                 24		0x33134 0x4c4b400 0x2710 0xb2ab0 0x2710 0x24c
LK              28622      WRITE                 16		0x0 0x0 0x0 0x24c
LK              28710       READ                 24		0x33134 0x4c4b400 0x2710 0xb0838 0x2710 0x259
LK              28732      WRITE                 16		0x0 0x0 0x0 0x259
LK              28820       READ                 24		0x33134 0x4c4b400 0x2710 0xae64a 0x2710 0x283
LK              28842      WRITE                 16		0x0 0x0 0x0 0x283
LK              28930       READ                 24		0x33134 0x4c4b400 0x2710 0xab45e 0x2710 0x2c1
LK              28952      WRITE                 16		0x0 0x0 0x0 0x2c1
LK              29040       READ                 24		0x33134 0x4c4b400 0x2710 0xa8ba9 0x2710 0x2d4
LK              29062      WRITE                 16		0xaae60 0x0 0x0 0x2d4
LK              29150       READ                 24		0x33134 0x4c4b400 0x2710 0xad137 0x2710 0x2a4
LK              29172      WRITE                 16		0xaae60 0x0 0x0 0x2a4
LK              29260       READ                 24		0x33134 0x4c4b400 0x2710 0xb213a 0x2710 0x29f
LK              29282      WRITE                 16		0xaae60 0x0 0x0 0x29f
LK              29370       READ                 24		0x33134 0x4c4b400 0x2710 0xba3d1 0x2710 0x2b3
LK              29392      WRITE                 16		0xaae60 0x0 0x0 0x2b3
LK              29480       READ                 24		0x33134 0x4c4b400 0x2710 0xc3aec 0x2710 0x2d4
LK              29502      WRITE                 16		0xaae60 0x0 0x0 0x2d4
LK              29590       READ                 24		0x33134 0x4c4b400 0x2710 0xc748e 0x2710 0x2e0
LK              29612      WRITE                 16		0x0 0x0 0x0 0x2e0
LK              29700       READ                 24		0x33134 0x4c4b400 0x2710 0xc4d34 0x2710 0x2b8
LK              29722      WRITE                 16		0x0 0x0 0x0 0x2b8
LK              29810       READ                 24		0x33134 0x4c4b400 0x2710 0xc12ba 0x2710 0x25f
LK              29832      WRITE                 16		0x0 0x0 0x0 0x256
LK              29920       READ                 24		0x33134 0x4c4b400 0x2710 0xbe2f3 0x2710 0x24c
LK              29942      WRITE                 16		0x0 0x0 0x0 0x24c
LK              30030       READ                 24		0x33134 0x4c4b400 0x2710 0xbb3c6 0x2710 0x27e
LK              30052      WRITE                 16		0x0 0x0 0x0 0x27e
LK              30140       READ                 24		0x33134 0x4c4b400 0x2710 0xb7317 0x2710 0x2c6
LK              30162      WRITE                 16		0x0 0x0 0x0 0x2c6
LK              30250       READ                 24		0x33134 0x4c4b400 0x2710 0xb69fd 0x2710 0x2cc
LK              30272      WRITE                 16		0x0 0x0 0x0 0x2cc
LK              30360       READ                 24		0x33134 0x4c4b400 0x2710 0xb3ce3 0x2710 0x2d9
LK              30382      WRITE                 16		0x0 0x0 0x0 0x2d9
LK              30470       READ                 24		0x33134 0x4c4b400 0x2710 0xb10c2 0x2710 0x2ab
LK              30492      WRITE                 16		0x0 0x0 0x0 0x2ab
LK              30580       READ                 24		0x33134 0x4c4b400 0x2710 0xae574 0x2710 0x26a
LK              30602      WRITE                 16		0x0 0x0 0x0 0x25d
LK              30690       READ                 24		0x33134 0x4c4b400 0x2710 0xab2c8 0x2710 0x255
LK              30712      WRITE                 16		0x0 0x0 0x0 0x263
LK              30800       READ                 24		0x33134 0x4c4b400 0x2710 0xa7906 0x2710 0x290
LK              30822      WRITE                 16		0x0 0x0 0x0 0x290
LK              30910       READ                 24		0x33134 0x4c4b400 0x2710 0xa58be 0x2710 0x2b3
LK              30932      WRITE                 16		0x0 0x0 0x0 0x2b3
LK              31020       READ                 24		0x33134 0x4c4b400 0x2710 0xa38e9 0x2710 0x2b9
LK              31042      WRITE                 16		0xaae60 0x0 0x0 0x2b9
LK              31130       READ                 24		0x33134 0x4c4b400 0x2710 0xa644e 0x2710 0x2a6
LK              31152      WRITE                 16		0xaae60 0x0 0x0 0x2a6
LK              31240       READ                 24		0x33134 0x4c4b400 0x2710 0xacf74 0x2710 0x2aa
LK              31262      WRITE                 16		0xaae60 0x0 0x0 0x2aa
LK              31350       READ                 24		0x33134 0x4c4b400 0x2710 0xb5307 0x2710 0x2be
LK              31372      WRITE                 16		0xaae60 0x0 0x0 0x2be
LK              31460       READ                 24		0x33134 0x4c4b400 0x2710 0xbd2fa 0x2710 0x2d0
LK              31482      WRITE                 16		0xaae60 0x0 0x0 0x2d0
LK              31570       READ                 24		0x33134 0x4c4b400 0x2710 0xc4ebe 0x2710 0x2d3
LK              31592      WRITE                 16		0x0 0x0 0x0 0x2d3
LK              31680       READ                 24		0x33134 0x4c4b400 0x2710 0xc2137 0x2710 0x2c0
LK              31702      WRITE                 16		0x0 0x0 0x0 0x2c0
LK              31790       READ                 24		0x33134 0x4c4b400 0x2710 0xbf003 0x2710 0x286
LK              31812      WRITE                 16		0x0 0x0 0x0 0x286
LK              31900       READ                 24		0x33134 0x4c4b400 0x2710 0xbb5fb 0x2710 0x262
LK              31922      WRITE                 16		0x0 0x0 0x0 0x262
LK              32010       READ                 24		0x33134 0x4c4b400 0x2710 0xb8ffc 0x2710 0x271
LK              32032      WRITE                 16		0x0 0x0 0x0 0x271
LK              32120       READ                 24		0x33134 0x4c4b400 0x2710 0xb5814 0x2710 0x2a8
LK              32142      WRITE                 16		0x0 0x0 0x0 0x2a8
LK              32230       READ                 24		0x33134 0x4c4b400 0x2710 0xb2a75 0x2710 0x2c3
LK              32252      WRITE                 16		0x0 0x0 0x0 0x2c3
LK              32340       READ                 24		0x33134 0x4c4b400 0x2710 0xaf4e0 0x2710 0x2ad
LK              32362      WRITE                 16		0x0 0x0 0x0 0x2ad
LK              32450       READ                 24		0x33134 0x4c4b400 0x2710 0xada9f 0x2710 0x29b
LK              32472      WRITE                 16		0x0 0x0 0x0 0x297
LK              32560       READ                 24		0x33134 0x4c4b400 0x2710 0xaa704 0x2710 0x289
LK              32582      WRITE                 16		0x0 0x0 0x0 0x289
LK              32670       READ                 24		0x33134 0x4c4b400 0x2710 0xa8565 0x2710 0x28c
LK              32692      WRITE                 16		0x0 0x0 0x0 0x28c
LK              32780       READ                 24		0x33134 0x4c4b400 0x2710 0xa53ff 0x2710 0x2a1
LK              32802      WRITE                 16		0x0 0x0 0x0 0x2a1
LK              32890       READ                 24		0x33134 0x4c4b400 0x2710 0xa33c0 0x2710 0x2b1
LK              32912      WRITE                 16		0x0 0x0 0x0 0x2b1
LK              33000       READ                 24		0x33134 0x4c4b400 0x2710 0x93c70 0x2710 0x287
LK              33022      WRITE                 16		0x0 0x0 0x0 0x283
LK              33110       READ                 24		0x33134 0x4c4b400 0x2710 0x91b92 0x2710 0x27f
LK              33132      WRITE                 16		0xaae60 0x0 0x0 0x27f
LK              33220       READ                 24		0x33134 0x4c4b400 0x2710 0x973db 0x2710 0x291
LK              33242      WRITE                 16		0xaae60 0x0 0x0 0x291
LK              33330       READ                 24		0x33134 0x4c4b400 0x2710 0xa16d6 0x2710 0x2ce
LK              33352      WRITE                 16		0xaae60 0x0 0x0 0x2ce
LK              33440       READ                 24		0x33134 0x4c4b400 0x2710 0xa81d5 0x2710 0x2e9
LK              33462      WRITE                 16		0xaae60 0x0 0x0 0x2e9
LK              33550       READ                 24		0x33134 0x4c4b400 0x2710 0xb1afa 0x2710 0x2da
LK              33572      WRITE                 16		0x0 0x0 0x0 0x2da
LK              33660       READ                 24		0x33134 0x4c4b400 0x2710 0xaf768 0x2710 0x2b5
LK              33682      WRITE                 16		0x0 0x0 0x0 0x2b5
LK              33770       READ                 24		0x33134 0x4c4b400 0x2710 0xacb74 0x2710 0x277
LK              33792      WRITE                 16		0x0 0x0 0x0 0x277
LK              33880       READ                 24		0x33134 0x4c4b400 0x2710 0xa980c 0x2710 0x26c
LK              33902      WRITE                 16		0x0 0x0 0x0 0x26c
LK              33990       READ                 24		0x33134 0x4c4b400 0x2710 0xa7691 0x2710 0x28a
LK              34012      WRITE                 16		0x0 0x0 0x0 0x28a
LK              34100       READ                 24		0x33134 0x4c4b400 0x2710 0xa55ae 0x2710 0x2b0
LK              34122      WRITE                 16		0xaae60 0x0 0x0 0x2b9
LK              34210       READ                 24		0x33134 0x4c4b400 0x2710 0xa8f56 0x2710 0x2be
LK              34232      WRITE                 16		0xaae60 0x0 0x0 0x2c2
LK              34320       READ                 24		0x33134 0x4c4b400 0x2710 0xb2dc1 0x2710 0x2d7
LK              34342      WRITE                 16		0xaae60 0x0 0x0 0x2d7
LK              34430       READ                 24		0x33134 0x4c4b400 0x2710 0xbae2f 0x2710 0x2d9
LK              34452      WRITE                 16		0xaae60 0x0 0x0 0x2d9
LK              34540       READ                 24		0x33134 0x4c4b400 0x2710 0xc2a9c 0x2710 0x2cb
LK              34562      WRITE                 16		0x0 0x0 0x0 0x2cb
LK              34650       READ                 24		0x33134 0x4c4b400 0x2710 0xc3735 0x2710 0x2b9
LK              34672      WRITE                 16		0x0 0x0 0x0 0x2b9
LK              34760       READ                 24		0x33134 0x4c4b400 0x2710 0xc0f42 0x2710 0x28a
LK              34782      WRITE                 16		0x0 0x0 0x0 0x28a
LK              34870       READ                 24		0x33134 0x4c4b400 0x2710 0xbd45a 0x2710 0x262
LK              34892      WRITE                 16		0x0 0x0 0x0 0x262
LK              34980       READ                 24		0x33134 0x4c4b400 0x2710 0xba42f 0x2710 0x276
LK              35002      WRITE                 16		0x0 0x0 0x0 0x276
LK              35090       READ                 24		0x33134 0x4c4b400 0x2710 0xb7e69 0x2710 0x299
LK              35112      WRITE                 16		0x0 0x0 0x0 0x299
LK              35200       READ                 24		0x33134 0x4c4b400 0x2710 0xb4fff 0x2710 0x2ad
LK              35222      WRITE                 16		0x0 0x0 0x0 0x2ad
LK              35310       READ                 24		0x33134 0x4c4b400 0x2710 0xb19ab 0x2710 0x2a5
LK              35332      WRITE                 16		0x0 0x0 0x0 0x2a5
LK              35420       READ                 24		0x33134 0x4c4b400 0x2710 0xaf638 0x2710 0x291
LK              35442      WRITE                 16		0x0 0x0 0x0 0x291
LK              35530       READ                 24		0x33134 0x4c4b400 0x2710 0xac23d 0x2710 0x27e
LK              35552      WRITE                 16		0x0 0x0 0x0 0x27e
LK              35640       READ                 24		0x33134 0x4c4b400 0x2710 0xaa069 0x2710 0x27d
LK              35662      WRITE                 16		0x0 0x0 0x0 0x27d
LK              35750       READ                 24		0x33134 0x4c4b400 0x2710 0xa6eb9 0x2710 0x291
LK              35772      WRITE                 16		0x0 0x0 0x0 0x291
LK              35860       READ                 24		0x33134 0x4c4b400 0x2710 0xa4e64 0x2710 0x2a0
LK              35882      WRITE                 16		0x0 0x0 0x0 0x2a0
LK              35970       READ                 24		0x33134 0x4c4b400 0x2710 0xa26b0 0x2710 0x2a1
LK              35992      WRITE                 16		0x0 0x0 0x0 0x2a1
LK              36080       READ                 24		0x33134 0x4c4b400 0x2710 0x9ffe7 0x2710 0x29b
LK              36102      WRITE                 16		0xaae60 0x0 0x0 0x29b
LK              36190       READ                 24		0x33134 0x4c4b400 0x2710 0xa71b7 0x2710 0x29c
LK              36212      WRITE                 16		0xaae60 0x0 0x0 0x29c
LK              36300       READ                 24		0x33134 0x4c4b400 0x2710 0xb2b78 0x2710 0x1a7
LK              36322      WRITE                 16		0xaae60 0x0 0x0 0x1a7
LK              36410       READ                 24		0x33134 0x4c4b400 0x2710 0xb939d 0x2710 0xffffffc8
LK              36432      WRITE                 16		0xaae60 0x0 0x2dd 0x0
LK              36520       READ                 24		0x33134 0x4c4b400 0x2710 0xc2af0 0x2710 0xfffffd23
LK              36542      WRITE                 16		0xaae60 0x0 0x2dd 0x0
LK              36652      WRITE                 16		0x0 0x0 0x0 0x7d0
LK              36740       READ                 24		0x25faa 0x4c4b400 0x2710 0x105729 0x2710 0x3a39
LK              36762      WRITE                 16		0x0 0x0 0x0 0x7d0
LK              36850       READ                 24		0x25faa 0x4c4b400 0x2710 0x10689d 0x2710 0x3c95
LK              36872      WRITE                 16		0x0 0x0 0x0 0x7d0
LK              36982      WRITE                 16		0x0 0x0 0x0 0x7d0
LK              37092      WRITE                 16		0x0 0x0 0x0 0x7d0
LK              37202      WRITE                 16		0x0 0x0 0x0 0x7d0
LK              37312      WRITE                 16		0x0 0x0 0x0 0x7d0
LK              37422      WRITE                 16		0x0 0x0 0x0 0x7d0
LK              37510       READ                 24		0x25faa 0x4c4b400 0x2710 0x1079fe 0x2710 0x3efd
LK              37532      WRITE                 16		0x0 0x0 0x0 0x7d0
LK              37642      WRITE                 16		0x0 0x0 0x0 0x7d0
LK              37752      WRITE                 16		0x0 0x0 0x0 0x7d0
LK              37840       READ                 24		0x25faa 0x4c4b400 0x2710 0x106118 0x2710 0x424b
LK              37862      WRITE                 16		0x0 0x0 0x0 0x7d0
LK              37950       READ                 24		0x25faa 0x4c4b400 0x2710 0x104e8c 0x2710 0x424d
LK              37972      WRITE                 16		0x0 0x0 0x0 0x7d0
LK              38060       READ                 24		0x25faa 0x4c4b400 0x2710 0xfff8e 0x2710 0x4058
LK              38082      WRITE                 16		0x0 0x0 0x0 0x7d0
LK              38170       READ                 24		0x25faa 0x4c4b400 0x2710 0xfced8 0x2710 0x3c82
LK              38192      WRITE                 16		0x0 0x0 0x0 0x7d0
LK              38280       READ                 24		0x25faa 0x4c4b400 0x2710 0xf97dd 0x2710 0x3741
LK              38302      WRITE                 16		0x0 0x0 0x0 0x7d0
LK              38390       READ                 24		0x25faa 0x4c4b400 0x2710 0xf3866 0x2710 0x2c18
LK              38412      WRITE                 16		0x0 0x0 0x0 0x7d0
LK              38500       READ                 24		0x25faa 0x4c4b400 0x2710 0x70998 0x2710 0xffff6a6c
LK              38522      WRITE                 16		0x0 0x0 0x7d0 0x0
LK              38610       READ                 24		0x33134 0x4c4b400 0x2710 0x557fa 0x2710 0xffff47e1
LK              38632      WRITE                 16		0xaae60 0x0 0x7d0 0x0
LK              38720       READ                 24		0x33134 0x4c4b400 0x2710 0x47012 0x2710 0xffff2e12
LK              38742      WRITE                 16		0xaae60 0x0 0x7d0 0x0
LK              38830       READ                 24		0x33134 0x4c4b400 0x2710 0x3fa4a 0x2710 0xffff0749
LK              38852      WRITE                 16		0xaae60 0x0 0x7d0 0x0
LK              38940       READ                 24		0x33134 0x4c4b400 0x2710 0x41993 0x2710 0xfffefcc3
LK              38962      WRITE                 16		0xaae60 0x0 0x7d0 0x0
LK              39050       READ                 24		0x33134 0x4c4b400 0x2710 0x49707 0x2710 0xffff56ad
LK              39072      WRITE                 16		0xaae60 0x0 0x7d0 0x0
LK              39160       READ                 24		0x33134 0x4c4b400 0x2710 0x505ff 0x2710 0xffff4e35
LK              39182      WRITE                 16		0xaae60 0x0 0x7d0 0x0
LK              39270       READ                 24		0x33134 0x4c4b400 0x2710 0x59f85 0x2710 0xffff44cd
LK              39292      WRITE                 16		0xaae60 0x0 0x7d0 0x0
LK              39380       READ                 24		0x33134 0x4c4b400 0x2710 0x6407f 0x2710 0xffff3ae4
LK              39402      WRITE                 16		0xaae60 0x0 0x7d0 0x0
LK              39490       READ                 24		0x33134 0x4c4b400 0x2710 0x6eb7a 0x2710 0xffff2f6e
LK              39512      WRITE                 16		0xaae60 0x0 0x7d0 0x0
LK              39600       READ                 24		0x33134 0x4c4b400 0x2710 0x77a21 0x2710 0xffff24e2
LK              39622      WRITE                 16		0xaae60 0x0 0x7d0 0x0
LK              39710       READ                 24		0x33134 0x4c4b400 0x2710 0x809de 0x2710 0xffff1957
LK              39732      WRITE                 16		0xaae60 0x0 0x7d0 0x0
LK              39820       READ                 24		0x33134 0x4c4b400 0x2710 0x8d0d9 0x2710 0xffff0605
LK              39842      WRITE                 16		0xaae60 0x0 0x7d0 0x0
LK              39930       READ                 24		0x33134 0x4c4b400 0x2710 0x9056a 0x2710 0xfffeff8d
LK              39952      WRITE                 16		0xaae60 0x0 0x7d0 0x0
LK              40040       READ                 24		0x33134 0x4c4b400 0x2710 0x7121 0x2710 0xffff01ee
LK              40062      WRITE                 16		0xaae60 0x0 0x7d0 0x0
LK              40150       READ                 24		0x33134 0x4c4b400 0x2710 0x757c 0x2710 0xffff08a1
LK              40172      WRITE                 16		0xaae60 0x0 0x7d0 0x0
LK              40260       READ                 24		0x33134 0x4c4b400 0x2710 0xffff91f1 0x2710 0xffff10a8
LK              40282      WRITE                 16		0xaae60 0x0 0x7d0 0x0
LK              40370       READ                 24		0x33134 0x4c4b400 0x2710 0xffff6fa1 0x2710 0xffff1e33
LK              40392      WRITE                 16		0xaae60 0x0 0x7d0 0x0
LK              40480       READ                 24		0x33134 0x4c4b400 0x2710 0xffff6aa1 0x2710 0xffff2d26
LK              40502      WRITE                 16		0xaae60 0x0 0x7d0 0x0
LK              40590       READ                 24		0x33134 0x4c4b400 0x2710 0xffffb2e4 0x2710 0xffff3b3f
LK              40612      WRITE                 16		0xaae60 0x0 0x7d0 0x0
LK              40700       READ                 24		0x33134 0x4c4b400 0x2710 0xffffb9ff 0x2710 0xffff4482
LK              40722      WRITE                 16		0xaae60 0x0 0x7d0 0x0
LK              40810       READ                 24		0x33134 0x4c4b400 0x2710 0xffffdd20 0x2710 0xffff4fba
LK              40832      WRITE                 16		0xaae60 0x0 0x7d0 0x0
LK              40920       READ                 24		0x33134 0x4c4b400 0x2710 0xffffea19 0x2710 0xffff577d
LK              40942      WRITE                 16		0xaae60 0x0 0x7d0 0x0
LK              41030       READ                 24		0x33134 0x4c4b400 0x2710 0xfffffee9 0x2710 0xffff5b2a
LK              41052      WRITE                 16		0xaae60 0x0 0x7d0 0x0
LK              41140       READ                 24		0x33134 0x4c4b400 0x2710 0x675 0x2710 0xffff5bd0
LK              41162      WRITE                 16		0xaae60 0x0 0x7d0 0x0
LK              41250       READ                 24		0x33134 0x4c4b400 0x2710 0x10e3 0x2710 0xffff5997
LK              41272      WRITE                 16		0xaae60 0x0 0x7d0 0x0
LK              41360       READ                 24		0x33134 0x4c4b400 0x2710 0x1e8b 0x2710 0xffff55db
LK              41382      WRITE                 16		0xaae60 0x0 0x7d0 0x0
LK              41470       READ                 24		0x33134 0x4c4b400 0x2710 0x2745 0x2710 0xffff4f03
LK              41492      WRITE                 16		0xaae60 0x0 0x7d0 0x0
LK              41580       READ                 24		0x33134 0x4c4b400 0x2710 0x302e 0x2710 0xffff494b
LK              41602      WRITE                 16		0xaae60 0x0 0x7d0 0x0
LK              41690       READ                 24		0x33134 0x4c4b400 0x2710 0x3701 0x2710 0xffff4333
LK              41712      WRITE                 16		0xaae60 0x0 0x7d0 0x0
LK              41800       READ                 24		0x33134 0x4c4b400 0x2710 0x3a99 0x2710 0xffff3880
LK              41822      WRITE                 16		0xaae60 0x0 0x7d0 0x0
LK              41910       READ                 24		0x33134 0x4c4b400 0x2710 0x3963 0x2710 0xffff3223
LK              41932      WRITE                 16		0xaae60 0x0 0x7d0 0x0
LK              42020       READ                 24		0x33134 0x4c4b400 0x2710 0x3174 0x2710 0xffff2acc
LK              42042      WRITE                 16		0xaae60 0x0 0x7d0 0x0
LK              42130       READ                 24		0x33134 0x4c4b400 0x2710 0x350d 0x2710 0xffff2752
LK              42152      WRITE                 16		0xaae60 0x0 0x7d0 0x0
LK              42240       READ                 24		0x33134 0x4c4b400 0x2710 0x3e8a 0x2710 0xffff1fd9
LK              42262      WRITE                 16		0xaae60 0x0 0x7d0 0x0
LK              42350       READ                 24		0x33134 0x4c4b400 0x2710 0x4041 0x2710 0xffff1aee
LK              42372      WRITE                 16		0xaae60 0x0 0x7d0 0x0
LK              42460       READ                 24		0x33134 0x4c4b400 0x2710 0x4058 0x2710 0xffff1507
LK              42482      WRITE                 16		0xaae60 0x0 0x7d0 0x0
LK              42570       READ                 24		0x33134 0x4c4b400 0x2710 0xffffc23e 0x2710 0xffff0f6f
LK              42592      WRITE                 16		0xaae60 0x0 0x7d0 0x0
LK              42680       READ                 24		0x33134 0x4c4b400 0x2710 0xffffcfda 0x2710 0xffff095b
LK              42702      WRITE                 16		0xaae60 0x0 0x7d0 0x0
LK              42790       READ                 24		0x33134 0x4c4b400 0x2710 0xffffd76c 0x2710 0xffff0559
LK              42812      WRITE                 16		0xaae60 0x0 0x7d0 0x0
LK              42900       READ                 24		0x33134 0x4c4b400 0x2710 0xffffe056 0x2710 0xffff01e4
LK              42922      WRITE                 16		0xaae60 0x0 0x7d0 0x0
LK              43032      WRITE                 16		0xaae60 0x0 0x7d0 0x0
LK              43120       READ                 24		0x33134 0x4c4b400 0x2710 0xfffff62d 0x2710 0xfffefd52
LK              43142      WRITE                 16		0xaae60 0x0 0x7d0 0x0
LK              43230       READ                 24		0x33134 0x4c4b400 0x2710 0xfffffca0 0x2710 0xfffefca2
LK              43252      WRITE                 16		0xaae60 0x0 0x7d0 0x0
LK              43340       READ                 24		0x33134 0x4c4b400 0x2710 0x392 0x2710 0xfffefc7d
LK              43362      WRITE                 16		0xaae60 0x0 0x7d0 0x0
LK              43450       READ                 24		0x33134 0x4c4b400 0x2710 0x7a0 0x2710 0xfffefcda
LK              43472      WRITE                 16		0xaae60 0x0 0x7d0 0x0
LK              43560       READ                 24		0x33134 0x4c4b400 0x2710 0xebc 0x2710 0xfffefdb7
LK              43582      WRITE                 16		0xaae60 0x0 0x7d0 0x0
LK              43670       READ                 24		0x33134 0x4c4b400 0x2710 0xfe8 0x2710 0xfffefeec
LK              43692      WRITE                 16		0xaae60 0x0 0x7d0 0x0
LK              43780       READ                 24		0x33134 0x4c4b400 0x2710 0x11dd 0x2710 0xffff000f
LK              43802      WRITE                 16		0xaae60 0x0 0x7d0 0x0
LK              43890       READ                 24		0x33134 0x4c4b400 0x2710 0x12d7 0x2710 0xffff01a8
LK              43912      WRITE                 16		0xaae60 0x0 0x7d0 0x0
LK              44000       READ                 24		0x33134 0x4c4b400 0x2710 0xfffffdbb 0x2710 0xffff0aa9
LK              44022      WRITE                 16		0xaae60 0x0 0x7d0 0x0
LK              44110       READ                 24		0x33134 0x4c4b400 0x2710 0xfffffe80 0x2710 0xffff0a45
LK              44132      WRITE                 16		0xaae60 0x0 0x7d0 0x0
LK              44220       READ                 24		0x33134 0x4c4b400 0x2710 0x5c8 0x2710 0xffff0a3d
LK              44242      WRITE                 16		0xaae60 0x0 0x7d0 0x0
LK              44330       READ                 24		0x33134 0x4c4b400 0x2710 0x660 0x2710 0xffff0a63
LK              44352      WRITE                 16		0xaae60 0x0 0x7d0 0x0
LK              44440       READ                 24		0x33134 0x4c4b400 0x2710 0x6d6 0x2710 0xffff0a90
LK              44462      WRITE                 16		0xaae60 0x0 0x7d0 0x0
LK              44550       READ                 24		0x33134 0x4c4b400 0x2710 0x2eb 0x2710 0xffff0ad7
LK              44572      WRITE                 16		0xaae60 0x0 0x7d0 0x0
LK              44660       READ                 24		0x33134 0x4c4b400 0x2710 0x260 0x2710 0xffff0b00
LK              44682      WRITE                 16		0xaae60 0x0 0x7d0 0x0
LK              44770       READ                 24		0x33134 0x4c4b400 0x2710 0x50d 0x2710 0xffff0b27
LK              44792      WRITE                 16		0xaae60 0x0 0x7d0 0x0
LK              44880       READ                 24		0x33134 0x4c4b400 0x2710 0x465 0x2710 0xffff0b32
LK              44902      WRITE                 16		0xaae60 0x0 0x7d0 0x0
LK              44990       READ                 24		0x33134 0x4c4b400 0x2710 0x37 0x2710 0xffff0b34
LK              45012      WRITE                 16		0xaae60 0x0 0x7d0 0x0
LK              45100       READ                 24		0x33134 0x4c4b400 0x2710 0x1c9 0x2710 0xffff0b2e
LK              45122      WRITE                 16		0xaae60 0x0 0x7d0 0x0
LK              45210       READ                 24		0x33134 0x4c4b400 0x2710 0x3e3 0x2710 0xffff0b2b
LK              45232      WRITE                 16		0xaae60 0x0 0x7d0 0x0
LK              45320       READ                 24		0x33134 0x4c4b400 0x2710 0x24a 0x2710 0xffff0b27
LK              45342      WRITE                 16		0xaae60 0x0 0x7d0 0x0
LK              45430       READ                 24		0x33134 0x4c4b400 0x2710 0x4b 0x2710 0xffff0b25
LK              45452      WRITE                 16		0xaae60 0x0 0x7d0 0x0
LK              45540       READ                 24		0x33134 0x4c4b400 0x2710 0xff 0x2710 0xffff0b24
LK              45562      WRITE                 16		0xaae60 0x0 0x7d0 0x0
LK              45650       READ                 24		0x33134 0x4c4b400 0x2710 0x47c 0x2710 0xffff0b25
LK              45672      WRITE                 16		0xaae60 0x0 0x7d0 0x0
