ECU0: LK, ECU0: CC, ECU0: POWER, ECU0: BRAKE, ECU0: LOCAL, ECU0: SENSING
0, ECU0: LK, 1
100, ECU0: LK, 0
100, ECU0: CC, 1
150, ECU0: POWER, 1
150, ECU0: CC, 0
250, ECU0: POWER, 0
250, ECU0: BRAKE, 1
350, ECU0: BRAKE, 0
350, ECU0: LOCAL, 1
450, ECU0: LOCAL, 0
450, ECU0: SENSING, 1
500, ECU0: LK, 1
550, ECU0: SENSING, 0
600, ECU0: LK, 0
600, ECU0: CC, 1
650, ECU0: POWER, 1
650, ECU0: CC, 0
750, ECU0: POWER, 0
750, ECU0: BRAKE, 1
850, ECU0: BRAKE, 0
850, ECU0: LOCAL, 1
950, ECU0: LOCAL, 0
950, ECU0: SENSING, 1
1000, ECU0: LK, 1
1050, ECU0: SENSING, 0
1100, ECU0: LK, 0
1100, ECU0: CC, 1
1150, ECU0: POWER, 1
1150, ECU0: CC, 0
1250, ECU0: POWER, 0
1250, ECU0: BRAKE, 1
1350, ECU0: BRAKE, 0
1350, ECU0: LOCAL, 1
1450, ECU0: LOCAL, 0
1450, ECU0: SENSING, 1
1500, ECU0: LK, 1
1550, ECU0: SENSING, 0
1600, ECU0: LK, 0
1600, ECU0: CC, 1
1650, ECU0: POWER, 1
1650, ECU0: CC, 0
1750, ECU0: POWER, 0
1750, ECU0: BRAKE, 1
1850, ECU0: BRAKE, 0
1850, ECU0: LOCAL, 1
1950, ECU0: LOCAL, 0
1950, ECU0: SENSING, 1
2000, ECU0: LK, 1
2050, ECU0: SENSING, 0
2100, ECU0: LK, 0
2100, ECU0: CC, 1
2150, ECU0: POWER, 1
2150, ECU0: CC, 0
2250, ECU0: POWER, 0
2250, ECU0: BRAKE, 1
2350, ECU0: BRAKE, 0
2350, ECU0: LOCAL, 1
2450, ECU0: LOCAL, 0
2450, ECU0: SENSING, 1
2500, ECU0: LK, 1
2550, ECU0: SENSING, 0
2600, ECU0: LK, 0
2600, ECU0: CC, 1
2650, ECU0: POWER, 1
2650, ECU0: CC, 0
2750, ECU0: POWER, 0
2750, ECU0: BRAKE, 1
2850, ECU0: BRAKE, 0
2850, ECU0: LOCAL, 1
2950, ECU0: LOCAL, 0
2950, ECU0: SENSING, 1
3000, ECU0: LK, 1
3050, ECU0: SENSING, 0
3100, ECU0: LK, 0
3100, ECU0: CC, 1
3150, ECU0: POWER, 1
3150, ECU0: CC, 0
3250, ECU0: POWER, 0
3250, ECU0: BRAKE, 1
3350, ECU0: BRAKE, 0
3350, ECU0: LOCAL, 1
3450, ECU0: LOCAL, 0
3450, ECU0: SENSING, 1
3500, ECU0: LK, 1
3550, ECU0: SENSING, 0
3600, ECU0: LK, 0
3600, ECU0: CC, 1
3650, ECU0: POWER, 1
3650, ECU0: CC, 0
3750, ECU0: POWER, 0
3750, ECU0: BRAKE, 1
3850, ECU0: BRAKE, 0
3850, ECU0: LOCAL, 1
3950, ECU0: LOCAL, 0
3950, ECU0: SENSING, 1
4000, ECU0: LK, 1
4050, ECU0: SENSING, 0
4100, ECU0: LK, 0
4100, ECU0: CC, 1
4150, ECU0: POWER, 1
4150, ECU0: CC, 0
4250, ECU0: POWER, 0
4250, ECU0: BRAKE, 1
4350, ECU0: BRAKE, 0
4350, ECU0: LOCAL, 1
4450, ECU0: LOCAL, 0
4450, ECU0: SENSING, 1
4500, ECU0: LK, 1
4550, ECU0: SENSING, 0
4600, ECU0: LK, 0
4600, ECU0: CC, 1
4650, ECU0: POWER, 1
4650, ECU0: CC, 0
4750, ECU0: POWER, 0
4750, ECU0: BRAKE, 1
4850, ECU0: BRAKE, 0
4850, ECU0: LOCAL, 1
4950, ECU0: LOCAL, 0
4950, ECU0: SENSING, 1
5000, ECU0: LK, 1
5050, ECU0: SENSING, 0
5100, ECU0: LK, 0
5100, ECU0: CC, 1
5150, ECU0: POWER, 1
5150, ECU0: CC, 0
5250, ECU0: POWER, 0
5250, ECU0: BRAKE, 1
5350, ECU0: BRAKE, 0
5350, ECU0: LOCAL, 1
5450, ECU0: LOCAL, 0
5450, ECU0: SENSING, 1
5500, ECU0: LK, 1
5550, ECU0: SENSING, 0
5600, ECU0: LK, 0
5600, ECU0: CC, 1
5650, ECU0: POWER, 1
5650, ECU0: CC, 0
5750, ECU0: POWER, 0
5750, ECU0: BRAKE, 1
5850, ECU0: BRAKE, 0
5850, ECU0: LOCAL, 1
5950, ECU0: LOCAL, 0
5950, ECU0: SENSING, 1
6000, ECU0: LK, 1
6050, ECU0: SENSING, 0
6100, ECU0: LK, 0
6100, ECU0: CC, 1
6150, ECU0: POWER, 1
6150, ECU0: CC, 0
6250, ECU0: POWER, 0
6250, ECU0: BRAKE, 1
6350, ECU0: BRAKE, 0
6350, ECU0: LOCAL, 1
6450, ECU0: LOCAL, 0
6450, ECU0: SENSING, 1
6500, ECU0: LK, 1
6550, ECU0: SENSING, 0
6600, ECU0: LK, 0
6600, ECU0: CC, 1
6650, ECU0: POWER, 1
6650, ECU0: CC, 0
6750, ECU0: POWER, 0
6750, ECU0: BRAKE, 1
6850, ECU0: BRAKE, 0
6850, ECU0: LOCAL, 1
6950, ECU0: LOCAL, 0
6950, ECU0: SENSING, 1
7000, ECU0: LK, 1
7050, ECU0: SENSING, 0
7100, ECU0: LK, 0
7100, ECU0: CC, 1
7150, ECU0: POWER, 1
7150, ECU0: CC, 0
7250, ECU0: POWER, 0
7250, ECU0: BRAKE, 1
7350, ECU0: BRAKE, 0
7350, ECU0: LOCAL, 1
7450, ECU0: LOCAL, 0
7450, ECU0: SENSING, 1
7500, ECU0: LK, 1
7550, ECU0: SENSING, 0
7600, ECU0: LK, 0
7600, ECU0: CC, 1
7650, ECU0: POWER, 1
7650, ECU0: CC, 0
7750, ECU0: POWER, 0
7750, ECU0: BRAKE, 1
7850, ECU0: BRAKE, 0
7850, ECU0: LOCAL, 1
7950, ECU0: LOCAL, 0
7950, ECU0: SENSING, 1
8000, ECU0: LK, 1
8050, ECU0: SENSING, 0
8100, ECU0: LK, 0
8100, ECU0: CC, 1
8150, ECU0: POWER, 1
8150, ECU0: CC, 0
8250, ECU0: POWER, 0
8250, ECU0: BRAKE, 1
8350, ECU0: BRAKE, 0
8350, ECU0: LOCAL, 1
8450, ECU0: LOCAL, 0
8450, ECU0: SENSING, 1
8500, ECU0: LK, 1
8550, ECU0: SENSING, 0
8600, ECU0: LK, 0
8600, ECU0: CC, 1
8650, ECU0: POWER, 1
8650, ECU0: CC, 0
8750, ECU0: POWER, 0
8750, ECU0: BRAKE, 1
8850, ECU0: BRAKE, 0
8850, ECU0: LOCAL, 1
8950, ECU0: LOCAL, 0
8950, ECU0: SENSING, 1
9000, ECU0: LK, 1
9050, ECU0: SENSING, 0
9100, ECU0: LK, 0
9100, ECU0: CC, 1
9150, ECU0: POWER, 1
9150, ECU0: CC, 0
9250, ECU0: POWER, 0
9250, ECU0: BRAKE, 1
9350, ECU0: BRAKE, 0
9350, ECU0: LOCAL, 1
9450, ECU0: LOCAL, 0
9450, ECU0: SENSING, 1
9500, ECU0: LK, 1
9550, ECU0: SENSING, 0
9600, ECU0: LK, 0
9600, ECU0: CC, 1
9650, ECU0: POWER, 1
9650, ECU0: CC, 0
9750, ECU0: POWER, 0
9750, ECU0: BRAKE, 1
9850, ECU0: BRAKE, 0
9850, ECU0: LOCAL, 1
9950, ECU0: LOCAL, 0
9950, ECU0: SENSING, 1
10000, ECU0: LK, 1
10050, ECU0: SENSING, 0
10100, ECU0: LK, 0
10100, ECU0: CC, 1
10150, ECU0: POWER, 1
10150, ECU0: CC, 0
10250, ECU0: POWER, 0
10250, ECU0: BRAKE, 1
10350, ECU0: BRAKE, 0
10350, ECU0: LOCAL, 1
10450, ECU0: LOCAL, 0
10450, ECU0: SENSING, 1
10500, ECU0: LK, 1
10550, ECU0: SENSING, 0
10600, ECU0: LK, 0
10600, ECU0: CC, 1
10650, ECU0: POWER, 1
10650, ECU0: CC, 0
10750, ECU0: POWER, 0
10750, ECU0: BRAKE, 1
10850, ECU0: BRAKE, 0
10850, ECU0: LOCAL, 1
10950, ECU0: LOCAL, 0
10950, ECU0: SENSING, 1
11000, ECU0: LK, 1
11050, ECU0: SENSING, 0
11100, ECU0: LK, 0
11100, ECU0: CC, 1
11150, ECU0: POWER, 1
11150, ECU0: CC, 0
11250, ECU0: POWER, 0
11250, ECU0: BRAKE, 1
11350, ECU0: BRAKE, 0
11350, ECU0: LOCAL, 1
11450, ECU0: LOCAL, 0
11450, ECU0: SENSING, 1
11500, ECU0: LK, 1
11550, ECU0: SENSING, 0
11600, ECU0: LK, 0
11600, ECU0: CC, 1
11650, ECU0: POWER, 1
11650, ECU0: CC, 0
11750, ECU0: POWER, 0
11750, ECU0: BRAKE, 1
11850, ECU0: BRAKE, 0
11850, ECU0: LOCAL, 1
11950, ECU0: LOCAL, 0
11950, ECU0: SENSING, 1
12000, ECU0: LK, 1
12050, ECU0: SENSING, 0
12100, ECU0: LK, 0
12100, ECU0: CC, 1
12150, ECU0: POWER, 1
12150, ECU0: CC, 0
12250, ECU0: POWER, 0
12250, ECU0: BRAKE, 1
12350, ECU0: BRAKE, 0
12350, ECU0: LOCAL, 1
12450, ECU0: LOCAL, 0
12450, ECU0: SENSING, 1
12500, ECU0: LK, 1
12550, ECU0: SENSING, 0
12600, ECU0: LK, 0
12600, ECU0: CC, 1
12650, ECU0: POWER, 1
12650, ECU0: CC, 0
12750, ECU0: POWER, 0
12750, ECU0: BRAKE, 1
12850, ECU0: BRAKE, 0
12850, ECU0: LOCAL, 1
12950, ECU0: LOCAL, 0
12950, ECU0: SENSING, 1
13000, ECU0: LK, 1
13050, ECU0: SENSING, 0
13100, ECU0: LK, 0
13100, ECU0: CC, 1
13150, ECU0: POWER, 1
13150, ECU0: CC, 0
13250, ECU0: POWER, 0
13250, ECU0: BRAKE, 1
13350, ECU0: BRAKE, 0
13350, ECU0: LOCAL, 1
13450, ECU0: LOCAL, 0
13450, ECU0: SENSING, 1
13500, ECU0: LK, 1
13550, ECU0: SENSING, 0
13600, ECU0: LK, 0
13600, ECU0: CC, 1
13650, ECU0: POWER, 1
13650, ECU0: CC, 0
13750, ECU0: POWER, 0
13750, ECU0: BRAKE, 1
13850, ECU0: BRAKE, 0
13850, ECU0: LOCAL, 1
13950, ECU0: LOCAL, 0
13950, ECU0: SENSING, 1
14000, ECU0: LK, 1
14050, ECU0: SENSING, 0
14100, ECU0: LK, 0
14100, ECU0: CC, 1
14150, ECU0: POWER, 1
14150, ECU0: CC, 0
14250, ECU0: POWER, 0
14250, ECU0: BRAKE, 1
14350, ECU0: BRAKE, 0
14350, ECU0: LOCAL, 1
14450, ECU0: LOCAL, 0
14450, ECU0: SENSING, 1
14500, ECU0: LK, 1
14550, ECU0: SENSING, 0
14600, ECU0: LK, 0
