The system is: Windows - 10.0.18362 - AMD64
Compiling the C compiler identification source file "CMakeCCompilerId.c" succeeded.
Compiler: F:/Program Files (x86)/Microsoft Visual Studio/2019/Community/VC/Tools/MSVC/14.24.28314/bin/HostX64/x64/cl.exe 
Build flags: 
Id flags:  

The output was:
0
Microsoft (R) C/C++ 최적화 컴파일러 버전 19.24.28316(x64)
Copyright (c) Microsoft Corporation. All rights reserved.

CMakeCCompilerId.c
Microsoft (R) Incremental Linker Version 14.24.28316.0
Copyright (C) Microsoft Corporation.  All rights reserved.

/out:CMakeCCompilerId.exe 
CMakeCCompilerId.obj 


Compilation of the C compiler identification source "CMakeCCompilerId.c" produced "CMakeCCompilerId.exe"

Compilation of the C compiler identification source "CMakeCCompilerId.c" produced "CMakeCCompilerId.obj"

The C compiler identification is MSVC, found in "C:/Users/RUBIS/Documents/GitHub/Re-implemented-CPSim/CPSim/out/build/x64-Debug/CMakeFiles/3.15.19101501-MSVC_2/CompilerIdC/CMakeCCompilerId.exe"

Compiling the CXX compiler identification source file "CMakeCXXCompilerId.cpp" succeeded.
Compiler: F:/Program Files (x86)/Microsoft Visual Studio/2019/Community/VC/Tools/MSVC/14.24.28314/bin/HostX64/x64/cl.exe 
Build flags: 
Id flags:  

The output was:
0
Microsoft (R) C/C++ 최적화 컴파일러 버전 19.24.28316(x64)
Copyright (c) Microsoft Corporation. All rights reserved.

CMakeCXXCompilerId.cpp
Microsoft (R) Incremental Linker Version 14.24.28316.0
Copyright (C) Microsoft Corporation.  All rights reserved.

/out:CMakeCXXCompilerId.exe 
CMakeCXXCompilerId.obj 


Compilation of the CXX compiler identification source "CMakeCXXCompilerId.cpp" produced "CMakeCXXCompilerId.exe"

Compilation of the CXX compiler identification source "CMakeCXXCompilerId.cpp" produced "CMakeCXXCompilerId.obj"

The CXX compiler identification is MSVC, found in "C:/Users/RUBIS/Documents/GitHub/Re-implemented-CPSim/CPSim/out/build/x64-Debug/CMakeFiles/3.15.19101501-MSVC_2/CompilerIdCXX/CMakeCXXCompilerId.exe"

Determining if the C compiler works passed with the following output:
Change Dir: C:/Users/RUBIS/Documents/GitHub/Re-implemented-CPSim/CPSim/out/build/x64-Debug/CMakeFiles/CMakeTmp

Run Build Command(s):F:/Program Files (x86)/Microsoft Visual Studio/2019/Community/Common7/IDE/CommonExtensions/Microsoft/CMake/Ninja/ninja.exe cmTC_e6e61 && [1/2] Building C object CMakeFiles\cmTC_e6e61.dir\testCCompiler.c.obj
[2/2] Linking C executable cmTC_e6e61.exe



Detecting C compiler ABI info compiled with the following output:
Change Dir: C:/Users/RUBIS/Documents/GitHub/Re-implemented-CPSim/CPSim/out/build/x64-Debug/CMakeFiles/CMakeTmp

Run Build Command(s):F:/Program Files (x86)/Microsoft Visual Studio/2019/Community/Common7/IDE/CommonExtensions/Microsoft/CMake/Ninja/ninja.exe cmTC_ed5b2 && [1/2] Building C object CMakeFiles\cmTC_ed5b2.dir\CMakeCCompilerABI.c.obj
[2/2] Linking C executable cmTC_ed5b2.exe



Determining if the CXX compiler works passed with the following output:
Change Dir: C:/Users/RUBIS/Documents/GitHub/Re-implemented-CPSim/CPSim/out/build/x64-Debug/CMakeFiles/CMakeTmp

Run Build Command(s):F:/Program Files (x86)/Microsoft Visual Studio/2019/Community/Common7/IDE/CommonExtensions/Microsoft/CMake/Ninja/ninja.exe cmTC_c6219 && [1/2] Building CXX object CMakeFiles\cmTC_c6219.dir\testCXXCompiler.cxx.obj
[2/2] Linking CXX executable cmTC_c6219.exe



Detecting CXX compiler ABI info compiled with the following output:
Change Dir: C:/Users/RUBIS/Documents/GitHub/Re-implemented-CPSim/CPSim/out/build/x64-Debug/CMakeFiles/CMakeTmp

Run Build Command(s):F:/Program Files (x86)/Microsoft Visual Studio/2019/Community/Common7/IDE/CommonExtensions/Microsoft/CMake/Ninja/ninja.exe cmTC_148de && [1/2] Building CXX object CMakeFiles\cmTC_148de.dir\CMakeCXXCompilerABI.cpp.obj
[2/2] Linking CXX executable cmTC_148de.exe



